2024-11-06 17:37:47,608 [INFO] Activator:176 - 


2024-11-06 17:37:47,610 [INFO] Activator:177 - !SESSION log4j initialized
2024-11-06 17:37:49,362 [INFO] LogOutputStream:77 - [STDOUT_REDIRECT] 
2024-11-06 17:37:51,236 [INFO] ApplicationProperties:184 - Using Application install path: /opt/st/stm32cubeide_1.16.1_2/plugins/com.st.stm32cube.common.mx_6.12.1.202409122256
2024-11-06 17:37:51,265 [INFO] DbMcusXml:78 - Set database path to: /opt/st/stm32cubeide_1.16.1_2/plugins/com.st.stm32cube.common.mx_6.12.1.202409122256//db//mcu/
2024-11-06 17:37:51,266 [INFO] ApiDb:274 - Set plugin database path to: /opt/st/stm32cubeide_1.16.1_2/plugins/com.st.stm32cube.common.mx_6.12.1.202409122256//db//plugins/boardmanager/
2024-11-06 17:37:51,266 [WARN] ApiDb:259 - Overriding images path with different value:  => /opt/st/stm32cubeide_1.16.1_2/plugins/com.st.stm32cube.common.mx_6.12.1.202409122256//db//plugins/mcufinder/images/
2024-11-06 17:37:51,275 [INFO] ApiDb:250 - Set database path to: /home/marcos/.stmcufinder/plugins/mcufinder//mcu/
2024-11-06 17:37:51,277 [INFO] DbMcusAds:125 - Set database path to: /home/marcos/.stmcufinder/plugins/mcufinder//mcu/
2024-11-06 17:37:51,280 [INFO] CrossReferenceDbSqlite:203 - Set database path to: /home/marcos/.stmcufinder/plugins/mcufinder//mcu/cs/
2024-11-06 17:37:51,409 [INFO] RulesReader:64 - Compatibility file has been processed (297 Rules)
2024-11-06 17:37:51,457 [INFO] DbMcusXml:78 - Set database path to: /opt/st/stm32cubeide_1.16.1_2/plugins/com.st.stm32cube.common.mx_6.12.1.202409122256//db//mcu/
2024-11-06 17:37:51,457 [INFO] ApiDb:274 - Set plugin database path to: /opt/st/stm32cubeide_1.16.1_2/plugins/com.st.stm32cube.common.mx_6.12.1.202409122256//db//plugins/boardmanager/
2024-11-06 17:37:51,457 [INFO] ApiDb:261 - Set plugin images path to: /opt/st/stm32cubeide_1.16.1_2/plugins/com.st.stm32cube.common.mx_6.12.1.202409122256//db//plugins/mcufinder/images/
2024-11-06 17:37:51,457 [WARN] DbFile:41 - Overriding database path with different value: /home/marcos/.stmcufinder/plugins/mcufinder/ => /home/marcos/.stmcufinder/plugins/mcufinder
2024-11-06 17:37:51,457 [INFO] ApiDb:250 - Set database path to: /home/marcos/.stmcufinder/plugins/mcufinder//mcu/
2024-11-06 17:37:51,458 [WARN] DbFile:41 - Overriding database path with different value: /home/marcos/.stmcufinder/plugins/mcufinder/ => /home/marcos/.stmcufinder/plugins/mcufinder
2024-11-06 17:37:51,458 [INFO] DbMcusAds:125 - Set database path to: /home/marcos/.stmcufinder/plugins/mcufinder//mcu/
2024-11-06 17:37:51,458 [WARN] DbFile:41 - Overriding database path with different value: /home/marcos/.stmcufinder/plugins/mcufinder/ => /home/marcos/.stmcufinder/plugins/mcufinder
2024-11-06 17:37:51,458 [WARN] DbFile:41 - Overriding database path with different value: /home/marcos/.stmcufinder/plugins/mcufinder/ => /home/marcos/.stmcufinder/plugins/mcufinder
2024-11-06 17:37:51,458 [INFO] CrossReferenceDbSqlite:203 - Set database path to: /home/marcos/.stmcufinder/plugins/mcufinder//mcu/cs/
2024-11-06 17:37:51,517 [INFO] MainPanel:268 - HeapMemory: 268435456
2024-11-06 17:37:51,646 [INFO] DbMcusXml:78 - Set database path to: /opt/st/stm32cubeide_1.16.1_2/plugins/com.st.stm32cube.common.mx_6.12.1.202409122256//db//mcu/
2024-11-06 17:37:51,646 [INFO] ApiDb:274 - Set plugin database path to: /opt/st/stm32cubeide_1.16.1_2/plugins/com.st.stm32cube.common.mx_6.12.1.202409122256//db//plugins/boardmanager/
2024-11-06 17:37:51,646 [INFO] ApiDb:261 - Set plugin images path to: /opt/st/stm32cubeide_1.16.1_2/plugins/com.st.stm32cube.common.mx_6.12.1.202409122256//db//plugins/mcufinder/images/
2024-11-06 17:37:51,647 [WARN] DbFile:41 - Overriding database path with different value: /home/marcos/.stmcufinder/plugins/mcufinder/ => /home/marcos/.stmcufinder/plugins/mcufinder
2024-11-06 17:37:51,647 [INFO] ApiDb:250 - Set database path to: /home/marcos/.stmcufinder/plugins/mcufinder//mcu/
2024-11-06 17:37:51,647 [WARN] DbFile:41 - Overriding database path with different value: /home/marcos/.stmcufinder/plugins/mcufinder/ => /home/marcos/.stmcufinder/plugins/mcufinder
2024-11-06 17:37:51,647 [INFO] DbMcusAds:125 - Set database path to: /home/marcos/.stmcufinder/plugins/mcufinder//mcu/
2024-11-06 17:37:51,647 [WARN] DbFile:41 - Overriding database path with different value: /home/marcos/.stmcufinder/plugins/mcufinder/ => /home/marcos/.stmcufinder/plugins/mcufinder
2024-11-06 17:37:51,647 [WARN] DbFile:41 - Overriding database path with different value: /home/marcos/.stmcufinder/plugins/mcufinder/ => /home/marcos/.stmcufinder/plugins/mcufinder
2024-11-06 17:37:51,647 [INFO] CrossReferenceDbSqlite:203 - Set database path to: /home/marcos/.stmcufinder/plugins/mcufinder//mcu/cs/
2024-11-06 17:37:51,658 [INFO] ApplicationProperties:184 - Using Application install path: /opt/st/stm32cubeide_1.16.1_2/plugins/com.st.stm32cube.common.mx_6.12.1.202409122256
2024-11-06 17:37:51,660 [INFO] PluginManage:196 - Search for loadable plugins [exclusion list=, ]
2024-11-06 17:37:51,661 [INFO] PluginManage:310 - Check plugin analytics
2024-11-06 17:37:51,783 [INFO] AnalyticsPlugin:253 - Accepted Software Licenses: 
2024-11-06 17:37:51,783 [INFO] AnalyticsPlugin:255 - Accepted CMSIS Pack Licenses: 
2024-11-06 17:37:51,783 [INFO] AnalyticsPlugin:257 - Accepted Firmware Licenses: 
2024-11-06 17:37:51,785 [INFO] PluginManage:359 - Loaded plugin analytics (category:tool,tabindex:-1)
2024-11-06 17:37:51,786 [INFO] PluginManage:310 - Check plugin cadmodel
2024-11-06 17:37:51,792 [INFO] CADModel:105 - Init CAD model plugin
2024-11-06 17:37:51,793 [INFO] PluginManage:359 - Loaded plugin cadmodel (category:power,tabindex:5)
2024-11-06 17:37:51,793 [INFO] PluginManage:310 - Check plugin clock
2024-11-06 17:37:51,800 [INFO] PluginManage:359 - Loaded plugin clock (category:base,tabindex:2)
2024-11-06 17:37:51,801 [INFO] PluginManage:310 - Check plugin ddr
2024-11-06 17:37:51,802 [INFO] PluginManage:359 - Loaded plugin ddr (category:tool,tabindex:6)
2024-11-06 17:37:51,803 [INFO] PluginManage:310 - Check plugin filemanager
2024-11-06 17:37:51,916 [INFO] PluginManage:359 - Loaded plugin filemanager (category:base,tabindex:10)
2024-11-06 17:37:51,916 [INFO] PluginManage:310 - Check plugin ipmanager
2024-11-06 17:37:51,921 [INFO] PluginManage:359 - Loaded plugin ipmanager (category:base,tabindex:5)
2024-11-06 17:37:51,921 [INFO] PluginManage:310 - Check plugin lpbam
2024-11-06 17:37:51,930 [INFO] PluginManage:359 - Loaded plugin lpbam (category:base,tabindex:0)
2024-11-06 17:37:51,930 [INFO] PluginManage:310 - Check plugin memorymap
2024-11-06 17:37:51,940 [INFO] PluginManage:359 - Loaded plugin memorymap (category:base,tabindex:4)
2024-11-06 17:37:51,940 [INFO] PluginManage:310 - Check plugin pinoutandconfiguration
2024-11-06 17:37:51,948 [INFO] PluginManage:359 - Loaded plugin pinoutandconfiguration (category:base,tabindex:1)
2024-11-06 17:37:51,948 [INFO] PluginManage:310 - Check plugin pinoutconfig
2024-11-06 17:37:52,018 [WARN] SupportedApi:132 - Cannot load RTOS API schema: s4s-elt-must-match.1: The content of 'definitions' must match (annotation?, (simpleType | complexType)?, (unique | key | keyref)*)). A problem was found starting at: attribute.
2024-11-06 17:37:52,146 [INFO] PluginManage:359 - Loaded plugin pinoutconfig (category:base,tabindex:0)
2024-11-06 17:37:52,146 [INFO] PluginManage:310 - Check plugin power
2024-11-06 17:37:52,155 [INFO] PluginManage:359 - Loaded plugin power (category:power,tabindex:4)
2024-11-06 17:37:52,155 [INFO] PluginManage:310 - Check plugin projectmanager
2024-11-06 17:37:52,169 [INFO] PluginManage:359 - Loaded plugin projectmanager (category:projectmanager,tabindex:4)
2024-11-06 17:37:52,169 [INFO] PluginManage:310 - Check plugin rif
2024-11-06 17:37:52,175 [INFO] PluginManage:359 - Loaded plugin rif (category:base,tabindex:3)
2024-11-06 17:37:52,175 [INFO] PluginManage:310 - Check plugin thirdparty
2024-11-06 17:37:52,289 [INFO] PluginManage:359 - Loaded plugin thirdparty (category:base,tabindex:-1)
2024-11-06 17:37:52,289 [INFO] PluginManage:310 - Check plugin tools
2024-11-06 17:37:52,290 [WARN] IntegrityCheckThread:84 - waiting for thirdparty lock release [integrity check]
2024-11-06 17:37:52,290 [INFO] IntegrityCheckThread:86 - entering critical section [integrity check]
2024-11-06 17:37:52,291 [INFO] ThirdPartyUpdaterWithRetryManager:70 - Updater plugin not ready yet. [1/15]
2024-11-06 17:37:52,294 [INFO] PluginManage:359 - Loaded plugin tools (category:base,tabindex:7)
2024-11-06 17:37:52,294 [INFO] PluginManage:310 - Check plugin tutovideos
2024-11-06 17:37:52,556 [INFO] PluginManage:359 - Loaded plugin tutovideos (category:base,tabindex:-1)
2024-11-06 17:37:52,556 [INFO] PluginManage:310 - Check plugin updater
2024-11-06 17:37:52,574 [INFO] PluginManage:359 - Loaded plugin updater (category:base,tabindex:12)
2024-11-06 17:37:52,574 [INFO] PluginManage:310 - Check plugin userauth
2024-11-06 17:37:52,581 [INFO] UserAuth:113 - Init User Auth plugin
2024-11-06 17:37:52,581 [INFO] PluginManage:359 - Loaded plugin userauth (category:base,tabindex:14)
2024-11-06 17:37:52,581 [INFO] PluginManage:283 - PluginManage : Loaded plugins [18]
2024-11-06 17:37:52,817 [INFO] PinOutPanel:1561 - setPackage(No Configuration,No Configuration)
2024-11-06 17:37:52,915 [INFO] CADModel:165 - CPN selected for project level
2024-11-06 17:37:52,916 [INFO] CADModel:114 - Register for checkConnection events
2024-11-06 17:37:52,931 [INFO] IPUIPlugin:80 - create IPUIPlugin
2024-11-06 17:37:52,931 [INFO] PluginManager:220 - loadIPPluginJar : add pdm2pcm
2024-11-06 17:37:52,933 [INFO] IPUIPlugin:80 - create IPUIPlugin
2024-11-06 17:37:52,934 [INFO] PluginManager:220 - loadIPPluginJar : add ucpd
2024-11-06 17:37:52,936 [INFO] IPUIPlugin:80 - create IPUIPlugin
2024-11-06 17:37:52,936 [INFO] PluginManager:220 - loadIPPluginJar : add lorawan
2024-11-06 17:37:52,939 [INFO] IPUIPlugin:80 - create IPUIPlugin
2024-11-06 17:37:52,939 [INFO] PluginManager:220 - loadIPPluginJar : add sai
2024-11-06 17:37:52,942 [INFO] IPUIPlugin:80 - create IPUIPlugin
2024-11-06 17:37:52,942 [INFO] PluginManager:220 - loadIPPluginJar : add openamp
2024-11-06 17:37:52,965 [INFO] IPUIPlugin:80 - create IPUIPlugin
2024-11-06 17:37:52,966 [INFO] PluginManager:220 - loadIPPluginJar : add touchsensing
2024-11-06 17:37:52,968 [INFO] IPUIPlugin:80 - create IPUIPlugin
2024-11-06 17:37:52,968 [INFO] PluginManager:220 - loadIPPluginJar : add i3c
2024-11-06 17:37:52,980 [INFO] IPUIPlugin:80 - create IPUIPlugin
2024-11-06 17:37:52,981 [INFO] PluginManager:220 - loadIPPluginJar : add usbx
2024-11-06 17:37:52,983 [INFO] IPUIPlugin:80 - create IPUIPlugin
2024-11-06 17:37:52,983 [INFO] PluginManager:220 - loadIPPluginJar : add gfxmmu
2024-11-06 17:37:52,989 [INFO] IPUIPlugin:80 - create IPUIPlugin
2024-11-06 17:37:52,989 [INFO] PluginManager:220 - loadIPPluginJar : add adc
2024-11-06 17:37:52,992 [INFO] IPUIPlugin:80 - create IPUIPlugin
2024-11-06 17:37:52,992 [INFO] PluginManager:220 - loadIPPluginJar : add dfsdm
2024-11-06 17:37:52,994 [INFO] IPUIPlugin:80 - create IPUIPlugin
2024-11-06 17:37:52,995 [INFO] PluginManager:220 - loadIPPluginJar : add genericplugin
2024-11-06 17:37:53,006 [INFO] IPUIPlugin:80 - create IPUIPlugin
2024-11-06 17:37:53,006 [INFO] PluginManager:220 - loadIPPluginJar : add tim
2024-11-06 17:37:53,010 [INFO] IPUIPlugin:80 - create IPUIPlugin
2024-11-06 17:37:53,011 [INFO] PluginManager:220 - loadIPPluginJar : add dma
2024-11-06 17:37:53,013 [INFO] IPUIPlugin:80 - create IPUIPlugin
2024-11-06 17:37:53,013 [INFO] PluginManager:220 - loadIPPluginJar : add aes
2024-11-06 17:37:53,018 [INFO] IPUIPlugin:80 - create IPUIPlugin
2024-11-06 17:37:53,020 [INFO] PluginManager:220 - loadIPPluginJar : add plateformsettings
2024-11-06 17:37:53,022 [INFO] IPUIPlugin:80 - create IPUIPlugin
2024-11-06 17:37:53,022 [INFO] PluginManager:220 - loadIPPluginJar : add gtzc
2024-11-06 17:37:53,026 [INFO] IPUIPlugin:80 - create IPUIPlugin
2024-11-06 17:37:53,026 [INFO] PluginManager:220 - loadIPPluginJar : add stm32_wpan
2024-11-06 17:37:53,028 [INFO] IPUIPlugin:80 - create IPUIPlugin
2024-11-06 17:37:53,029 [INFO] PluginManager:220 - loadIPPluginJar : add hash
2024-11-06 17:37:53,036 [INFO] IPUIPlugin:80 - create IPUIPlugin
2024-11-06 17:37:53,036 [INFO] PluginManager:220 - loadIPPluginJar : add linkedlist
2024-11-06 17:37:53,038 [INFO] IPUIPlugin:80 - create IPUIPlugin
2024-11-06 17:37:53,038 [INFO] PluginManager:220 - loadIPPluginJar : add ipddr
2024-11-06 17:37:53,040 [INFO] IPUIPlugin:80 - create IPUIPlugin
2024-11-06 17:37:53,040 [INFO] PluginManager:220 - loadIPPluginJar : add spi
2024-11-06 17:37:53,044 [INFO] IPUIPlugin:80 - create IPUIPlugin
2024-11-06 17:37:53,044 [INFO] PluginManager:220 - loadIPPluginJar : add gpio
2024-11-06 17:37:53,045 [INFO] IPUIPlugin:80 - create IPUIPlugin
2024-11-06 17:37:53,045 [INFO] PluginManager:220 - loadIPPluginJar : add quadspi
2024-11-06 17:37:53,047 [INFO] IPUIPlugin:80 - create IPUIPlugin
2024-11-06 17:37:53,047 [INFO] PluginManager:220 - loadIPPluginJar : add ltdc
2024-11-06 17:37:53,049 [INFO] IPUIPlugin:80 - create IPUIPlugin
2024-11-06 17:37:53,049 [INFO] PluginManager:220 - loadIPPluginJar : add extmemmanager
2024-11-06 17:37:53,052 [INFO] IPUIPlugin:80 - create IPUIPlugin
2024-11-06 17:37:53,052 [INFO] PluginManager:220 - loadIPPluginJar : add usart
2024-11-06 17:37:53,056 [INFO] IPUIPlugin:80 - create IPUIPlugin
2024-11-06 17:37:53,056 [INFO] PluginManager:220 - loadIPPluginJar : add nvic
2024-11-06 17:37:53,057 [INFO] IPUIPlugin:80 - create IPUIPlugin
2024-11-06 17:37:53,058 [INFO] PluginManager:220 - loadIPPluginJar : add radio
2024-11-06 17:37:53,060 [INFO] IPUIPlugin:80 - create IPUIPlugin
2024-11-06 17:37:53,060 [INFO] PluginManager:220 - loadIPPluginJar : add opamp
2024-11-06 17:37:53,062 [INFO] IPUIPlugin:80 - create IPUIPlugin
2024-11-06 17:37:53,062 [INFO] PluginManager:220 - loadIPPluginJar : add cryp
2024-11-06 17:37:53,066 [INFO] IPUIPlugin:80 - create IPUIPlugin
2024-11-06 17:37:53,066 [INFO] PluginManager:220 - loadIPPluginJar : add gic
2024-11-06 17:37:53,069 [INFO] IPUIPlugin:80 - create IPUIPlugin
2024-11-06 17:37:53,069 [INFO] PluginManager:220 - loadIPPluginJar : add ddr_ctrl_phy
2024-11-06 17:37:53,071 [INFO] IPUIPlugin:80 - create IPUIPlugin
2024-11-06 17:37:53,071 [INFO] PluginManager:220 - loadIPPluginJar : add dma3
2024-11-06 17:37:53,076 [INFO] IPUIPlugin:80 - create IPUIPlugin
2024-11-06 17:37:53,076 [INFO] PluginManager:220 - loadIPPluginJar : add freertos
2024-11-06 17:37:53,077 [INFO] IPUIPlugin:80 - create IPUIPlugin
2024-11-06 17:37:53,078 [INFO] PluginManager:220 - loadIPPluginJar : add fatfs
2024-11-06 17:37:53,081 [INFO] IPUIPlugin:80 - create IPUIPlugin
2024-11-06 17:37:53,081 [INFO] PluginManager:220 - loadIPPluginJar : add resmgrutility
2024-11-06 17:37:53,084 [INFO] IPUIPlugin:80 - create IPUIPlugin
2024-11-06 17:37:53,084 [INFO] PluginManager:220 - loadIPPluginJar : add i2s
2024-11-06 17:37:53,085 [INFO] IPUIPlugin:80 - create IPUIPlugin
2024-11-06 17:37:53,086 [INFO] PluginManager:220 - loadIPPluginJar : add comp
2024-11-06 17:37:53,087 [INFO] IPUIPlugin:80 - create IPUIPlugin
2024-11-06 17:37:53,087 [INFO] PluginManager:220 - loadIPPluginJar : add ts
2024-11-06 17:37:53,089 [INFO] IPUIPlugin:80 - create IPUIPlugin
2024-11-06 17:37:53,090 [INFO] PluginManager:220 - loadIPPluginJar : add i2c
2024-11-06 17:37:53,092 [INFO] IPUIPlugin:80 - create IPUIPlugin
2024-11-06 17:37:53,092 [INFO] PluginManager:220 - loadIPPluginJar : add can
2024-11-06 17:37:53,094 [INFO] IPUIPlugin:80 - create IPUIPlugin
2024-11-06 17:37:53,094 [INFO] PluginManager:220 - loadIPPluginJar : add tsc
2024-11-06 17:37:53,097 [INFO] IPUIPlugin:80 - create IPUIPlugin
2024-11-06 17:37:53,098 [INFO] PluginManager:220 - loadIPPluginJar : add fmc
2024-11-06 17:37:53,103 [INFO] IPUIPlugin:80 - create IPUIPlugin
2024-11-06 17:37:53,103 [INFO] PluginManager:220 - loadIPPluginJar : add mdma
2024-11-06 17:37:53,105 [INFO] IPUIPlugin:80 - create IPUIPlugin
2024-11-06 17:37:53,105 [INFO] PluginManager:220 - loadIPPluginJar : add tracer_emb
2024-11-06 17:37:53,203 [INFO] CADModel:165 - CPN selected for project level
2024-11-06 17:37:53,203 [INFO] CADModel:114 - Register for checkConnection events
2024-11-06 17:37:53,204 [FATAL] Updater:334 - Updater called before beeing initialized
2024-11-06 17:37:53,204 [ERROR] CADModel:125 - Updater not yet initialized, retry later 
2024-11-06 17:37:53,314 [INFO] CADModel:165 - CPN selected for project level
2024-11-06 17:37:53,314 [INFO] CADModel:114 - Register for checkConnection events
2024-11-06 17:37:53,314 [FATAL] Updater:334 - Updater called before beeing initialized
2024-11-06 17:37:53,314 [ERROR] CADModel:125 - Updater not yet initialized, retry later 
2024-11-06 17:37:53,316 [FATAL] Updater:334 - Updater called before beeing initialized
2024-11-06 17:37:53,380 [FATAL] Updater:334 - Updater called before beeing initialized
2024-11-06 17:37:53,384 [INFO] DbMcusAds:53 - JSON generation date=Fri Sep 20 10:04:38 BRT 2024 (1726837478367)
2024-11-06 17:37:53,384 [FATAL] Updater:334 - Updater called before beeing initialized
2024-11-06 17:37:53,408 [WARN] DetailPanel:346 - Failed to get advertising image, set to default
2024-11-06 17:37:53,467 [FATAL] Updater:334 - Updater called before beeing initialized
2024-11-06 17:37:53,468 [FATAL] Updater:334 - Updater called before beeing initialized
2024-11-06 17:37:53,468 [FATAL] Updater:334 - Updater called before beeing initialized
2024-11-06 17:37:53,469 [WARN] DetailPanel:346 - Failed to get advertising image, set to default
2024-11-06 17:37:53,469 [FATAL] Updater:334 - Updater called before beeing initialized
2024-11-06 17:37:53,497 [ERROR] Updater:1164 - MainUpdater not yet initialized. External WinMGr cannot be set.
2024-11-06 17:37:53,499 [INFO] Updater:1100 - Updater Version found : 6.12.1
2024-11-06 17:37:53,516 [INFO] ApplicationProperties:184 - Using Application install path: /opt/st/stm32cubeide_1.16.1_2/plugins/com.st.stm32cube.common.mx_6.12.1.202409122256
2024-11-06 17:37:53,741 [INFO] MainUpdater:2873 - connection check result : 10
2024-11-06 17:37:53,743 [INFO] MainUpdater:290 - Updater Check For Update Now.
2024-11-06 17:37:53,743 [INFO] MicroXplorer:498 - Change Database Version : DB.6.0.121
2024-11-06 17:37:53,747 [INFO] McuFinderGlobals:63 - Set McuFinder mode to 2 (CubeIDE integrated)
2024-11-06 17:37:53,748 [INFO] UserAuth:179 - activating auth plugin
2024-11-06 17:37:53,750 [INFO] UserAuth:417 - Internet connection configuration mode: 1
2024-11-06 17:37:53,768 [INFO] JxBrowserEngine:152 - Initiate JxBrowser Engine with user profile folder
2024-11-06 17:37:53,949 [INFO] CheckServerUpdateThread:120 - End of CheckServer Thread
2024-11-06 17:37:54,806 [INFO] WebApp:167 - Instantiating new browser for Auth
2024-11-06 17:37:55,531 [WARN] PackLoader:240 - Cannot read IP mode file for STMicroelectronics.FP-SNS-MOTENVWB1.1.4.0
2024-11-06 17:37:55,544 [WARN] PackLoader:240 - Cannot read IP mode file for STMicroelectronics.X-CUBE-SMBUS.2.1.0
2024-11-06 17:37:55,583 [WARN] PackLoader:240 - Cannot read IP mode file for STMicroelectronics.X-CUBE-AZRTOS-F7.1.1.0
2024-11-06 17:37:55,592 [WARN] PackLoader:240 - Cannot read IP mode file for STMicroelectronics.FP-SNS-FLIGHT1.5.0.2
2024-11-06 17:37:55,601 [WARN] PackLoader:240 - Cannot read IP mode file for STMicroelectronics.X-CUBE-DISPLAY.3.0.0
2024-11-06 17:37:55,614 [WARN] PackLoader:240 - Cannot read IP mode file for STMicroelectronics.X-CUBE-BLE1.7.0.0
2024-11-06 17:37:55,627 [WARN] PackLoader:240 - Cannot read IP mode file for STMicroelectronics.X-CUBE-BLEMGR.3.1.0
2024-11-06 17:37:55,634 [WARN] PackLoader:240 - Cannot read IP mode file for STMicroelectronics.FP-SNS-SMARTAG2.1.2.0
2024-11-06 17:37:55,664 [INFO] LogOutputStream:77 - [STDOUT_REDIRECT] 1 : Invalid condition id : UX_CORESTACK_Condition cause : null
2024-11-06 17:37:55,665 [INFO] LogOutputStream:77 - [STDOUT_REDIRECT] 1 : Invalid condition id : UX_CORESTACK_Condition cause : null
2024-11-06 17:37:55,665 [INFO] LogOutputStream:77 - [STDOUT_REDIRECT] 1 : Invalid condition id : UX_CORESTACK_Condition cause : null
2024-11-06 17:37:55,665 [INFO] LogOutputStream:77 - [STDOUT_REDIRECT] 1 : Invalid condition id : UX_CORESTACK_Condition cause : null
2024-11-06 17:37:55,666 [INFO] LogOutputStream:77 - [STDOUT_REDIRECT] 1 : Invalid condition id : UX_CORESTACK_Condition cause : null
2024-11-06 17:37:55,688 [WARN] PackLoader:240 - Cannot read IP mode file for STMicroelectronics.X-CUBE-AZRTOS-WL.2.0.0
2024-11-06 17:37:55,698 [WARN] PackLoader:240 - Cannot read IP mode file for STMicroelectronics.FP-SNS-MOTENV1.5.0.0
2024-11-06 17:37:55,721 [WARN] PackLoader:240 - Cannot read IP mode file for wolfSSL.I-CUBE-wolfMQTT.1.19.0
2024-11-06 17:37:55,737 [WARN] PackLoader:240 - Cannot read IP mode file for STMicroelectronics.X-CUBE-BLE2.3.3.0
2024-11-06 17:37:55,745 [WARN] PackLoader:240 - Cannot read IP mode file for STMicroelectronics.X-CUBE-TCPP.4.1.0
2024-11-06 17:37:55,767 [WARN] PackLoader:240 - Cannot read IP mode file for STMicroelectronics.X-CUBE-AZRTOS-G0.1.1.0
2024-11-06 17:37:55,782 [WARN] PackLoader:240 - Cannot read IP mode file for STMicroelectronics.X-CUBE-SAFEA1.1.2.2
2024-11-06 17:37:55,788 [WARN] PackLoader:240 - Cannot read IP mode file for STMicroelectronics.X-CUBE-NFC4.3.0.0
2024-11-06 17:37:55,796 [WARN] PackLoader:240 - Cannot read IP mode file for STMicroelectronics.FP-ATR-SIGFOX1.3.2.0
2024-11-06 17:37:55,801 [WARN] PackLoader:240 - Cannot read IP mode file for STMicroelectronics.X-CUBE-EEPRMA1.5.1.0
2024-11-06 17:37:55,837 [WARN] PackLoader:240 - Cannot read IP mode file for SEGGER.I-CUBE-embOS.1.3.1
2024-11-06 17:37:55,964 [WARN] PackLoader:240 - Cannot read IP mode file for STMicroelectronics.X-CUBE-ALGOBUILD.1.4.0
2024-11-06 17:37:56,027 [WARN] PackLoader:240 - Cannot read IP mode file for STMicroelectronics.X-CUBE-AZRTOS-F4.1.1.0
2024-11-06 17:37:56,078 [WARN] PackLoader:240 - Cannot read IP mode file for STMicroelectronics.X-CUBE-FREERTOS.1.2.0
2024-11-06 17:37:56,094 [WARN] PackLoader:240 - Cannot read IP mode file for STMicroelectronics.X-CUBE-AZRTOS-L5.2.0.0
2024-11-06 17:37:56,102 [WARN] PackLoader:240 - Cannot read IP mode file for STMicroelectronics.X-CUBE-NFC6.3.1.0
2024-11-06 17:37:56,108 [WARN] PackLoader:240 - Cannot read IP mode file for STMicroelectronics.X-CUBE-NFC7.1.0.1
2024-11-06 17:37:56,125 [WARN] ConditionMgr:438 - getConditionDescription Invalid condition id : LAN8742 Phy interface Condition cause : null
2024-11-06 17:37:56,126 [WARN] PackLoader:240 - Cannot read IP mode file for STMicroelectronics.X-CUBE-AZRTOS-L4.2.0.0
2024-11-06 17:37:56,136 [WARN] ConditionMgr:1039 - genDependencies : Invalid condition id : LAN8742 Phy interface Condition cause : null
2024-11-06 17:37:56,136 [WARN] ConditionMgr:1039 - genDependencies : Invalid condition id : LAN8742 Phy interface Condition cause : null
2024-11-06 17:37:56,137 [WARN] ConditionMgr:1039 - genDependencies : Invalid condition id : LAN8742 Phy interface Condition cause : null
2024-11-06 17:37:56,178 [WARN] PackLoader:240 - Cannot read IP mode file for STMicroelectronics.X-CUBE-SFXS2LP1.4.0.0
2024-11-06 17:37:56,198 [WARN] ConditionMgr:438 - getConditionDescription Invalid condition id : UX DEVICE CLASS RTOS Condition cause : null
2024-11-06 17:37:56,199 [WARN] ConditionMgr:438 - getConditionDescription Invalid condition id : UX DEVICE CLASS RTOS Condition cause : null
2024-11-06 17:37:56,200 [WARN] PackLoader:240 - Cannot read IP mode file for STMicroelectronics.X-CUBE-AZRTOS-WB.2.0.0
2024-11-06 17:37:56,201 [WARN] ConditionMgr:1039 - genDependencies : Invalid condition id : UX DEVICE CLASS RTOS Condition cause : null
2024-11-06 17:37:56,201 [WARN] ConditionMgr:1039 - genDependencies : Invalid condition id : UX DEVICE CLASS RTOS Condition cause : null
2024-11-06 17:37:56,201 [WARN] ConditionMgr:1039 - genDependencies : Invalid condition id : UX DEVICE CLASS RTOS Condition cause : null
2024-11-06 17:37:56,202 [WARN] ConditionMgr:1039 - genDependencies : Invalid condition id : UX DEVICE CLASS RTOS Condition cause : null
2024-11-06 17:37:56,202 [WARN] ConditionMgr:1039 - genDependencies : Invalid condition id : UX DEVICE CLASS RTOS Condition cause : null
2024-11-06 17:37:56,213 [WARN] PackLoader:240 - Cannot read IP mode file for STMicroelectronics.X-CUBE-SUBG2.5.0.0
2024-11-06 17:37:56,238 [WARN] PackLoader:240 - Cannot read IP mode file for STMicroelectronics.X-CUBE-AZRTOS-G4.2.0.0
2024-11-06 17:37:56,247 [WARN] PackLoader:240 - Cannot read IP mode file for STMicroelectronics.X-CUBE-ALS.1.0.2
2024-11-06 17:37:56,252 [WARN] PackLoader:240 - Cannot read IP mode file for portGmbH.I-Cube-SoM-uGOAL.1.1.0
2024-11-06 17:37:56,276 [WARN] PackLoader:240 - Cannot read IP mode file for STMicroelectronics.X-CUBE-AZRTOS-H7RS.1.0.0
2024-11-06 17:37:56,284 [WARN] PackLoader:240 - Cannot read IP mode file for STMicroelectronics.FP-ATR-ASTRA1.2.0.0
2024-11-06 17:37:56,285 [INFO] ThirdParty:978 - Integrity check success = true
2024-11-06 17:37:56,285 [INFO] IntegrityCheckThread:100 - exiting critical section [integrity check]
2024-11-06 17:37:56,285 [INFO] IntegrityCheckThread:103 - End integrity checks thread
2024-11-06 17:37:56,584 [INFO] WebApp:448 - Apply proxy settings
2024-11-06 17:37:56,585 [INFO] WebApp:533 - Chromium requires no authentication
2024-11-06 17:37:57,599 [INFO] WebApp:476 - Direct internet connection detected
2024-11-06 17:37:57,623 [INFO] WebApp:869 - Register for checkConnection events
2024-11-06 17:37:57,623 [INFO] WebApp:448 - Apply proxy settings
2024-11-06 17:37:57,623 [INFO] WebApp:533 - Chromium requires no authentication
2024-11-06 17:37:57,624 [INFO] WebApp:476 - Direct internet connection detected
2024-11-06 17:37:57,772 [INFO] WebApp:220 - Starting web application
2024-11-06 17:37:57,772 [INFO] WebApp:578 - Web application path used /opt/st/stm32cubeide_1.16.1_2/plugins/com.st.stm32cube.common.mx_6.12.1.202409122256/db/plugins/mcufinder/reactClient1/index.html
2024-11-06 17:37:58,822 [INFO] WebApp:186 - Connection restablished
2024-11-06 17:42:40,196 [ERROR] LogOutputStream:75 - [STDERR_REDIRECT] 
2024-11-06 17:46:18,523 [INFO] Activator:176 - 


2024-11-06 17:46:18,526 [INFO] Activator:177 - !SESSION log4j initialized
2024-11-06 17:46:20,755 [INFO] LogOutputStream:77 - [STDOUT_REDIRECT] 
2024-11-06 17:46:22,326 [INFO] ApplicationProperties:184 - Using Application install path: /opt/st/stm32cubeide_1.16.1_2/plugins/com.st.stm32cube.common.mx_6.12.1.202409122256
2024-11-06 17:46:22,345 [INFO] DbMcusXml:78 - Set database path to: /opt/st/stm32cubeide_1.16.1_2/plugins/com.st.stm32cube.common.mx_6.12.1.202409122256//db//mcu/
2024-11-06 17:46:22,346 [INFO] ApiDb:274 - Set plugin database path to: /opt/st/stm32cubeide_1.16.1_2/plugins/com.st.stm32cube.common.mx_6.12.1.202409122256//db//plugins/boardmanager/
2024-11-06 17:46:22,346 [WARN] ApiDb:259 - Overriding images path with different value:  => /opt/st/stm32cubeide_1.16.1_2/plugins/com.st.stm32cube.common.mx_6.12.1.202409122256//db//plugins/mcufinder/images/
2024-11-06 17:46:22,354 [INFO] ApiDb:250 - Set database path to: /home/marcos/.stmcufinder/plugins/mcufinder//mcu/
2024-11-06 17:46:22,355 [INFO] DbMcusAds:125 - Set database path to: /home/marcos/.stmcufinder/plugins/mcufinder//mcu/
2024-11-06 17:46:22,357 [INFO] CrossReferenceDbSqlite:203 - Set database path to: /home/marcos/.stmcufinder/plugins/mcufinder//mcu/cs/
2024-11-06 17:46:22,493 [INFO] RulesReader:64 - Compatibility file has been processed (297 Rules)
2024-11-06 17:46:22,549 [INFO] DbMcusXml:78 - Set database path to: /opt/st/stm32cubeide_1.16.1_2/plugins/com.st.stm32cube.common.mx_6.12.1.202409122256//db//mcu/
2024-11-06 17:46:22,549 [INFO] ApiDb:274 - Set plugin database path to: /opt/st/stm32cubeide_1.16.1_2/plugins/com.st.stm32cube.common.mx_6.12.1.202409122256//db//plugins/boardmanager/
2024-11-06 17:46:22,549 [INFO] ApiDb:261 - Set plugin images path to: /opt/st/stm32cubeide_1.16.1_2/plugins/com.st.stm32cube.common.mx_6.12.1.202409122256//db//plugins/mcufinder/images/
2024-11-06 17:46:22,549 [WARN] DbFile:41 - Overriding database path with different value: /home/marcos/.stmcufinder/plugins/mcufinder/ => /home/marcos/.stmcufinder/plugins/mcufinder
2024-11-06 17:46:22,549 [INFO] ApiDb:250 - Set database path to: /home/marcos/.stmcufinder/plugins/mcufinder//mcu/
2024-11-06 17:46:22,549 [WARN] DbFile:41 - Overriding database path with different value: /home/marcos/.stmcufinder/plugins/mcufinder/ => /home/marcos/.stmcufinder/plugins/mcufinder
2024-11-06 17:46:22,549 [INFO] DbMcusAds:125 - Set database path to: /home/marcos/.stmcufinder/plugins/mcufinder//mcu/
2024-11-06 17:46:22,550 [WARN] DbFile:41 - Overriding database path with different value: /home/marcos/.stmcufinder/plugins/mcufinder/ => /home/marcos/.stmcufinder/plugins/mcufinder
2024-11-06 17:46:22,550 [WARN] DbFile:41 - Overriding database path with different value: /home/marcos/.stmcufinder/plugins/mcufinder/ => /home/marcos/.stmcufinder/plugins/mcufinder
2024-11-06 17:46:22,550 [INFO] CrossReferenceDbSqlite:203 - Set database path to: /home/marcos/.stmcufinder/plugins/mcufinder//mcu/cs/
2024-11-06 17:46:22,610 [INFO] MainPanel:268 - HeapMemory: 268435456
2024-11-06 17:46:22,719 [INFO] DbMcusXml:78 - Set database path to: /opt/st/stm32cubeide_1.16.1_2/plugins/com.st.stm32cube.common.mx_6.12.1.202409122256//db//mcu/
2024-11-06 17:46:22,719 [INFO] ApiDb:274 - Set plugin database path to: /opt/st/stm32cubeide_1.16.1_2/plugins/com.st.stm32cube.common.mx_6.12.1.202409122256//db//plugins/boardmanager/
2024-11-06 17:46:22,720 [INFO] ApiDb:261 - Set plugin images path to: /opt/st/stm32cubeide_1.16.1_2/plugins/com.st.stm32cube.common.mx_6.12.1.202409122256//db//plugins/mcufinder/images/
2024-11-06 17:46:22,720 [WARN] DbFile:41 - Overriding database path with different value: /home/marcos/.stmcufinder/plugins/mcufinder/ => /home/marcos/.stmcufinder/plugins/mcufinder
2024-11-06 17:46:22,720 [INFO] ApiDb:250 - Set database path to: /home/marcos/.stmcufinder/plugins/mcufinder//mcu/
2024-11-06 17:46:22,720 [WARN] DbFile:41 - Overriding database path with different value: /home/marcos/.stmcufinder/plugins/mcufinder/ => /home/marcos/.stmcufinder/plugins/mcufinder
2024-11-06 17:46:22,720 [INFO] DbMcusAds:125 - Set database path to: /home/marcos/.stmcufinder/plugins/mcufinder//mcu/
2024-11-06 17:46:22,720 [WARN] DbFile:41 - Overriding database path with different value: /home/marcos/.stmcufinder/plugins/mcufinder/ => /home/marcos/.stmcufinder/plugins/mcufinder
2024-11-06 17:46:22,720 [WARN] DbFile:41 - Overriding database path with different value: /home/marcos/.stmcufinder/plugins/mcufinder/ => /home/marcos/.stmcufinder/plugins/mcufinder
2024-11-06 17:46:22,720 [INFO] CrossReferenceDbSqlite:203 - Set database path to: /home/marcos/.stmcufinder/plugins/mcufinder//mcu/cs/
2024-11-06 17:46:22,731 [INFO] ApplicationProperties:184 - Using Application install path: /opt/st/stm32cubeide_1.16.1_2/plugins/com.st.stm32cube.common.mx_6.12.1.202409122256
2024-11-06 17:46:22,732 [INFO] PluginManage:196 - Search for loadable plugins [exclusion list=, ]
2024-11-06 17:46:22,733 [INFO] PluginManage:310 - Check plugin analytics
2024-11-06 17:46:22,884 [INFO] AnalyticsPlugin:253 - Accepted Software Licenses: 
2024-11-06 17:46:22,885 [INFO] AnalyticsPlugin:255 - Accepted CMSIS Pack Licenses: 
2024-11-06 17:46:22,885 [INFO] AnalyticsPlugin:257 - Accepted Firmware Licenses: 
2024-11-06 17:46:22,885 [INFO] PluginManage:359 - Loaded plugin analytics (category:tool,tabindex:-1)
2024-11-06 17:46:22,886 [INFO] PluginManage:310 - Check plugin cadmodel
2024-11-06 17:46:22,890 [INFO] CADModel:105 - Init CAD model plugin
2024-11-06 17:46:22,890 [INFO] PluginManage:359 - Loaded plugin cadmodel (category:power,tabindex:5)
2024-11-06 17:46:22,890 [INFO] PluginManage:310 - Check plugin clock
2024-11-06 17:46:22,900 [INFO] PluginManage:359 - Loaded plugin clock (category:base,tabindex:2)
2024-11-06 17:46:22,901 [INFO] PluginManage:310 - Check plugin ddr
2024-11-06 17:46:22,903 [INFO] PluginManage:359 - Loaded plugin ddr (category:tool,tabindex:6)
2024-11-06 17:46:22,903 [INFO] PluginManage:310 - Check plugin filemanager
2024-11-06 17:46:23,043 [INFO] PluginManage:359 - Loaded plugin filemanager (category:base,tabindex:10)
2024-11-06 17:46:23,043 [INFO] PluginManage:310 - Check plugin ipmanager
2024-11-06 17:46:23,048 [INFO] PluginManage:359 - Loaded plugin ipmanager (category:base,tabindex:5)
2024-11-06 17:46:23,048 [INFO] PluginManage:310 - Check plugin lpbam
2024-11-06 17:46:23,057 [INFO] PluginManage:359 - Loaded plugin lpbam (category:base,tabindex:0)
2024-11-06 17:46:23,057 [INFO] PluginManage:310 - Check plugin memorymap
2024-11-06 17:46:23,068 [INFO] PluginManage:359 - Loaded plugin memorymap (category:base,tabindex:4)
2024-11-06 17:46:23,068 [INFO] PluginManage:310 - Check plugin pinoutandconfiguration
2024-11-06 17:46:23,074 [INFO] PluginManage:359 - Loaded plugin pinoutandconfiguration (category:base,tabindex:1)
2024-11-06 17:46:23,074 [INFO] PluginManage:310 - Check plugin pinoutconfig
2024-11-06 17:46:23,135 [WARN] SupportedApi:132 - Cannot load RTOS API schema: s4s-elt-must-match.1: The content of 'definitions' must match (annotation?, (simpleType | complexType)?, (unique | key | keyref)*)). A problem was found starting at: attribute.
2024-11-06 17:46:23,256 [INFO] PluginManage:359 - Loaded plugin pinoutconfig (category:base,tabindex:0)
2024-11-06 17:46:23,256 [INFO] PluginManage:310 - Check plugin power
2024-11-06 17:46:23,269 [INFO] PluginManage:359 - Loaded plugin power (category:power,tabindex:4)
2024-11-06 17:46:23,269 [INFO] PluginManage:310 - Check plugin projectmanager
2024-11-06 17:46:23,284 [INFO] PluginManage:359 - Loaded plugin projectmanager (category:projectmanager,tabindex:4)
2024-11-06 17:46:23,285 [INFO] PluginManage:310 - Check plugin rif
2024-11-06 17:46:23,290 [INFO] PluginManage:359 - Loaded plugin rif (category:base,tabindex:3)
2024-11-06 17:46:23,291 [INFO] PluginManage:310 - Check plugin thirdparty
2024-11-06 17:46:23,420 [INFO] PluginManage:359 - Loaded plugin thirdparty (category:base,tabindex:-1)
2024-11-06 17:46:23,420 [INFO] PluginManage:310 - Check plugin tools
2024-11-06 17:46:23,420 [WARN] IntegrityCheckThread:84 - waiting for thirdparty lock release [integrity check]
2024-11-06 17:46:23,421 [INFO] IntegrityCheckThread:86 - entering critical section [integrity check]
2024-11-06 17:46:23,422 [INFO] ThirdPartyUpdaterWithRetryManager:70 - Updater plugin not ready yet. [1/15]
2024-11-06 17:46:23,422 [INFO] PluginManage:359 - Loaded plugin tools (category:base,tabindex:7)
2024-11-06 17:46:23,423 [INFO] PluginManage:310 - Check plugin tutovideos
2024-11-06 17:46:23,603 [INFO] PluginManage:359 - Loaded plugin tutovideos (category:base,tabindex:-1)
2024-11-06 17:46:23,603 [INFO] PluginManage:310 - Check plugin updater
2024-11-06 17:46:23,622 [INFO] PluginManage:359 - Loaded plugin updater (category:base,tabindex:12)
2024-11-06 17:46:23,622 [INFO] PluginManage:310 - Check plugin userauth
2024-11-06 17:46:23,628 [INFO] UserAuth:113 - Init User Auth plugin
2024-11-06 17:46:23,628 [INFO] PluginManage:359 - Loaded plugin userauth (category:base,tabindex:14)
2024-11-06 17:46:23,628 [INFO] PluginManage:283 - PluginManage : Loaded plugins [18]
2024-11-06 17:46:23,774 [INFO] PinOutPanel:1561 - setPackage(No Configuration,No Configuration)
2024-11-06 17:46:23,849 [INFO] CADModel:165 - CPN selected for project level
2024-11-06 17:46:23,850 [INFO] CADModel:114 - Register for checkConnection events
2024-11-06 17:46:23,866 [INFO] IPUIPlugin:80 - create IPUIPlugin
2024-11-06 17:46:23,866 [INFO] PluginManager:220 - loadIPPluginJar : add pdm2pcm
2024-11-06 17:46:23,868 [INFO] IPUIPlugin:80 - create IPUIPlugin
2024-11-06 17:46:23,868 [INFO] PluginManager:220 - loadIPPluginJar : add ucpd
2024-11-06 17:46:23,871 [INFO] IPUIPlugin:80 - create IPUIPlugin
2024-11-06 17:46:23,871 [INFO] PluginManager:220 - loadIPPluginJar : add lorawan
2024-11-06 17:46:23,874 [INFO] IPUIPlugin:80 - create IPUIPlugin
2024-11-06 17:46:23,875 [INFO] PluginManager:220 - loadIPPluginJar : add sai
2024-11-06 17:46:23,879 [INFO] IPUIPlugin:80 - create IPUIPlugin
2024-11-06 17:46:23,879 [INFO] PluginManager:220 - loadIPPluginJar : add openamp
2024-11-06 17:46:23,883 [INFO] IPUIPlugin:80 - create IPUIPlugin
2024-11-06 17:46:23,884 [INFO] PluginManager:220 - loadIPPluginJar : add touchsensing
2024-11-06 17:46:23,886 [INFO] IPUIPlugin:80 - create IPUIPlugin
2024-11-06 17:46:23,886 [INFO] PluginManager:220 - loadIPPluginJar : add i3c
2024-11-06 17:46:23,889 [INFO] IPUIPlugin:80 - create IPUIPlugin
2024-11-06 17:46:23,889 [INFO] PluginManager:220 - loadIPPluginJar : add usbx
2024-11-06 17:46:23,891 [INFO] IPUIPlugin:80 - create IPUIPlugin
2024-11-06 17:46:23,891 [INFO] PluginManager:220 - loadIPPluginJar : add gfxmmu
2024-11-06 17:46:23,898 [INFO] IPUIPlugin:80 - create IPUIPlugin
2024-11-06 17:46:23,898 [INFO] PluginManager:220 - loadIPPluginJar : add adc
2024-11-06 17:46:23,900 [INFO] IPUIPlugin:80 - create IPUIPlugin
2024-11-06 17:46:23,900 [INFO] PluginManager:220 - loadIPPluginJar : add dfsdm
2024-11-06 17:46:23,901 [INFO] IPUIPlugin:80 - create IPUIPlugin
2024-11-06 17:46:23,901 [INFO] PluginManager:220 - loadIPPluginJar : add genericplugin
2024-11-06 17:46:23,902 [INFO] IPUIPlugin:80 - create IPUIPlugin
2024-11-06 17:46:23,902 [INFO] PluginManager:220 - loadIPPluginJar : add tim
2024-11-06 17:46:23,907 [INFO] IPUIPlugin:80 - create IPUIPlugin
2024-11-06 17:46:23,908 [INFO] PluginManager:220 - loadIPPluginJar : add dma
2024-11-06 17:46:23,911 [INFO] IPUIPlugin:80 - create IPUIPlugin
2024-11-06 17:46:23,911 [INFO] PluginManager:220 - loadIPPluginJar : add aes
2024-11-06 17:46:23,916 [INFO] IPUIPlugin:80 - create IPUIPlugin
2024-11-06 17:46:23,918 [INFO] PluginManager:220 - loadIPPluginJar : add plateformsettings
2024-11-06 17:46:23,920 [INFO] IPUIPlugin:80 - create IPUIPlugin
2024-11-06 17:46:23,920 [INFO] PluginManager:220 - loadIPPluginJar : add gtzc
2024-11-06 17:46:23,923 [INFO] IPUIPlugin:80 - create IPUIPlugin
2024-11-06 17:46:23,923 [INFO] PluginManager:220 - loadIPPluginJar : add stm32_wpan
2024-11-06 17:46:23,924 [INFO] IPUIPlugin:80 - create IPUIPlugin
2024-11-06 17:46:23,924 [INFO] PluginManager:220 - loadIPPluginJar : add hash
2024-11-06 17:46:23,931 [INFO] IPUIPlugin:80 - create IPUIPlugin
2024-11-06 17:46:23,931 [INFO] PluginManager:220 - loadIPPluginJar : add linkedlist
2024-11-06 17:46:23,933 [INFO] IPUIPlugin:80 - create IPUIPlugin
2024-11-06 17:46:23,933 [INFO] PluginManager:220 - loadIPPluginJar : add ipddr
2024-11-06 17:46:23,935 [INFO] IPUIPlugin:80 - create IPUIPlugin
2024-11-06 17:46:23,935 [INFO] PluginManager:220 - loadIPPluginJar : add spi
2024-11-06 17:46:23,939 [INFO] IPUIPlugin:80 - create IPUIPlugin
2024-11-06 17:46:23,939 [INFO] PluginManager:220 - loadIPPluginJar : add gpio
2024-11-06 17:46:23,940 [INFO] IPUIPlugin:80 - create IPUIPlugin
2024-11-06 17:46:23,940 [INFO] PluginManager:220 - loadIPPluginJar : add quadspi
2024-11-06 17:46:23,941 [INFO] IPUIPlugin:80 - create IPUIPlugin
2024-11-06 17:46:23,941 [INFO] PluginManager:220 - loadIPPluginJar : add ltdc
2024-11-06 17:46:23,944 [INFO] IPUIPlugin:80 - create IPUIPlugin
2024-11-06 17:46:23,944 [INFO] PluginManager:220 - loadIPPluginJar : add extmemmanager
2024-11-06 17:46:23,945 [INFO] IPUIPlugin:80 - create IPUIPlugin
2024-11-06 17:46:23,946 [INFO] PluginManager:220 - loadIPPluginJar : add usart
2024-11-06 17:46:23,948 [INFO] IPUIPlugin:80 - create IPUIPlugin
2024-11-06 17:46:23,948 [INFO] PluginManager:220 - loadIPPluginJar : add nvic
2024-11-06 17:46:23,949 [INFO] IPUIPlugin:80 - create IPUIPlugin
2024-11-06 17:46:23,950 [INFO] PluginManager:220 - loadIPPluginJar : add radio
2024-11-06 17:46:23,951 [INFO] IPUIPlugin:80 - create IPUIPlugin
2024-11-06 17:46:23,951 [INFO] PluginManager:220 - loadIPPluginJar : add opamp
2024-11-06 17:46:23,953 [INFO] IPUIPlugin:80 - create IPUIPlugin
2024-11-06 17:46:23,953 [INFO] PluginManager:220 - loadIPPluginJar : add cryp
2024-11-06 17:46:23,956 [INFO] IPUIPlugin:80 - create IPUIPlugin
2024-11-06 17:46:23,956 [INFO] PluginManager:220 - loadIPPluginJar : add gic
2024-11-06 17:46:23,958 [INFO] IPUIPlugin:80 - create IPUIPlugin
2024-11-06 17:46:23,958 [INFO] PluginManager:220 - loadIPPluginJar : add ddr_ctrl_phy
2024-11-06 17:46:23,960 [INFO] IPUIPlugin:80 - create IPUIPlugin
2024-11-06 17:46:23,960 [INFO] PluginManager:220 - loadIPPluginJar : add dma3
2024-11-06 17:46:23,964 [INFO] IPUIPlugin:80 - create IPUIPlugin
2024-11-06 17:46:23,965 [INFO] PluginManager:220 - loadIPPluginJar : add freertos
2024-11-06 17:46:23,965 [INFO] IPUIPlugin:80 - create IPUIPlugin
2024-11-06 17:46:23,966 [INFO] PluginManager:220 - loadIPPluginJar : add fatfs
2024-11-06 17:46:23,968 [INFO] IPUIPlugin:80 - create IPUIPlugin
2024-11-06 17:46:23,968 [INFO] PluginManager:220 - loadIPPluginJar : add resmgrutility
2024-11-06 17:46:23,969 [INFO] IPUIPlugin:80 - create IPUIPlugin
2024-11-06 17:46:23,969 [INFO] PluginManager:220 - loadIPPluginJar : add i2s
2024-11-06 17:46:23,970 [INFO] IPUIPlugin:80 - create IPUIPlugin
2024-11-06 17:46:23,970 [INFO] PluginManager:220 - loadIPPluginJar : add comp
2024-11-06 17:46:23,972 [INFO] IPUIPlugin:80 - create IPUIPlugin
2024-11-06 17:46:23,972 [INFO] PluginManager:220 - loadIPPluginJar : add ts
2024-11-06 17:46:23,973 [INFO] IPUIPlugin:80 - create IPUIPlugin
2024-11-06 17:46:23,973 [INFO] PluginManager:220 - loadIPPluginJar : add i2c
2024-11-06 17:46:23,974 [INFO] IPUIPlugin:80 - create IPUIPlugin
2024-11-06 17:46:23,975 [INFO] PluginManager:220 - loadIPPluginJar : add can
2024-11-06 17:46:23,976 [INFO] IPUIPlugin:80 - create IPUIPlugin
2024-11-06 17:46:23,976 [INFO] PluginManager:220 - loadIPPluginJar : add tsc
2024-11-06 17:46:23,979 [INFO] IPUIPlugin:80 - create IPUIPlugin
2024-11-06 17:46:23,979 [INFO] PluginManager:220 - loadIPPluginJar : add fmc
2024-11-06 17:46:23,984 [INFO] IPUIPlugin:80 - create IPUIPlugin
2024-11-06 17:46:23,984 [INFO] PluginManager:220 - loadIPPluginJar : add mdma
2024-11-06 17:46:23,985 [INFO] IPUIPlugin:80 - create IPUIPlugin
2024-11-06 17:46:23,985 [INFO] PluginManager:220 - loadIPPluginJar : add tracer_emb
2024-11-06 17:46:24,082 [INFO] CADModel:165 - CPN selected for project level
2024-11-06 17:46:24,083 [INFO] CADModel:114 - Register for checkConnection events
2024-11-06 17:46:24,083 [FATAL] Updater:334 - Updater called before beeing initialized
2024-11-06 17:46:24,083 [ERROR] CADModel:125 - Updater not yet initialized, retry later 
2024-11-06 17:46:24,230 [INFO] CADModel:165 - CPN selected for project level
2024-11-06 17:46:24,230 [INFO] CADModel:114 - Register for checkConnection events
2024-11-06 17:46:24,230 [FATAL] Updater:334 - Updater called before beeing initialized
2024-11-06 17:46:24,231 [ERROR] CADModel:125 - Updater not yet initialized, retry later 
2024-11-06 17:46:24,233 [FATAL] Updater:334 - Updater called before beeing initialized
2024-11-06 17:46:24,297 [FATAL] Updater:334 - Updater called before beeing initialized
2024-11-06 17:46:24,301 [INFO] DbMcusAds:53 - JSON generation date=Fri Sep 20 10:04:38 BRT 2024 (1726837478367)
2024-11-06 17:46:24,301 [FATAL] Updater:334 - Updater called before beeing initialized
2024-11-06 17:46:24,331 [WARN] DetailPanel:346 - Failed to get advertising image, set to default
2024-11-06 17:46:24,393 [FATAL] Updater:334 - Updater called before beeing initialized
2024-11-06 17:46:24,395 [FATAL] Updater:334 - Updater called before beeing initialized
2024-11-06 17:46:24,395 [FATAL] Updater:334 - Updater called before beeing initialized
2024-11-06 17:46:24,395 [WARN] DetailPanel:346 - Failed to get advertising image, set to default
2024-11-06 17:46:24,395 [FATAL] Updater:334 - Updater called before beeing initialized
2024-11-06 17:46:24,421 [ERROR] Updater:1164 - MainUpdater not yet initialized. External WinMGr cannot be set.
2024-11-06 17:46:24,423 [INFO] Updater:1100 - Updater Version found : 6.12.1
2024-11-06 17:46:24,444 [INFO] ApplicationProperties:184 - Using Application install path: /opt/st/stm32cubeide_1.16.1_2/plugins/com.st.stm32cube.common.mx_6.12.1.202409122256
2024-11-06 17:46:24,649 [INFO] MainUpdater:2873 - connection check result : 10
2024-11-06 17:46:24,649 [INFO] MainUpdater:290 - Updater Check For Update Now.
2024-11-06 17:46:24,650 [INFO] MicroXplorer:498 - Change Database Version : DB.6.0.121
2024-11-06 17:46:24,653 [INFO] McuFinderGlobals:63 - Set McuFinder mode to 2 (CubeIDE integrated)
2024-11-06 17:46:24,653 [INFO] UserAuth:179 - activating auth plugin
2024-11-06 17:46:24,656 [INFO] UserAuth:417 - Internet connection configuration mode: 1
2024-11-06 17:46:24,679 [INFO] JxBrowserEngine:152 - Initiate JxBrowser Engine with user profile folder
2024-11-06 17:46:24,829 [INFO] CheckServerUpdateThread:120 - End of CheckServer Thread
2024-11-06 17:46:25,790 [INFO] WebApp:167 - Instantiating new browser for Auth
2024-11-06 17:46:26,555 [WARN] PackLoader:240 - Cannot read IP mode file for STMicroelectronics.FP-SNS-MOTENVWB1.1.4.0
2024-11-06 17:46:26,564 [WARN] PackLoader:240 - Cannot read IP mode file for STMicroelectronics.X-CUBE-SMBUS.2.1.0
2024-11-06 17:46:26,601 [WARN] PackLoader:240 - Cannot read IP mode file for STMicroelectronics.X-CUBE-AZRTOS-F7.1.1.0
2024-11-06 17:46:26,613 [WARN] PackLoader:240 - Cannot read IP mode file for STMicroelectronics.FP-SNS-FLIGHT1.5.0.2
2024-11-06 17:46:26,623 [WARN] PackLoader:240 - Cannot read IP mode file for STMicroelectronics.X-CUBE-DISPLAY.3.0.0
2024-11-06 17:46:26,636 [WARN] PackLoader:240 - Cannot read IP mode file for STMicroelectronics.X-CUBE-BLE1.7.0.0
2024-11-06 17:46:26,649 [WARN] PackLoader:240 - Cannot read IP mode file for STMicroelectronics.X-CUBE-BLEMGR.3.1.0
2024-11-06 17:46:26,657 [WARN] PackLoader:240 - Cannot read IP mode file for STMicroelectronics.FP-SNS-SMARTAG2.1.2.0
2024-11-06 17:46:26,672 [INFO] LogOutputStream:77 - [STDOUT_REDIRECT] 1 : Invalid condition id : UX_CORESTACK_Condition cause : null
2024-11-06 17:46:26,673 [INFO] LogOutputStream:77 - [STDOUT_REDIRECT] 1 : Invalid condition id : UX_CORESTACK_Condition cause : null
2024-11-06 17:46:26,673 [INFO] LogOutputStream:77 - [STDOUT_REDIRECT] 1 : Invalid condition id : UX_CORESTACK_Condition cause : null
2024-11-06 17:46:26,673 [INFO] LogOutputStream:77 - [STDOUT_REDIRECT] 1 : Invalid condition id : UX_CORESTACK_Condition cause : null
2024-11-06 17:46:26,673 [INFO] LogOutputStream:77 - [STDOUT_REDIRECT] 1 : Invalid condition id : UX_CORESTACK_Condition cause : null
2024-11-06 17:46:26,687 [WARN] PackLoader:240 - Cannot read IP mode file for STMicroelectronics.X-CUBE-AZRTOS-WL.2.0.0
2024-11-06 17:46:26,699 [WARN] PackLoader:240 - Cannot read IP mode file for STMicroelectronics.FP-SNS-MOTENV1.5.0.0
2024-11-06 17:46:26,706 [WARN] PackLoader:240 - Cannot read IP mode file for wolfSSL.I-CUBE-wolfMQTT.1.19.0
2024-11-06 17:46:26,719 [WARN] PackLoader:240 - Cannot read IP mode file for STMicroelectronics.X-CUBE-BLE2.3.3.0
2024-11-06 17:46:26,730 [WARN] PackLoader:240 - Cannot read IP mode file for STMicroelectronics.X-CUBE-TCPP.4.1.0
2024-11-06 17:46:26,760 [WARN] PackLoader:240 - Cannot read IP mode file for STMicroelectronics.X-CUBE-AZRTOS-G0.1.1.0
2024-11-06 17:46:26,779 [WARN] PackLoader:240 - Cannot read IP mode file for STMicroelectronics.X-CUBE-SAFEA1.1.2.2
2024-11-06 17:46:26,793 [WARN] PackLoader:240 - Cannot read IP mode file for STMicroelectronics.X-CUBE-NFC4.3.0.0
2024-11-06 17:46:26,803 [WARN] PackLoader:240 - Cannot read IP mode file for STMicroelectronics.FP-ATR-SIGFOX1.3.2.0
2024-11-06 17:46:26,823 [WARN] PackLoader:240 - Cannot read IP mode file for STMicroelectronics.X-CUBE-EEPRMA1.5.1.0
2024-11-06 17:46:26,883 [INFO] WebApp:448 - Apply proxy settings
2024-11-06 17:46:26,883 [INFO] WebApp:533 - Chromium requires no authentication
2024-11-06 17:46:26,892 [WARN] PackLoader:240 - Cannot read IP mode file for SEGGER.I-CUBE-embOS.1.3.1
2024-11-06 17:46:26,903 [INFO] WebApp:476 - Direct internet connection detected
2024-11-06 17:46:26,937 [INFO] WebApp:869 - Register for checkConnection events
2024-11-06 17:46:26,937 [INFO] WebApp:448 - Apply proxy settings
2024-11-06 17:46:26,937 [INFO] WebApp:533 - Chromium requires no authentication
2024-11-06 17:46:26,938 [INFO] WebApp:476 - Direct internet connection detected
2024-11-06 17:46:26,944 [WARN] PackLoader:240 - Cannot read IP mode file for STMicroelectronics.X-CUBE-ALGOBUILD.1.4.0
2024-11-06 17:46:26,966 [WARN] PackLoader:240 - Cannot read IP mode file for STMicroelectronics.X-CUBE-AZRTOS-F4.1.1.0
2024-11-06 17:46:26,979 [WARN] PackLoader:240 - Cannot read IP mode file for STMicroelectronics.X-CUBE-FREERTOS.1.2.0
2024-11-06 17:46:27,004 [WARN] PackLoader:240 - Cannot read IP mode file for STMicroelectronics.X-CUBE-AZRTOS-L5.2.0.0
2024-11-06 17:46:27,018 [WARN] PackLoader:240 - Cannot read IP mode file for STMicroelectronics.X-CUBE-NFC6.3.1.0
2024-11-06 17:46:27,027 [WARN] PackLoader:240 - Cannot read IP mode file for STMicroelectronics.X-CUBE-NFC7.1.0.1
2024-11-06 17:46:27,051 [WARN] ConditionMgr:438 - getConditionDescription Invalid condition id : LAN8742 Phy interface Condition cause : null
2024-11-06 17:46:27,052 [WARN] PackLoader:240 - Cannot read IP mode file for STMicroelectronics.X-CUBE-AZRTOS-L4.2.0.0
2024-11-06 17:46:27,053 [WARN] ConditionMgr:1039 - genDependencies : Invalid condition id : LAN8742 Phy interface Condition cause : null
2024-11-06 17:46:27,054 [WARN] ConditionMgr:1039 - genDependencies : Invalid condition id : LAN8742 Phy interface Condition cause : null
2024-11-06 17:46:27,054 [WARN] ConditionMgr:1039 - genDependencies : Invalid condition id : LAN8742 Phy interface Condition cause : null
2024-11-06 17:46:27,068 [WARN] PackLoader:240 - Cannot read IP mode file for STMicroelectronics.X-CUBE-SFXS2LP1.4.0.0
2024-11-06 17:46:27,085 [WARN] ConditionMgr:438 - getConditionDescription Invalid condition id : UX DEVICE CLASS RTOS Condition cause : null
2024-11-06 17:46:27,086 [WARN] ConditionMgr:438 - getConditionDescription Invalid condition id : UX DEVICE CLASS RTOS Condition cause : null
2024-11-06 17:46:27,088 [WARN] PackLoader:240 - Cannot read IP mode file for STMicroelectronics.X-CUBE-AZRTOS-WB.2.0.0
2024-11-06 17:46:27,089 [WARN] ConditionMgr:1039 - genDependencies : Invalid condition id : UX DEVICE CLASS RTOS Condition cause : null
2024-11-06 17:46:27,089 [WARN] ConditionMgr:1039 - genDependencies : Invalid condition id : UX DEVICE CLASS RTOS Condition cause : null
2024-11-06 17:46:27,090 [WARN] ConditionMgr:1039 - genDependencies : Invalid condition id : UX DEVICE CLASS RTOS Condition cause : null
2024-11-06 17:46:27,090 [WARN] ConditionMgr:1039 - genDependencies : Invalid condition id : UX DEVICE CLASS RTOS Condition cause : null
2024-11-06 17:46:27,090 [WARN] ConditionMgr:1039 - genDependencies : Invalid condition id : UX DEVICE CLASS RTOS Condition cause : null
2024-11-06 17:46:27,121 [WARN] PackLoader:240 - Cannot read IP mode file for STMicroelectronics.X-CUBE-SUBG2.5.0.0
2024-11-06 17:46:27,150 [WARN] PackLoader:240 - Cannot read IP mode file for STMicroelectronics.X-CUBE-AZRTOS-G4.2.0.0
2024-11-06 17:46:27,159 [WARN] PackLoader:240 - Cannot read IP mode file for STMicroelectronics.X-CUBE-ALS.1.0.2
2024-11-06 17:46:27,168 [WARN] PackLoader:240 - Cannot read IP mode file for portGmbH.I-Cube-SoM-uGOAL.1.1.0
2024-11-06 17:46:27,186 [INFO] WebApp:220 - Starting web application
2024-11-06 17:46:27,186 [INFO] WebApp:578 - Web application path used /opt/st/stm32cubeide_1.16.1_2/plugins/com.st.stm32cube.common.mx_6.12.1.202409122256/db/plugins/mcufinder/reactClient1/index.html
2024-11-06 17:46:27,199 [WARN] PackLoader:240 - Cannot read IP mode file for STMicroelectronics.X-CUBE-AZRTOS-H7RS.1.0.0
2024-11-06 17:46:27,208 [WARN] PackLoader:240 - Cannot read IP mode file for STMicroelectronics.FP-ATR-ASTRA1.2.0.0
2024-11-06 17:46:27,210 [INFO] ThirdParty:978 - Integrity check success = true
2024-11-06 17:46:27,211 [INFO] IntegrityCheckThread:100 - exiting critical section [integrity check]
2024-11-06 17:46:27,212 [INFO] IntegrityCheckThread:103 - End integrity checks thread
2024-11-06 17:46:27,869 [INFO] WebApp:186 - Connection restablished
2024-11-06 18:43:20,425 [INFO] WebApp:189 - Connection lost
2024-11-06 18:56:54,560 [INFO] WebApp:186 - Connection restablished
2024-11-06 18:57:21,953 [INFO] WebApp:189 - Connection lost
2024-11-06 18:57:22,137 [INFO] WebApp:186 - Connection restablished
2024-11-06 19:00:26,637 [INFO] WebApp:189 - Connection lost
2024-11-06 19:23:35,262 [INFO] WebApp:186 - Connection restablished
2024-11-06 23:07:35,689 [ERROR] LogOutputStream:75 - [STDERR_REDIRECT] SWT SessionManagerDBus: Failed to UnregisterClient: GDBus.Error:org.freedesktop.DBus.Error.NoReply: Message recipient disconnected from message bus without replying
2024-11-06 23:07:35,716 [ERROR] LogOutputStream:75 - [STDERR_REDIRECT] 
