2024-11-07 10:49:45,147 [INFO] Activator:176 - 


2024-11-07 10:49:45,151 [INFO] Activator:177 - !SESSION log4j initialized
2024-11-07 10:49:50,164 [INFO] LogOutputStream:77 - [STDOUT_REDIRECT] 
2024-11-07 10:49:51,666 [INFO] ApplicationProperties:184 - Using Application install path: /opt/st/stm32cubeide_1.16.1_2/plugins/com.st.stm32cube.common.mx_6.12.1.202409122256
2024-11-07 10:49:51,681 [INFO] DbMcusXml:78 - Set database path to: /opt/st/stm32cubeide_1.16.1_2/plugins/com.st.stm32cube.common.mx_6.12.1.202409122256//db//mcu/
2024-11-07 10:49:51,681 [INFO] ApiDb:274 - Set plugin database path to: /opt/st/stm32cubeide_1.16.1_2/plugins/com.st.stm32cube.common.mx_6.12.1.202409122256//db//plugins/boardmanager/
2024-11-07 10:49:51,681 [WARN] ApiDb:259 - Overriding images path with different value:  => /opt/st/stm32cubeide_1.16.1_2/plugins/com.st.stm32cube.common.mx_6.12.1.202409122256//db//plugins/mcufinder/images/
2024-11-07 10:49:51,687 [INFO] ApiDb:250 - Set database path to: /home/marcos/.stmcufinder/plugins/mcufinder//mcu/
2024-11-07 10:49:51,689 [INFO] DbMcusAds:125 - Set database path to: /home/marcos/.stmcufinder/plugins/mcufinder//mcu/
2024-11-07 10:49:51,691 [INFO] CrossReferenceDbSqlite:203 - Set database path to: /home/marcos/.stmcufinder/plugins/mcufinder//mcu/cs/
2024-11-07 10:49:51,798 [INFO] RulesReader:64 - Compatibility file has been processed (297 Rules)
2024-11-07 10:49:51,843 [INFO] DbMcusXml:78 - Set database path to: /opt/st/stm32cubeide_1.16.1_2/plugins/com.st.stm32cube.common.mx_6.12.1.202409122256//db//mcu/
2024-11-07 10:49:51,844 [INFO] ApiDb:274 - Set plugin database path to: /opt/st/stm32cubeide_1.16.1_2/plugins/com.st.stm32cube.common.mx_6.12.1.202409122256//db//plugins/boardmanager/
2024-11-07 10:49:51,844 [INFO] ApiDb:261 - Set plugin images path to: /opt/st/stm32cubeide_1.16.1_2/plugins/com.st.stm32cube.common.mx_6.12.1.202409122256//db//plugins/mcufinder/images/
2024-11-07 10:49:51,844 [WARN] DbFile:41 - Overriding database path with different value: /home/marcos/.stmcufinder/plugins/mcufinder/ => /home/marcos/.stmcufinder/plugins/mcufinder
2024-11-07 10:49:51,844 [INFO] ApiDb:250 - Set database path to: /home/marcos/.stmcufinder/plugins/mcufinder//mcu/
2024-11-07 10:49:51,844 [WARN] DbFile:41 - Overriding database path with different value: /home/marcos/.stmcufinder/plugins/mcufinder/ => /home/marcos/.stmcufinder/plugins/mcufinder
2024-11-07 10:49:51,844 [INFO] DbMcusAds:125 - Set database path to: /home/marcos/.stmcufinder/plugins/mcufinder//mcu/
2024-11-07 10:49:51,844 [WARN] DbFile:41 - Overriding database path with different value: /home/marcos/.stmcufinder/plugins/mcufinder/ => /home/marcos/.stmcufinder/plugins/mcufinder
2024-11-07 10:49:51,844 [WARN] DbFile:41 - Overriding database path with different value: /home/marcos/.stmcufinder/plugins/mcufinder/ => /home/marcos/.stmcufinder/plugins/mcufinder
2024-11-07 10:49:51,844 [INFO] CrossReferenceDbSqlite:203 - Set database path to: /home/marcos/.stmcufinder/plugins/mcufinder//mcu/cs/
2024-11-07 10:49:51,900 [INFO] MainPanel:268 - HeapMemory: 268435456
2024-11-07 10:49:52,037 [INFO] DbMcusXml:78 - Set database path to: /opt/st/stm32cubeide_1.16.1_2/plugins/com.st.stm32cube.common.mx_6.12.1.202409122256//db//mcu/
2024-11-07 10:49:52,037 [INFO] ApiDb:274 - Set plugin database path to: /opt/st/stm32cubeide_1.16.1_2/plugins/com.st.stm32cube.common.mx_6.12.1.202409122256//db//plugins/boardmanager/
2024-11-07 10:49:52,038 [INFO] ApiDb:261 - Set plugin images path to: /opt/st/stm32cubeide_1.16.1_2/plugins/com.st.stm32cube.common.mx_6.12.1.202409122256//db//plugins/mcufinder/images/
2024-11-07 10:49:52,038 [WARN] DbFile:41 - Overriding database path with different value: /home/marcos/.stmcufinder/plugins/mcufinder/ => /home/marcos/.stmcufinder/plugins/mcufinder
2024-11-07 10:49:52,038 [INFO] ApiDb:250 - Set database path to: /home/marcos/.stmcufinder/plugins/mcufinder//mcu/
2024-11-07 10:49:52,038 [WARN] DbFile:41 - Overriding database path with different value: /home/marcos/.stmcufinder/plugins/mcufinder/ => /home/marcos/.stmcufinder/plugins/mcufinder
2024-11-07 10:49:52,038 [INFO] DbMcusAds:125 - Set database path to: /home/marcos/.stmcufinder/plugins/mcufinder//mcu/
2024-11-07 10:49:52,038 [WARN] DbFile:41 - Overriding database path with different value: /home/marcos/.stmcufinder/plugins/mcufinder/ => /home/marcos/.stmcufinder/plugins/mcufinder
2024-11-07 10:49:52,038 [WARN] DbFile:41 - Overriding database path with different value: /home/marcos/.stmcufinder/plugins/mcufinder/ => /home/marcos/.stmcufinder/plugins/mcufinder
2024-11-07 10:49:52,039 [INFO] CrossReferenceDbSqlite:203 - Set database path to: /home/marcos/.stmcufinder/plugins/mcufinder//mcu/cs/
2024-11-07 10:49:52,068 [INFO] ApplicationProperties:184 - Using Application install path: /opt/st/stm32cubeide_1.16.1_2/plugins/com.st.stm32cube.common.mx_6.12.1.202409122256
2024-11-07 10:49:52,070 [INFO] PluginManage:196 - Search for loadable plugins [exclusion list=, ]
2024-11-07 10:49:52,071 [INFO] PluginManage:310 - Check plugin analytics
2024-11-07 10:49:52,225 [INFO] AnalyticsPlugin:253 - Accepted Software Licenses: 
2024-11-07 10:49:52,226 [INFO] AnalyticsPlugin:255 - Accepted CMSIS Pack Licenses: 
2024-11-07 10:49:52,226 [INFO] AnalyticsPlugin:257 - Accepted Firmware Licenses: 
2024-11-07 10:49:52,228 [INFO] PluginManage:359 - Loaded plugin analytics (category:tool,tabindex:-1)
2024-11-07 10:49:52,228 [INFO] PluginManage:310 - Check plugin cadmodel
2024-11-07 10:49:52,233 [INFO] CADModel:105 - Init CAD model plugin
2024-11-07 10:49:52,233 [INFO] PluginManage:359 - Loaded plugin cadmodel (category:power,tabindex:5)
2024-11-07 10:49:52,233 [INFO] PluginManage:310 - Check plugin clock
2024-11-07 10:49:52,241 [INFO] PluginManage:359 - Loaded plugin clock (category:base,tabindex:2)
2024-11-07 10:49:52,241 [INFO] PluginManage:310 - Check plugin ddr
2024-11-07 10:49:52,243 [INFO] PluginManage:359 - Loaded plugin ddr (category:tool,tabindex:6)
2024-11-07 10:49:52,243 [INFO] PluginManage:310 - Check plugin filemanager
2024-11-07 10:49:52,376 [INFO] PluginManage:359 - Loaded plugin filemanager (category:base,tabindex:10)
2024-11-07 10:49:52,376 [INFO] PluginManage:310 - Check plugin ipmanager
2024-11-07 10:49:52,381 [INFO] PluginManage:359 - Loaded plugin ipmanager (category:base,tabindex:5)
2024-11-07 10:49:52,381 [INFO] PluginManage:310 - Check plugin lpbam
2024-11-07 10:49:52,391 [INFO] PluginManage:359 - Loaded plugin lpbam (category:base,tabindex:0)
2024-11-07 10:49:52,391 [INFO] PluginManage:310 - Check plugin memorymap
2024-11-07 10:49:52,402 [INFO] PluginManage:359 - Loaded plugin memorymap (category:base,tabindex:4)
2024-11-07 10:49:52,402 [INFO] PluginManage:310 - Check plugin pinoutandconfiguration
2024-11-07 10:49:52,410 [INFO] PluginManage:359 - Loaded plugin pinoutandconfiguration (category:base,tabindex:1)
2024-11-07 10:49:52,411 [INFO] PluginManage:310 - Check plugin pinoutconfig
2024-11-07 10:49:52,490 [WARN] SupportedApi:132 - Cannot load RTOS API schema: s4s-elt-must-match.1: The content of 'definitions' must match (annotation?, (simpleType | complexType)?, (unique | key | keyref)*)). A problem was found starting at: attribute.
2024-11-07 10:49:52,601 [INFO] PluginManage:359 - Loaded plugin pinoutconfig (category:base,tabindex:0)
2024-11-07 10:49:52,602 [INFO] PluginManage:310 - Check plugin power
2024-11-07 10:49:52,610 [INFO] PluginManage:359 - Loaded plugin power (category:power,tabindex:4)
2024-11-07 10:49:52,610 [INFO] PluginManage:310 - Check plugin projectmanager
2024-11-07 10:49:52,623 [INFO] PluginManage:359 - Loaded plugin projectmanager (category:projectmanager,tabindex:4)
2024-11-07 10:49:52,623 [INFO] PluginManage:310 - Check plugin rif
2024-11-07 10:49:52,655 [INFO] PluginManage:359 - Loaded plugin rif (category:base,tabindex:3)
2024-11-07 10:49:52,655 [INFO] PluginManage:310 - Check plugin thirdparty
2024-11-07 10:49:52,749 [INFO] PluginManage:359 - Loaded plugin thirdparty (category:base,tabindex:-1)
2024-11-07 10:49:52,748 [WARN] IntegrityCheckThread:84 - waiting for thirdparty lock release [integrity check]
2024-11-07 10:49:52,749 [INFO] PluginManage:310 - Check plugin tools
2024-11-07 10:49:52,749 [INFO] IntegrityCheckThread:86 - entering critical section [integrity check]
2024-11-07 10:49:52,750 [INFO] ThirdPartyUpdaterWithRetryManager:70 - Updater plugin not ready yet. [1/15]
2024-11-07 10:49:52,751 [INFO] PluginManage:359 - Loaded plugin tools (category:base,tabindex:7)
2024-11-07 10:49:52,751 [INFO] PluginManage:310 - Check plugin tutovideos
2024-11-07 10:49:52,899 [INFO] PluginManage:359 - Loaded plugin tutovideos (category:base,tabindex:-1)
2024-11-07 10:49:52,899 [INFO] PluginManage:310 - Check plugin updater
2024-11-07 10:49:52,914 [INFO] PluginManage:359 - Loaded plugin updater (category:base,tabindex:12)
2024-11-07 10:49:52,914 [INFO] PluginManage:310 - Check plugin userauth
2024-11-07 10:49:52,920 [INFO] UserAuth:113 - Init User Auth plugin
2024-11-07 10:49:52,920 [INFO] PluginManage:359 - Loaded plugin userauth (category:base,tabindex:14)
2024-11-07 10:49:52,920 [INFO] PluginManage:283 - PluginManage : Loaded plugins [18]
2024-11-07 10:49:53,100 [INFO] PinOutPanel:1561 - setPackage(No Configuration,No Configuration)
2024-11-07 10:49:53,170 [INFO] CADModel:165 - CPN selected for project level
2024-11-07 10:49:53,170 [INFO] CADModel:114 - Register for checkConnection events
2024-11-07 10:49:53,184 [INFO] IPUIPlugin:80 - create IPUIPlugin
2024-11-07 10:49:53,185 [INFO] PluginManager:220 - loadIPPluginJar : add pdm2pcm
2024-11-07 10:49:53,186 [INFO] IPUIPlugin:80 - create IPUIPlugin
2024-11-07 10:49:53,187 [INFO] PluginManager:220 - loadIPPluginJar : add ucpd
2024-11-07 10:49:53,189 [INFO] IPUIPlugin:80 - create IPUIPlugin
2024-11-07 10:49:53,189 [INFO] PluginManager:220 - loadIPPluginJar : add lorawan
2024-11-07 10:49:53,192 [INFO] IPUIPlugin:80 - create IPUIPlugin
2024-11-07 10:49:53,192 [INFO] PluginManager:220 - loadIPPluginJar : add sai
2024-11-07 10:49:53,195 [INFO] IPUIPlugin:80 - create IPUIPlugin
2024-11-07 10:49:53,195 [INFO] PluginManager:220 - loadIPPluginJar : add openamp
2024-11-07 10:49:53,198 [INFO] IPUIPlugin:80 - create IPUIPlugin
2024-11-07 10:49:53,198 [INFO] PluginManager:220 - loadIPPluginJar : add touchsensing
2024-11-07 10:49:53,200 [INFO] IPUIPlugin:80 - create IPUIPlugin
2024-11-07 10:49:53,200 [INFO] PluginManager:220 - loadIPPluginJar : add i3c
2024-11-07 10:49:53,202 [INFO] IPUIPlugin:80 - create IPUIPlugin
2024-11-07 10:49:53,202 [INFO] PluginManager:220 - loadIPPluginJar : add usbx
2024-11-07 10:49:53,204 [INFO] IPUIPlugin:80 - create IPUIPlugin
2024-11-07 10:49:53,204 [INFO] PluginManager:220 - loadIPPluginJar : add gfxmmu
2024-11-07 10:49:53,211 [INFO] IPUIPlugin:80 - create IPUIPlugin
2024-11-07 10:49:53,211 [INFO] PluginManager:220 - loadIPPluginJar : add adc
2024-11-07 10:49:53,213 [INFO] IPUIPlugin:80 - create IPUIPlugin
2024-11-07 10:49:53,213 [INFO] PluginManager:220 - loadIPPluginJar : add dfsdm
2024-11-07 10:49:53,214 [INFO] IPUIPlugin:80 - create IPUIPlugin
2024-11-07 10:49:53,214 [INFO] PluginManager:220 - loadIPPluginJar : add genericplugin
2024-11-07 10:49:53,215 [INFO] IPUIPlugin:80 - create IPUIPlugin
2024-11-07 10:49:53,215 [INFO] PluginManager:220 - loadIPPluginJar : add tim
2024-11-07 10:49:53,220 [INFO] IPUIPlugin:80 - create IPUIPlugin
2024-11-07 10:49:53,220 [INFO] PluginManager:220 - loadIPPluginJar : add dma
2024-11-07 10:49:53,222 [INFO] IPUIPlugin:80 - create IPUIPlugin
2024-11-07 10:49:53,222 [INFO] PluginManager:220 - loadIPPluginJar : add aes
2024-11-07 10:49:53,229 [INFO] IPUIPlugin:80 - create IPUIPlugin
2024-11-07 10:49:53,231 [INFO] PluginManager:220 - loadIPPluginJar : add plateformsettings
2024-11-07 10:49:53,234 [INFO] IPUIPlugin:80 - create IPUIPlugin
2024-11-07 10:49:53,234 [INFO] PluginManager:220 - loadIPPluginJar : add gtzc
2024-11-07 10:49:53,238 [INFO] IPUIPlugin:80 - create IPUIPlugin
2024-11-07 10:49:53,238 [INFO] PluginManager:220 - loadIPPluginJar : add stm32_wpan
2024-11-07 10:49:53,240 [INFO] IPUIPlugin:80 - create IPUIPlugin
2024-11-07 10:49:53,240 [INFO] PluginManager:220 - loadIPPluginJar : add hash
2024-11-07 10:49:53,248 [INFO] IPUIPlugin:80 - create IPUIPlugin
2024-11-07 10:49:53,248 [INFO] PluginManager:220 - loadIPPluginJar : add linkedlist
2024-11-07 10:49:53,251 [INFO] IPUIPlugin:80 - create IPUIPlugin
2024-11-07 10:49:53,252 [INFO] PluginManager:220 - loadIPPluginJar : add ipddr
2024-11-07 10:49:53,253 [INFO] IPUIPlugin:80 - create IPUIPlugin
2024-11-07 10:49:53,253 [INFO] PluginManager:220 - loadIPPluginJar : add spi
2024-11-07 10:49:53,257 [INFO] IPUIPlugin:80 - create IPUIPlugin
2024-11-07 10:49:53,258 [INFO] PluginManager:220 - loadIPPluginJar : add gpio
2024-11-07 10:49:53,259 [INFO] IPUIPlugin:80 - create IPUIPlugin
2024-11-07 10:49:53,259 [INFO] PluginManager:220 - loadIPPluginJar : add quadspi
2024-11-07 10:49:53,318 [INFO] IPUIPlugin:80 - create IPUIPlugin
2024-11-07 10:49:53,319 [INFO] PluginManager:220 - loadIPPluginJar : add ltdc
2024-11-07 10:49:53,321 [INFO] IPUIPlugin:80 - create IPUIPlugin
2024-11-07 10:49:53,321 [INFO] PluginManager:220 - loadIPPluginJar : add extmemmanager
2024-11-07 10:49:53,323 [INFO] IPUIPlugin:80 - create IPUIPlugin
2024-11-07 10:49:53,323 [INFO] PluginManager:220 - loadIPPluginJar : add usart
2024-11-07 10:49:53,327 [INFO] IPUIPlugin:80 - create IPUIPlugin
2024-11-07 10:49:53,327 [INFO] PluginManager:220 - loadIPPluginJar : add nvic
2024-11-07 10:49:53,328 [INFO] IPUIPlugin:80 - create IPUIPlugin
2024-11-07 10:49:53,329 [INFO] PluginManager:220 - loadIPPluginJar : add radio
2024-11-07 10:49:53,331 [INFO] IPUIPlugin:80 - create IPUIPlugin
2024-11-07 10:49:53,331 [INFO] PluginManager:220 - loadIPPluginJar : add opamp
2024-11-07 10:49:53,333 [INFO] IPUIPlugin:80 - create IPUIPlugin
2024-11-07 10:49:53,333 [INFO] PluginManager:220 - loadIPPluginJar : add cryp
2024-11-07 10:49:53,337 [INFO] IPUIPlugin:80 - create IPUIPlugin
2024-11-07 10:49:53,337 [INFO] PluginManager:220 - loadIPPluginJar : add gic
2024-11-07 10:49:53,340 [INFO] IPUIPlugin:80 - create IPUIPlugin
2024-11-07 10:49:53,340 [INFO] PluginManager:220 - loadIPPluginJar : add ddr_ctrl_phy
2024-11-07 10:49:53,342 [INFO] IPUIPlugin:80 - create IPUIPlugin
2024-11-07 10:49:53,342 [INFO] PluginManager:220 - loadIPPluginJar : add dma3
2024-11-07 10:49:53,347 [INFO] IPUIPlugin:80 - create IPUIPlugin
2024-11-07 10:49:53,347 [INFO] PluginManager:220 - loadIPPluginJar : add freertos
2024-11-07 10:49:53,348 [INFO] IPUIPlugin:80 - create IPUIPlugin
2024-11-07 10:49:53,349 [INFO] PluginManager:220 - loadIPPluginJar : add fatfs
2024-11-07 10:49:53,352 [INFO] IPUIPlugin:80 - create IPUIPlugin
2024-11-07 10:49:53,352 [INFO] PluginManager:220 - loadIPPluginJar : add resmgrutility
2024-11-07 10:49:53,354 [INFO] IPUIPlugin:80 - create IPUIPlugin
2024-11-07 10:49:53,354 [INFO] PluginManager:220 - loadIPPluginJar : add i2s
2024-11-07 10:49:53,355 [INFO] IPUIPlugin:80 - create IPUIPlugin
2024-11-07 10:49:53,355 [INFO] PluginManager:220 - loadIPPluginJar : add comp
2024-11-07 10:49:53,357 [INFO] IPUIPlugin:80 - create IPUIPlugin
2024-11-07 10:49:53,357 [INFO] PluginManager:220 - loadIPPluginJar : add ts
2024-11-07 10:49:53,359 [INFO] IPUIPlugin:80 - create IPUIPlugin
2024-11-07 10:49:53,359 [INFO] PluginManager:220 - loadIPPluginJar : add i2c
2024-11-07 10:49:53,360 [INFO] IPUIPlugin:80 - create IPUIPlugin
2024-11-07 10:49:53,361 [INFO] PluginManager:220 - loadIPPluginJar : add can
2024-11-07 10:49:53,362 [INFO] IPUIPlugin:80 - create IPUIPlugin
2024-11-07 10:49:53,362 [INFO] PluginManager:220 - loadIPPluginJar : add tsc
2024-11-07 10:49:53,365 [INFO] IPUIPlugin:80 - create IPUIPlugin
2024-11-07 10:49:53,365 [INFO] PluginManager:220 - loadIPPluginJar : add fmc
2024-11-07 10:49:53,371 [INFO] IPUIPlugin:80 - create IPUIPlugin
2024-11-07 10:49:53,371 [INFO] PluginManager:220 - loadIPPluginJar : add mdma
2024-11-07 10:49:53,373 [INFO] IPUIPlugin:80 - create IPUIPlugin
2024-11-07 10:49:53,373 [INFO] PluginManager:220 - loadIPPluginJar : add tracer_emb
2024-11-07 10:49:53,470 [INFO] CADModel:165 - CPN selected for project level
2024-11-07 10:49:53,471 [INFO] CADModel:114 - Register for checkConnection events
2024-11-07 10:49:53,471 [FATAL] Updater:334 - Updater called before beeing initialized
2024-11-07 10:49:53,471 [ERROR] CADModel:125 - Updater not yet initialized, retry later 
2024-11-07 10:49:53,566 [INFO] CADModel:165 - CPN selected for project level
2024-11-07 10:49:53,566 [INFO] CADModel:114 - Register for checkConnection events
2024-11-07 10:49:53,566 [FATAL] Updater:334 - Updater called before beeing initialized
2024-11-07 10:49:53,566 [ERROR] CADModel:125 - Updater not yet initialized, retry later 
2024-11-07 10:49:53,569 [FATAL] Updater:334 - Updater called before beeing initialized
2024-11-07 10:49:53,617 [FATAL] Updater:334 - Updater called before beeing initialized
2024-11-07 10:49:53,620 [INFO] DbMcusAds:53 - JSON generation date=Fri Sep 20 10:04:38 BRT 2024 (1726837478367)
2024-11-07 10:49:53,620 [FATAL] Updater:334 - Updater called before beeing initialized
2024-11-07 10:49:53,645 [WARN] DetailPanel:346 - Failed to get advertising image, set to default
2024-11-07 10:49:53,705 [FATAL] Updater:334 - Updater called before beeing initialized
2024-11-07 10:49:53,706 [FATAL] Updater:334 - Updater called before beeing initialized
2024-11-07 10:49:53,707 [FATAL] Updater:334 - Updater called before beeing initialized
2024-11-07 10:49:53,707 [WARN] DetailPanel:346 - Failed to get advertising image, set to default
2024-11-07 10:49:53,707 [FATAL] Updater:334 - Updater called before beeing initialized
2024-11-07 10:49:53,727 [ERROR] Updater:1164 - MainUpdater not yet initialized. External WinMGr cannot be set.
2024-11-07 10:49:53,728 [INFO] Updater:1100 - Updater Version found : 6.12.1
2024-11-07 10:49:53,744 [INFO] ApplicationProperties:184 - Using Application install path: /opt/st/stm32cubeide_1.16.1_2/plugins/com.st.stm32cube.common.mx_6.12.1.202409122256
2024-11-07 10:49:53,933 [INFO] MainUpdater:2873 - connection check result : 10
2024-11-07 10:49:53,934 [INFO] MainUpdater:290 - Updater Check For Update Now.
2024-11-07 10:49:53,934 [INFO] MicroXplorer:498 - Change Database Version : DB.6.0.121
2024-11-07 10:49:53,937 [INFO] McuFinderGlobals:63 - Set McuFinder mode to 2 (CubeIDE integrated)
2024-11-07 10:49:53,937 [INFO] UserAuth:179 - activating auth plugin
2024-11-07 10:49:53,941 [INFO] UserAuth:417 - Internet connection configuration mode: 1
2024-11-07 10:49:53,954 [INFO] JxBrowserEngine:152 - Initiate JxBrowser Engine with user profile folder
2024-11-07 10:49:54,123 [INFO] CheckServerUpdateThread:120 - End of CheckServer Thread
2024-11-07 10:49:56,040 [WARN] PackLoader:240 - Cannot read IP mode file for STMicroelectronics.FP-SNS-MOTENVWB1.1.4.0
2024-11-07 10:49:56,071 [WARN] PackLoader:240 - Cannot read IP mode file for STMicroelectronics.X-CUBE-SMBUS.2.1.0
2024-11-07 10:49:56,121 [WARN] PackLoader:240 - Cannot read IP mode file for STMicroelectronics.X-CUBE-AZRTOS-F7.1.1.0
2024-11-07 10:49:56,134 [INFO] WebApp:167 - Instantiating new browser for Auth
2024-11-07 10:49:56,135 [WARN] PackLoader:240 - Cannot read IP mode file for STMicroelectronics.FP-SNS-FLIGHT1.5.0.2
2024-11-07 10:49:56,147 [WARN] PackLoader:240 - Cannot read IP mode file for STMicroelectronics.X-CUBE-DISPLAY.3.0.0
2024-11-07 10:49:56,210 [WARN] PackLoader:240 - Cannot read IP mode file for STMicroelectronics.X-CUBE-BLE1.7.0.0
2024-11-07 10:49:56,227 [WARN] PackLoader:240 - Cannot read IP mode file for STMicroelectronics.X-CUBE-BLEMGR.3.1.0
2024-11-07 10:49:56,238 [WARN] PackLoader:240 - Cannot read IP mode file for STMicroelectronics.FP-SNS-SMARTAG2.1.2.0
2024-11-07 10:49:56,260 [INFO] LogOutputStream:77 - [STDOUT_REDIRECT] 1 : Invalid condition id : UX_CORESTACK_Condition cause : null
2024-11-07 10:49:56,260 [INFO] LogOutputStream:77 - [STDOUT_REDIRECT] 1 : Invalid condition id : UX_CORESTACK_Condition cause : null
2024-11-07 10:49:56,261 [INFO] LogOutputStream:77 - [STDOUT_REDIRECT] 1 : Invalid condition id : UX_CORESTACK_Condition cause : null
2024-11-07 10:49:56,261 [INFO] LogOutputStream:77 - [STDOUT_REDIRECT] 1 : Invalid condition id : UX_CORESTACK_Condition cause : null
2024-11-07 10:49:56,261 [INFO] LogOutputStream:77 - [STDOUT_REDIRECT] 1 : Invalid condition id : UX_CORESTACK_Condition cause : null
2024-11-07 10:49:56,265 [WARN] PackLoader:240 - Cannot read IP mode file for STMicroelectronics.X-CUBE-AZRTOS-WL.2.0.0
2024-11-07 10:49:56,272 [WARN] PackLoader:240 - Cannot read IP mode file for STMicroelectronics.FP-SNS-MOTENV1.5.0.0
2024-11-07 10:49:56,292 [WARN] PackLoader:240 - Cannot read IP mode file for wolfSSL.I-CUBE-wolfMQTT.1.19.0
2024-11-07 10:49:56,305 [WARN] PackLoader:240 - Cannot read IP mode file for STMicroelectronics.X-CUBE-BLE2.3.3.0
2024-11-07 10:49:56,321 [WARN] PackLoader:240 - Cannot read IP mode file for STMicroelectronics.X-CUBE-TCPP.4.1.0
2024-11-07 10:49:56,347 [WARN] PackLoader:240 - Cannot read IP mode file for STMicroelectronics.X-CUBE-AZRTOS-G0.1.1.0
2024-11-07 10:49:56,363 [WARN] PackLoader:240 - Cannot read IP mode file for STMicroelectronics.X-CUBE-SAFEA1.1.2.2
2024-11-07 10:49:56,415 [WARN] PackLoader:240 - Cannot read IP mode file for STMicroelectronics.X-CUBE-NFC4.3.0.0
2024-11-07 10:49:56,428 [WARN] PackLoader:240 - Cannot read IP mode file for STMicroelectronics.FP-ATR-SIGFOX1.3.2.0
2024-11-07 10:49:56,467 [WARN] PackLoader:240 - Cannot read IP mode file for STMicroelectronics.X-CUBE-EEPRMA1.5.1.0
2024-11-07 10:49:56,526 [WARN] PackLoader:240 - Cannot read IP mode file for SEGGER.I-CUBE-embOS.1.3.1
2024-11-07 10:49:56,575 [WARN] PackLoader:240 - Cannot read IP mode file for STMicroelectronics.X-CUBE-ALGOBUILD.1.4.0
2024-11-07 10:49:56,708 [WARN] PackLoader:240 - Cannot read IP mode file for STMicroelectronics.X-CUBE-AZRTOS-F4.1.1.0
2024-11-07 10:49:56,715 [WARN] PackLoader:240 - Cannot read IP mode file for STMicroelectronics.X-CUBE-FREERTOS.1.2.0
2024-11-07 10:49:56,735 [WARN] PackLoader:240 - Cannot read IP mode file for STMicroelectronics.X-CUBE-AZRTOS-L5.2.0.0
2024-11-07 10:49:56,744 [WARN] PackLoader:240 - Cannot read IP mode file for STMicroelectronics.X-CUBE-NFC6.3.1.0
2024-11-07 10:49:56,751 [WARN] PackLoader:240 - Cannot read IP mode file for STMicroelectronics.X-CUBE-NFC7.1.0.1
2024-11-07 10:49:56,775 [WARN] ConditionMgr:438 - getConditionDescription Invalid condition id : LAN8742 Phy interface Condition cause : null
2024-11-07 10:49:56,775 [WARN] PackLoader:240 - Cannot read IP mode file for STMicroelectronics.X-CUBE-AZRTOS-L4.2.0.0
2024-11-07 10:49:56,776 [WARN] ConditionMgr:1039 - genDependencies : Invalid condition id : LAN8742 Phy interface Condition cause : null
2024-11-07 10:49:56,777 [WARN] ConditionMgr:1039 - genDependencies : Invalid condition id : LAN8742 Phy interface Condition cause : null
2024-11-07 10:49:56,777 [WARN] ConditionMgr:1039 - genDependencies : Invalid condition id : LAN8742 Phy interface Condition cause : null
2024-11-07 10:49:56,790 [WARN] PackLoader:240 - Cannot read IP mode file for STMicroelectronics.X-CUBE-SFXS2LP1.4.0.0
2024-11-07 10:49:56,866 [WARN] ConditionMgr:438 - getConditionDescription Invalid condition id : UX DEVICE CLASS RTOS Condition cause : null
2024-11-07 10:49:56,866 [WARN] ConditionMgr:438 - getConditionDescription Invalid condition id : UX DEVICE CLASS RTOS Condition cause : null
2024-11-07 10:49:56,867 [WARN] PackLoader:240 - Cannot read IP mode file for STMicroelectronics.X-CUBE-AZRTOS-WB.2.0.0
2024-11-07 10:49:56,868 [WARN] ConditionMgr:1039 - genDependencies : Invalid condition id : UX DEVICE CLASS RTOS Condition cause : null
2024-11-07 10:49:56,868 [WARN] ConditionMgr:1039 - genDependencies : Invalid condition id : UX DEVICE CLASS RTOS Condition cause : null
2024-11-07 10:49:56,868 [WARN] ConditionMgr:1039 - genDependencies : Invalid condition id : UX DEVICE CLASS RTOS Condition cause : null
2024-11-07 10:49:56,869 [WARN] ConditionMgr:1039 - genDependencies : Invalid condition id : UX DEVICE CLASS RTOS Condition cause : null
2024-11-07 10:49:56,869 [WARN] ConditionMgr:1039 - genDependencies : Invalid condition id : UX DEVICE CLASS RTOS Condition cause : null
2024-11-07 10:49:56,890 [WARN] PackLoader:240 - Cannot read IP mode file for STMicroelectronics.X-CUBE-SUBG2.5.0.0
2024-11-07 10:49:56,913 [WARN] PackLoader:240 - Cannot read IP mode file for STMicroelectronics.X-CUBE-AZRTOS-G4.2.0.0
2024-11-07 10:49:56,922 [WARN] PackLoader:240 - Cannot read IP mode file for STMicroelectronics.X-CUBE-ALS.1.0.2
2024-11-07 10:49:56,942 [WARN] PackLoader:240 - Cannot read IP mode file for portGmbH.I-Cube-SoM-uGOAL.1.1.0
2024-11-07 10:49:56,982 [WARN] PackLoader:240 - Cannot read IP mode file for STMicroelectronics.X-CUBE-AZRTOS-H7RS.1.0.0
2024-11-07 10:49:56,987 [WARN] PackLoader:240 - Cannot read IP mode file for STMicroelectronics.FP-ATR-ASTRA1.2.0.0
2024-11-07 10:49:56,988 [INFO] ThirdParty:978 - Integrity check success = true
2024-11-07 10:49:56,988 [INFO] IntegrityCheckThread:100 - exiting critical section [integrity check]
2024-11-07 10:49:56,988 [INFO] IntegrityCheckThread:103 - End integrity checks thread
2024-11-07 10:49:58,110 [INFO] WebApp:448 - Apply proxy settings
2024-11-07 10:49:58,111 [INFO] WebApp:533 - Chromium requires no authentication
2024-11-07 10:49:58,240 [INFO] WebApp:476 - Direct internet connection detected
2024-11-07 10:49:58,281 [INFO] WebApp:869 - Register for checkConnection events
2024-11-07 10:49:58,281 [INFO] WebApp:448 - Apply proxy settings
2024-11-07 10:49:58,281 [INFO] WebApp:533 - Chromium requires no authentication
2024-11-07 10:49:58,282 [INFO] WebApp:476 - Direct internet connection detected
2024-11-07 10:49:58,472 [INFO] WebApp:220 - Starting web application
2024-11-07 10:49:58,472 [INFO] WebApp:578 - Web application path used /opt/st/stm32cubeide_1.16.1_2/plugins/com.st.stm32cube.common.mx_6.12.1.202409122256/db/plugins/mcufinder/reactClient1/index.html
2024-11-07 10:49:59,035 [INFO] WebApp:186 - Connection restablished
2024-11-07 15:01:29,497 [INFO] WebApp:189 - Connection lost
2024-11-07 19:20:03,927 [INFO] WebApp:186 - Connection restablished
2024-11-07 21:16:17,598 [ERROR] LogOutputStream:75 - [STDERR_REDIRECT] SWT SessionManagerDBus: Failed to UnregisterClient: GDBus.Error:org.freedesktop.DBus.Error.NoReply: Message recipient disconnected from message bus without replying
2024-11-07 21:16:17,652 [ERROR] LogOutputStream:75 - [STDERR_REDIRECT] 
