2024-10-22 15:52:06,180 [INFO] Activator:176 - 


2024-10-22 15:52:06,183 [INFO] Activator:177 - !SESSION log4j initialized
2024-10-22 15:52:08,094 [INFO] LogOutputStream:77 - [STDOUT_REDIRECT] 
2024-10-22 15:52:09,069 [INFO] ApplicationProperties:184 - Using Application install path: /opt/st/stm32cubeide_1.16.1_2/plugins/com.st.stm32cube.common.mx_6.12.1.202409122256
2024-10-22 15:52:09,091 [INFO] DbMcusXml:78 - Set database path to: /opt/st/stm32cubeide_1.16.1_2/plugins/com.st.stm32cube.common.mx_6.12.1.202409122256//db//mcu/
2024-10-22 15:52:09,091 [INFO] ApiDb:274 - Set plugin database path to: /opt/st/stm32cubeide_1.16.1_2/plugins/com.st.stm32cube.common.mx_6.12.1.202409122256//db//plugins/boardmanager/
2024-10-22 15:52:09,092 [WARN] ApiDb:259 - Overriding images path with different value:  => /opt/st/stm32cubeide_1.16.1_2/plugins/com.st.stm32cube.common.mx_6.12.1.202409122256//db//plugins/mcufinder/images/
2024-10-22 15:52:09,097 [INFO] ApiDb:250 - Set database path to: /home/marcos/.stmcufinder/plugins/mcufinder//mcu/
2024-10-22 15:52:09,098 [INFO] DbMcusAds:125 - Set database path to: /home/marcos/.stmcufinder/plugins/mcufinder//mcu/
2024-10-22 15:52:09,101 [INFO] CrossReferenceDbSqlite:203 - Set database path to: /home/marcos/.stmcufinder/plugins/mcufinder//mcu/cs/
2024-10-22 15:52:09,240 [INFO] RulesReader:64 - Compatibility file has been processed (297 Rules)
2024-10-22 15:52:09,331 [INFO] DbMcusXml:78 - Set database path to: /opt/st/stm32cubeide_1.16.1_2/plugins/com.st.stm32cube.common.mx_6.12.1.202409122256//db//mcu/
2024-10-22 15:52:09,331 [INFO] ApiDb:274 - Set plugin database path to: /opt/st/stm32cubeide_1.16.1_2/plugins/com.st.stm32cube.common.mx_6.12.1.202409122256//db//plugins/boardmanager/
2024-10-22 15:52:09,334 [INFO] ApiDb:261 - Set plugin images path to: /opt/st/stm32cubeide_1.16.1_2/plugins/com.st.stm32cube.common.mx_6.12.1.202409122256//db//plugins/mcufinder/images/
2024-10-22 15:52:09,334 [WARN] DbFile:41 - Overriding database path with different value: /home/marcos/.stmcufinder/plugins/mcufinder/ => /home/marcos/.stmcufinder/plugins/mcufinder
2024-10-22 15:52:09,334 [INFO] ApiDb:250 - Set database path to: /home/marcos/.stmcufinder/plugins/mcufinder//mcu/
2024-10-22 15:52:09,334 [WARN] DbFile:41 - Overriding database path with different value: /home/marcos/.stmcufinder/plugins/mcufinder/ => /home/marcos/.stmcufinder/plugins/mcufinder
2024-10-22 15:52:09,335 [INFO] DbMcusAds:125 - Set database path to: /home/marcos/.stmcufinder/plugins/mcufinder//mcu/
2024-10-22 15:52:09,335 [WARN] DbFile:41 - Overriding database path with different value: /home/marcos/.stmcufinder/plugins/mcufinder/ => /home/marcos/.stmcufinder/plugins/mcufinder
2024-10-22 15:52:09,335 [WARN] DbFile:41 - Overriding database path with different value: /home/marcos/.stmcufinder/plugins/mcufinder/ => /home/marcos/.stmcufinder/plugins/mcufinder
2024-10-22 15:52:09,335 [INFO] CrossReferenceDbSqlite:203 - Set database path to: /home/marcos/.stmcufinder/plugins/mcufinder//mcu/cs/
2024-10-22 15:52:09,456 [INFO] MainPanel:268 - HeapMemory: 268435456
2024-10-22 15:52:09,657 [INFO] DbMcusXml:78 - Set database path to: /opt/st/stm32cubeide_1.16.1_2/plugins/com.st.stm32cube.common.mx_6.12.1.202409122256//db//mcu/
2024-10-22 15:52:09,657 [INFO] ApiDb:274 - Set plugin database path to: /opt/st/stm32cubeide_1.16.1_2/plugins/com.st.stm32cube.common.mx_6.12.1.202409122256//db//plugins/boardmanager/
2024-10-22 15:52:09,657 [INFO] ApiDb:261 - Set plugin images path to: /opt/st/stm32cubeide_1.16.1_2/plugins/com.st.stm32cube.common.mx_6.12.1.202409122256//db//plugins/mcufinder/images/
2024-10-22 15:52:09,658 [WARN] DbFile:41 - Overriding database path with different value: /home/marcos/.stmcufinder/plugins/mcufinder/ => /home/marcos/.stmcufinder/plugins/mcufinder
2024-10-22 15:52:09,658 [INFO] ApiDb:250 - Set database path to: /home/marcos/.stmcufinder/plugins/mcufinder//mcu/
2024-10-22 15:52:09,659 [WARN] DbFile:41 - Overriding database path with different value: /home/marcos/.stmcufinder/plugins/mcufinder/ => /home/marcos/.stmcufinder/plugins/mcufinder
2024-10-22 15:52:09,659 [INFO] DbMcusAds:125 - Set database path to: /home/marcos/.stmcufinder/plugins/mcufinder//mcu/
2024-10-22 15:52:09,659 [WARN] DbFile:41 - Overriding database path with different value: /home/marcos/.stmcufinder/plugins/mcufinder/ => /home/marcos/.stmcufinder/plugins/mcufinder
2024-10-22 15:52:09,659 [WARN] DbFile:41 - Overriding database path with different value: /home/marcos/.stmcufinder/plugins/mcufinder/ => /home/marcos/.stmcufinder/plugins/mcufinder
2024-10-22 15:52:09,659 [INFO] CrossReferenceDbSqlite:203 - Set database path to: /home/marcos/.stmcufinder/plugins/mcufinder//mcu/cs/
2024-10-22 15:52:09,675 [INFO] ApplicationProperties:184 - Using Application install path: /opt/st/stm32cubeide_1.16.1_2/plugins/com.st.stm32cube.common.mx_6.12.1.202409122256
2024-10-22 15:52:09,676 [INFO] PluginManage:196 - Search for loadable plugins [exclusion list=, ]
2024-10-22 15:52:09,678 [INFO] PluginManage:310 - Check plugin analytics
2024-10-22 15:52:09,844 [INFO] AnalyticsPlugin:253 - Accepted Software Licenses: 
2024-10-22 15:52:09,844 [INFO] AnalyticsPlugin:255 - Accepted CMSIS Pack Licenses: 
2024-10-22 15:52:09,844 [INFO] AnalyticsPlugin:257 - Accepted Firmware Licenses: 
2024-10-22 15:52:09,846 [INFO] PluginManage:359 - Loaded plugin analytics (category:tool,tabindex:-1)
2024-10-22 15:52:09,846 [INFO] PluginManage:310 - Check plugin cadmodel
2024-10-22 15:52:09,850 [INFO] CADModel:105 - Init CAD model plugin
2024-10-22 15:52:09,851 [INFO] PluginManage:359 - Loaded plugin cadmodel (category:power,tabindex:5)
2024-10-22 15:52:09,851 [INFO] PluginManage:310 - Check plugin clock
2024-10-22 15:52:09,859 [INFO] PluginManage:359 - Loaded plugin clock (category:base,tabindex:2)
2024-10-22 15:52:09,859 [INFO] PluginManage:310 - Check plugin ddr
2024-10-22 15:52:09,861 [INFO] PluginManage:359 - Loaded plugin ddr (category:tool,tabindex:6)
2024-10-22 15:52:09,861 [INFO] PluginManage:310 - Check plugin filemanager
2024-10-22 15:52:10,009 [INFO] PluginManage:359 - Loaded plugin filemanager (category:base,tabindex:10)
2024-10-22 15:52:10,010 [INFO] PluginManage:310 - Check plugin ipmanager
2024-10-22 15:52:10,016 [INFO] PluginManage:359 - Loaded plugin ipmanager (category:base,tabindex:5)
2024-10-22 15:52:10,016 [INFO] PluginManage:310 - Check plugin lpbam
2024-10-22 15:52:10,028 [INFO] PluginManage:359 - Loaded plugin lpbam (category:base,tabindex:0)
2024-10-22 15:52:10,037 [INFO] PluginManage:310 - Check plugin memorymap
2024-10-22 15:52:10,049 [INFO] PluginManage:359 - Loaded plugin memorymap (category:base,tabindex:4)
2024-10-22 15:52:10,049 [INFO] PluginManage:310 - Check plugin pinoutandconfiguration
2024-10-22 15:52:10,057 [INFO] PluginManage:359 - Loaded plugin pinoutandconfiguration (category:base,tabindex:1)
2024-10-22 15:52:10,057 [INFO] PluginManage:310 - Check plugin pinoutconfig
2024-10-22 15:52:10,142 [WARN] SupportedApi:132 - Cannot load RTOS API schema: s4s-elt-must-match.1: The content of 'definitions' must match (annotation?, (simpleType | complexType)?, (unique | key | keyref)*)). A problem was found starting at: attribute.
2024-10-22 15:52:10,238 [INFO] PluginManage:359 - Loaded plugin pinoutconfig (category:base,tabindex:0)
2024-10-22 15:52:10,238 [INFO] PluginManage:310 - Check plugin power
2024-10-22 15:52:10,245 [INFO] PluginManage:359 - Loaded plugin power (category:power,tabindex:4)
2024-10-22 15:52:10,245 [INFO] PluginManage:310 - Check plugin projectmanager
2024-10-22 15:52:10,257 [INFO] PluginManage:359 - Loaded plugin projectmanager (category:projectmanager,tabindex:4)
2024-10-22 15:52:10,257 [INFO] PluginManage:310 - Check plugin rif
2024-10-22 15:52:10,263 [INFO] PluginManage:359 - Loaded plugin rif (category:base,tabindex:3)
2024-10-22 15:52:10,263 [INFO] PluginManage:310 - Check plugin thirdparty
2024-10-22 15:52:10,356 [INFO] PluginManage:359 - Loaded plugin thirdparty (category:base,tabindex:-1)
2024-10-22 15:52:10,357 [INFO] PluginManage:310 - Check plugin tools
2024-10-22 15:52:10,356 [WARN] IntegrityCheckThread:84 - waiting for thirdparty lock release [integrity check]
2024-10-22 15:52:10,357 [INFO] IntegrityCheckThread:86 - entering critical section [integrity check]
2024-10-22 15:52:10,359 [INFO] PluginManage:359 - Loaded plugin tools (category:base,tabindex:7)
2024-10-22 15:52:10,359 [INFO] PluginManage:310 - Check plugin tutovideos
2024-10-22 15:52:10,359 [INFO] ThirdPartyUpdaterWithRetryManager:70 - Updater plugin not ready yet. [1/15]
2024-10-22 15:52:10,470 [INFO] PluginManage:359 - Loaded plugin tutovideos (category:base,tabindex:-1)
2024-10-22 15:52:10,470 [INFO] PluginManage:310 - Check plugin updater
2024-10-22 15:52:10,484 [INFO] PluginManage:359 - Loaded plugin updater (category:base,tabindex:12)
2024-10-22 15:52:10,485 [INFO] PluginManage:310 - Check plugin userauth
2024-10-22 15:52:10,490 [INFO] UserAuth:113 - Init User Auth plugin
2024-10-22 15:52:10,491 [INFO] PluginManage:359 - Loaded plugin userauth (category:base,tabindex:14)
2024-10-22 15:52:10,491 [INFO] PluginManage:283 - PluginManage : Loaded plugins [18]
2024-10-22 15:52:10,621 [INFO] PinOutPanel:1561 - setPackage(No Configuration,No Configuration)
2024-10-22 15:52:10,674 [INFO] CADModel:165 - CPN selected for project level
2024-10-22 15:52:10,674 [INFO] CADModel:114 - Register for checkConnection events
2024-10-22 15:52:10,683 [INFO] IPUIPlugin:80 - create IPUIPlugin
2024-10-22 15:52:10,683 [INFO] PluginManager:220 - loadIPPluginJar : add pdm2pcm
2024-10-22 15:52:10,684 [INFO] IPUIPlugin:80 - create IPUIPlugin
2024-10-22 15:52:10,684 [INFO] PluginManager:220 - loadIPPluginJar : add ucpd
2024-10-22 15:52:10,686 [INFO] IPUIPlugin:80 - create IPUIPlugin
2024-10-22 15:52:10,686 [INFO] PluginManager:220 - loadIPPluginJar : add lorawan
2024-10-22 15:52:10,689 [INFO] IPUIPlugin:80 - create IPUIPlugin
2024-10-22 15:52:10,689 [INFO] PluginManager:220 - loadIPPluginJar : add sai
2024-10-22 15:52:10,691 [INFO] IPUIPlugin:80 - create IPUIPlugin
2024-10-22 15:52:10,691 [INFO] PluginManager:220 - loadIPPluginJar : add openamp
2024-10-22 15:52:10,693 [INFO] IPUIPlugin:80 - create IPUIPlugin
2024-10-22 15:52:10,694 [INFO] PluginManager:220 - loadIPPluginJar : add touchsensing
2024-10-22 15:52:10,695 [INFO] IPUIPlugin:80 - create IPUIPlugin
2024-10-22 15:52:10,695 [INFO] PluginManager:220 - loadIPPluginJar : add i3c
2024-10-22 15:52:10,696 [INFO] IPUIPlugin:80 - create IPUIPlugin
2024-10-22 15:52:10,696 [INFO] PluginManager:220 - loadIPPluginJar : add usbx
2024-10-22 15:52:10,698 [INFO] IPUIPlugin:80 - create IPUIPlugin
2024-10-22 15:52:10,698 [INFO] PluginManager:220 - loadIPPluginJar : add gfxmmu
2024-10-22 15:52:10,701 [INFO] IPUIPlugin:80 - create IPUIPlugin
2024-10-22 15:52:10,701 [INFO] PluginManager:220 - loadIPPluginJar : add adc
2024-10-22 15:52:10,703 [INFO] IPUIPlugin:80 - create IPUIPlugin
2024-10-22 15:52:10,703 [INFO] PluginManager:220 - loadIPPluginJar : add dfsdm
2024-10-22 15:52:10,704 [INFO] IPUIPlugin:80 - create IPUIPlugin
2024-10-22 15:52:10,704 [INFO] PluginManager:220 - loadIPPluginJar : add genericplugin
2024-10-22 15:52:10,707 [INFO] IPUIPlugin:80 - create IPUIPlugin
2024-10-22 15:52:10,707 [INFO] PluginManager:220 - loadIPPluginJar : add tim
2024-10-22 15:52:10,711 [INFO] IPUIPlugin:80 - create IPUIPlugin
2024-10-22 15:52:10,712 [INFO] PluginManager:220 - loadIPPluginJar : add dma
2024-10-22 15:52:10,713 [INFO] IPUIPlugin:80 - create IPUIPlugin
2024-10-22 15:52:10,713 [INFO] PluginManager:220 - loadIPPluginJar : add aes
2024-10-22 15:52:10,719 [INFO] IPUIPlugin:80 - create IPUIPlugin
2024-10-22 15:52:10,720 [INFO] PluginManager:220 - loadIPPluginJar : add plateformsettings
2024-10-22 15:52:10,722 [INFO] IPUIPlugin:80 - create IPUIPlugin
2024-10-22 15:52:10,722 [INFO] PluginManager:220 - loadIPPluginJar : add gtzc
2024-10-22 15:52:10,726 [INFO] IPUIPlugin:80 - create IPUIPlugin
2024-10-22 15:52:10,726 [INFO] PluginManager:220 - loadIPPluginJar : add stm32_wpan
2024-10-22 15:52:10,728 [INFO] IPUIPlugin:80 - create IPUIPlugin
2024-10-22 15:52:10,728 [INFO] PluginManager:220 - loadIPPluginJar : add hash
2024-10-22 15:52:10,734 [INFO] IPUIPlugin:80 - create IPUIPlugin
2024-10-22 15:52:10,734 [INFO] PluginManager:220 - loadIPPluginJar : add linkedlist
2024-10-22 15:52:10,737 [INFO] IPUIPlugin:80 - create IPUIPlugin
2024-10-22 15:52:10,737 [INFO] PluginManager:220 - loadIPPluginJar : add ipddr
2024-10-22 15:52:10,739 [INFO] IPUIPlugin:80 - create IPUIPlugin
2024-10-22 15:52:10,739 [INFO] PluginManager:220 - loadIPPluginJar : add spi
2024-10-22 15:52:10,743 [INFO] IPUIPlugin:80 - create IPUIPlugin
2024-10-22 15:52:10,743 [INFO] PluginManager:220 - loadIPPluginJar : add gpio
2024-10-22 15:52:10,744 [INFO] IPUIPlugin:80 - create IPUIPlugin
2024-10-22 15:52:10,744 [INFO] PluginManager:220 - loadIPPluginJar : add quadspi
2024-10-22 15:52:10,745 [INFO] IPUIPlugin:80 - create IPUIPlugin
2024-10-22 15:52:10,745 [INFO] PluginManager:220 - loadIPPluginJar : add ltdc
2024-10-22 15:52:10,747 [INFO] IPUIPlugin:80 - create IPUIPlugin
2024-10-22 15:52:10,747 [INFO] PluginManager:220 - loadIPPluginJar : add extmemmanager
2024-10-22 15:52:10,749 [INFO] IPUIPlugin:80 - create IPUIPlugin
2024-10-22 15:52:10,750 [INFO] PluginManager:220 - loadIPPluginJar : add usart
2024-10-22 15:52:10,753 [INFO] IPUIPlugin:80 - create IPUIPlugin
2024-10-22 15:52:10,754 [INFO] PluginManager:220 - loadIPPluginJar : add nvic
2024-10-22 15:52:10,755 [INFO] IPUIPlugin:80 - create IPUIPlugin
2024-10-22 15:52:10,755 [INFO] PluginManager:220 - loadIPPluginJar : add radio
2024-10-22 15:52:10,757 [INFO] IPUIPlugin:80 - create IPUIPlugin
2024-10-22 15:52:10,757 [INFO] PluginManager:220 - loadIPPluginJar : add opamp
2024-10-22 15:52:10,760 [INFO] IPUIPlugin:80 - create IPUIPlugin
2024-10-22 15:52:10,760 [INFO] PluginManager:220 - loadIPPluginJar : add cryp
2024-10-22 15:52:10,763 [INFO] IPUIPlugin:80 - create IPUIPlugin
2024-10-22 15:52:10,764 [INFO] PluginManager:220 - loadIPPluginJar : add gic
2024-10-22 15:52:10,766 [INFO] IPUIPlugin:80 - create IPUIPlugin
2024-10-22 15:52:10,766 [INFO] PluginManager:220 - loadIPPluginJar : add ddr_ctrl_phy
2024-10-22 15:52:10,768 [INFO] IPUIPlugin:80 - create IPUIPlugin
2024-10-22 15:52:10,768 [INFO] PluginManager:220 - loadIPPluginJar : add dma3
2024-10-22 15:52:10,772 [INFO] IPUIPlugin:80 - create IPUIPlugin
2024-10-22 15:52:10,772 [INFO] PluginManager:220 - loadIPPluginJar : add freertos
2024-10-22 15:52:10,773 [INFO] IPUIPlugin:80 - create IPUIPlugin
2024-10-22 15:52:10,773 [INFO] PluginManager:220 - loadIPPluginJar : add fatfs
2024-10-22 15:52:10,776 [INFO] IPUIPlugin:80 - create IPUIPlugin
2024-10-22 15:52:10,776 [INFO] PluginManager:220 - loadIPPluginJar : add resmgrutility
2024-10-22 15:52:10,778 [INFO] IPUIPlugin:80 - create IPUIPlugin
2024-10-22 15:52:10,778 [INFO] PluginManager:220 - loadIPPluginJar : add i2s
2024-10-22 15:52:10,779 [INFO] IPUIPlugin:80 - create IPUIPlugin
2024-10-22 15:52:10,779 [INFO] PluginManager:220 - loadIPPluginJar : add comp
2024-10-22 15:52:10,780 [INFO] IPUIPlugin:80 - create IPUIPlugin
2024-10-22 15:52:10,780 [INFO] PluginManager:220 - loadIPPluginJar : add ts
2024-10-22 15:52:10,782 [INFO] IPUIPlugin:80 - create IPUIPlugin
2024-10-22 15:52:10,782 [INFO] PluginManager:220 - loadIPPluginJar : add i2c
2024-10-22 15:52:10,783 [INFO] IPUIPlugin:80 - create IPUIPlugin
2024-10-22 15:52:10,783 [INFO] PluginManager:220 - loadIPPluginJar : add can
2024-10-22 15:52:10,784 [INFO] IPUIPlugin:80 - create IPUIPlugin
2024-10-22 15:52:10,784 [INFO] PluginManager:220 - loadIPPluginJar : add tsc
2024-10-22 15:52:10,786 [INFO] IPUIPlugin:80 - create IPUIPlugin
2024-10-22 15:52:10,786 [INFO] PluginManager:220 - loadIPPluginJar : add fmc
2024-10-22 15:52:10,792 [INFO] IPUIPlugin:80 - create IPUIPlugin
2024-10-22 15:52:10,792 [INFO] PluginManager:220 - loadIPPluginJar : add mdma
2024-10-22 15:52:10,794 [INFO] IPUIPlugin:80 - create IPUIPlugin
2024-10-22 15:52:10,794 [INFO] PluginManager:220 - loadIPPluginJar : add tracer_emb
2024-10-22 15:52:10,894 [INFO] CADModel:165 - CPN selected for project level
2024-10-22 15:52:10,894 [INFO] CADModel:114 - Register for checkConnection events
2024-10-22 15:52:10,895 [FATAL] Updater:334 - Updater called before beeing initialized
2024-10-22 15:52:10,895 [ERROR] CADModel:125 - Updater not yet initialized, retry later 
2024-10-22 15:52:10,979 [INFO] CADModel:165 - CPN selected for project level
2024-10-22 15:52:10,980 [INFO] CADModel:114 - Register for checkConnection events
2024-10-22 15:52:10,980 [FATAL] Updater:334 - Updater called before beeing initialized
2024-10-22 15:52:10,980 [ERROR] CADModel:125 - Updater not yet initialized, retry later 
2024-10-22 15:52:10,982 [FATAL] Updater:334 - Updater called before beeing initialized
2024-10-22 15:52:11,053 [FATAL] Updater:334 - Updater called before beeing initialized
2024-10-22 15:52:11,057 [INFO] DbMcusAds:53 - JSON generation date=Fri Sep 20 10:04:38 BRT 2024 (1726837478367)
2024-10-22 15:52:11,057 [FATAL] Updater:334 - Updater called before beeing initialized
2024-10-22 15:52:11,083 [WARN] DetailPanel:346 - Failed to get advertising image, set to default
2024-10-22 15:52:11,144 [FATAL] Updater:334 - Updater called before beeing initialized
2024-10-22 15:52:11,145 [FATAL] Updater:334 - Updater called before beeing initialized
2024-10-22 15:52:11,145 [FATAL] Updater:334 - Updater called before beeing initialized
2024-10-22 15:52:11,145 [WARN] DetailPanel:346 - Failed to get advertising image, set to default
2024-10-22 15:52:11,146 [FATAL] Updater:334 - Updater called before beeing initialized
2024-10-22 15:52:11,172 [ERROR] Updater:1164 - MainUpdater not yet initialized. External WinMGr cannot be set.
2024-10-22 15:52:11,173 [INFO] Updater:1100 - Updater Version found : 6.12.1
2024-10-22 15:52:11,193 [INFO] ApplicationProperties:184 - Using Application install path: /opt/st/stm32cubeide_1.16.1_2/plugins/com.st.stm32cube.common.mx_6.12.1.202409122256
2024-10-22 15:52:11,396 [INFO] MainUpdater:2873 - connection check result : 10
2024-10-22 15:52:11,397 [INFO] MainUpdater:290 - Updater Check For Update Now.
2024-10-22 15:52:11,397 [INFO] MicroXplorer:498 - Change Database Version : DB.6.0.121
2024-10-22 15:52:11,401 [INFO] McuFinderGlobals:63 - Set McuFinder mode to 2 (CubeIDE integrated)
2024-10-22 15:52:11,401 [INFO] UserAuth:179 - activating auth plugin
2024-10-22 15:52:11,409 [INFO] UserAuth:417 - Internet connection configuration mode: 1
2024-10-22 15:52:11,433 [INFO] JxBrowserEngine:152 - Initiate JxBrowser Engine with user profile folder
2024-10-22 15:52:11,628 [INFO] CheckServerUpdateThread:120 - End of CheckServer Thread
2024-10-22 15:52:12,477 [INFO] WebApp:167 - Instantiating new browser for Auth
2024-10-22 15:52:13,359 [INFO] WebApp:448 - Apply proxy settings
2024-10-22 15:52:13,359 [INFO] WebApp:533 - Chromium requires no authentication
2024-10-22 15:52:13,382 [INFO] WebApp:476 - Direct internet connection detected
2024-10-22 15:52:13,415 [INFO] WebApp:869 - Register for checkConnection events
2024-10-22 15:52:13,415 [INFO] WebApp:448 - Apply proxy settings
2024-10-22 15:52:13,415 [INFO] WebApp:533 - Chromium requires no authentication
2024-10-22 15:52:13,416 [INFO] WebApp:476 - Direct internet connection detected
2024-10-22 15:52:13,580 [WARN] PackLoader:240 - Cannot read IP mode file for STMicroelectronics.FP-SNS-MOTENVWB1.1.4.0
2024-10-22 15:52:13,602 [WARN] PackLoader:240 - Cannot read IP mode file for STMicroelectronics.X-CUBE-SMBUS.2.1.0
2024-10-22 15:52:13,623 [INFO] WebApp:220 - Starting web application
2024-10-22 15:52:13,623 [INFO] WebApp:578 - Web application path used /opt/st/stm32cubeide_1.16.1_2/plugins/com.st.stm32cube.common.mx_6.12.1.202409122256/db/plugins/mcufinder/reactClient1/index.html
2024-10-22 15:52:13,693 [WARN] PackLoader:240 - Cannot read IP mode file for STMicroelectronics.X-CUBE-AZRTOS-F7.1.1.0
2024-10-22 15:52:13,724 [WARN] PackLoader:240 - Cannot read IP mode file for STMicroelectronics.FP-SNS-FLIGHT1.5.0.2
2024-10-22 15:52:13,753 [WARN] PackLoader:240 - Cannot read IP mode file for STMicroelectronics.X-CUBE-DISPLAY.3.0.0
2024-10-22 15:52:13,772 [WARN] PackLoader:240 - Cannot read IP mode file for STMicroelectronics.X-CUBE-BLE1.7.0.0
2024-10-22 15:52:13,787 [WARN] PackLoader:240 - Cannot read IP mode file for STMicroelectronics.X-CUBE-BLEMGR.3.1.0
2024-10-22 15:52:13,799 [WARN] PackLoader:240 - Cannot read IP mode file for STMicroelectronics.FP-SNS-SMARTAG2.1.2.0
2024-10-22 15:52:13,854 [INFO] LogOutputStream:77 - [STDOUT_REDIRECT] 1 : Invalid condition id : UX_CORESTACK_Condition cause : null
2024-10-22 15:52:13,854 [INFO] LogOutputStream:77 - [STDOUT_REDIRECT] 1 : Invalid condition id : UX_CORESTACK_Condition cause : null
2024-10-22 15:52:13,855 [INFO] LogOutputStream:77 - [STDOUT_REDIRECT] 1 : Invalid condition id : UX_CORESTACK_Condition cause : null
2024-10-22 15:52:13,855 [INFO] LogOutputStream:77 - [STDOUT_REDIRECT] 1 : Invalid condition id : UX_CORESTACK_Condition cause : null
2024-10-22 15:52:13,859 [INFO] LogOutputStream:77 - [STDOUT_REDIRECT] 1 : Invalid condition id : UX_CORESTACK_Condition cause : null
2024-10-22 15:52:13,864 [WARN] PackLoader:240 - Cannot read IP mode file for STMicroelectronics.X-CUBE-AZRTOS-WL.2.0.0
2024-10-22 15:52:13,871 [WARN] PackLoader:240 - Cannot read IP mode file for STMicroelectronics.FP-SNS-MOTENV1.5.0.0
2024-10-22 15:52:13,883 [WARN] PackLoader:240 - Cannot read IP mode file for wolfSSL.I-CUBE-wolfMQTT.1.19.0
2024-10-22 15:52:13,903 [WARN] PackLoader:240 - Cannot read IP mode file for STMicroelectronics.X-CUBE-BLE2.3.3.0
2024-10-22 15:52:13,929 [WARN] PackLoader:240 - Cannot read IP mode file for STMicroelectronics.X-CUBE-TCPP.4.1.0
2024-10-22 15:52:13,994 [WARN] PackLoader:240 - Cannot read IP mode file for STMicroelectronics.X-CUBE-AZRTOS-G0.1.1.0
2024-10-22 15:52:14,026 [WARN] PackLoader:240 - Cannot read IP mode file for STMicroelectronics.X-CUBE-SAFEA1.1.2.2
2024-10-22 15:52:14,034 [WARN] PackLoader:240 - Cannot read IP mode file for STMicroelectronics.X-CUBE-NFC4.3.0.0
2024-10-22 15:52:14,043 [WARN] PackLoader:240 - Cannot read IP mode file for STMicroelectronics.FP-ATR-SIGFOX1.3.2.0
2024-10-22 15:52:14,053 [WARN] PackLoader:240 - Cannot read IP mode file for STMicroelectronics.X-CUBE-EEPRMA1.5.1.0
2024-10-22 15:52:14,097 [WARN] PackLoader:240 - Cannot read IP mode file for SEGGER.I-CUBE-embOS.1.3.1
2024-10-22 15:52:14,144 [WARN] PackLoader:240 - Cannot read IP mode file for STMicroelectronics.X-CUBE-ALGOBUILD.1.4.0
2024-10-22 15:52:14,175 [WARN] PackLoader:240 - Cannot read IP mode file for STMicroelectronics.X-CUBE-AZRTOS-F4.1.1.0
2024-10-22 15:52:14,183 [WARN] PackLoader:240 - Cannot read IP mode file for STMicroelectronics.X-CUBE-FREERTOS.1.2.0
2024-10-22 15:52:14,197 [WARN] PackLoader:240 - Cannot read IP mode file for STMicroelectronics.X-CUBE-AZRTOS-L5.2.0.0
2024-10-22 15:52:14,203 [WARN] PackLoader:240 - Cannot read IP mode file for STMicroelectronics.X-CUBE-NFC6.3.1.0
2024-10-22 15:52:14,211 [WARN] PackLoader:240 - Cannot read IP mode file for STMicroelectronics.X-CUBE-NFC7.1.0.1
2024-10-22 15:52:14,241 [WARN] ConditionMgr:438 - getConditionDescription Invalid condition id : LAN8742 Phy interface Condition cause : null
2024-10-22 15:52:14,242 [WARN] PackLoader:240 - Cannot read IP mode file for STMicroelectronics.X-CUBE-AZRTOS-L4.2.0.0
2024-10-22 15:52:14,243 [WARN] ConditionMgr:1039 - genDependencies : Invalid condition id : LAN8742 Phy interface Condition cause : null
2024-10-22 15:52:14,243 [WARN] ConditionMgr:1039 - genDependencies : Invalid condition id : LAN8742 Phy interface Condition cause : null
2024-10-22 15:52:14,244 [WARN] ConditionMgr:1039 - genDependencies : Invalid condition id : LAN8742 Phy interface Condition cause : null
2024-10-22 15:52:14,264 [WARN] PackLoader:240 - Cannot read IP mode file for STMicroelectronics.X-CUBE-SFXS2LP1.4.0.0
2024-10-22 15:52:14,285 [WARN] ConditionMgr:438 - getConditionDescription Invalid condition id : UX DEVICE CLASS RTOS Condition cause : null
2024-10-22 15:52:14,286 [WARN] ConditionMgr:438 - getConditionDescription Invalid condition id : UX DEVICE CLASS RTOS Condition cause : null
2024-10-22 15:52:14,287 [WARN] PackLoader:240 - Cannot read IP mode file for STMicroelectronics.X-CUBE-AZRTOS-WB.2.0.0
2024-10-22 15:52:14,287 [WARN] ConditionMgr:1039 - genDependencies : Invalid condition id : UX DEVICE CLASS RTOS Condition cause : null
2024-10-22 15:52:14,287 [WARN] ConditionMgr:1039 - genDependencies : Invalid condition id : UX DEVICE CLASS RTOS Condition cause : null
2024-10-22 15:52:14,288 [WARN] ConditionMgr:1039 - genDependencies : Invalid condition id : UX DEVICE CLASS RTOS Condition cause : null
2024-10-22 15:52:14,288 [WARN] ConditionMgr:1039 - genDependencies : Invalid condition id : UX DEVICE CLASS RTOS Condition cause : null
2024-10-22 15:52:14,288 [WARN] ConditionMgr:1039 - genDependencies : Invalid condition id : UX DEVICE CLASS RTOS Condition cause : null
2024-10-22 15:52:14,309 [WARN] PackLoader:240 - Cannot read IP mode file for STMicroelectronics.X-CUBE-SUBG2.5.0.0
2024-10-22 15:52:14,334 [WARN] PackLoader:240 - Cannot read IP mode file for STMicroelectronics.X-CUBE-AZRTOS-G4.2.0.0
2024-10-22 15:52:14,347 [INFO] WebApp:186 - Connection restablished
2024-10-22 15:52:14,357 [WARN] PackLoader:240 - Cannot read IP mode file for STMicroelectronics.X-CUBE-ALS.1.0.2
2024-10-22 15:52:14,362 [WARN] PackLoader:240 - Cannot read IP mode file for portGmbH.I-Cube-SoM-uGOAL.1.1.0
2024-10-22 15:52:14,377 [WARN] PackLoader:240 - Cannot read IP mode file for STMicroelectronics.X-CUBE-AZRTOS-H7RS.1.0.0
2024-10-22 15:52:14,381 [WARN] PackLoader:240 - Cannot read IP mode file for STMicroelectronics.FP-ATR-ASTRA1.2.0.0
2024-10-22 15:52:14,382 [INFO] ThirdParty:978 - Integrity check success = true
2024-10-22 15:52:14,382 [INFO] IntegrityCheckThread:100 - exiting critical section [integrity check]
2024-10-22 15:52:14,382 [INFO] IntegrityCheckThread:103 - End integrity checks thread
