2024-10-22 15:57:17,846 [INFO] Activator:176 - 


2024-10-22 15:57:17,848 [INFO] Activator:177 - !SESSION log4j initialized
2024-10-22 15:57:20,117 [INFO] LogOutputStream:77 - [STDOUT_REDIRECT] 
2024-10-22 15:57:22,050 [INFO] ApplicationProperties:184 - Using Application install path: /opt/st/stm32cubeide_1.16.1_2/plugins/com.st.stm32cube.common.mx_6.12.1.202409122256
2024-10-22 15:57:22,078 [INFO] DbMcusXml:78 - Set database path to: /opt/st/stm32cubeide_1.16.1_2/plugins/com.st.stm32cube.common.mx_6.12.1.202409122256//db//mcu/
2024-10-22 15:57:22,079 [INFO] ApiDb:274 - Set plugin database path to: /opt/st/stm32cubeide_1.16.1_2/plugins/com.st.stm32cube.common.mx_6.12.1.202409122256//db//plugins/boardmanager/
2024-10-22 15:57:22,079 [WARN] ApiDb:259 - Overriding images path with different value:  => /opt/st/stm32cubeide_1.16.1_2/plugins/com.st.stm32cube.common.mx_6.12.1.202409122256//db//plugins/mcufinder/images/
2024-10-22 15:57:22,089 [INFO] ApiDb:250 - Set database path to: /home/marcos/.stmcufinder/plugins/mcufinder//mcu/
2024-10-22 15:57:22,090 [INFO] DbMcusAds:125 - Set database path to: /home/marcos/.stmcufinder/plugins/mcufinder//mcu/
2024-10-22 15:57:22,094 [INFO] CrossReferenceDbSqlite:203 - Set database path to: /home/marcos/.stmcufinder/plugins/mcufinder//mcu/cs/
2024-10-22 15:57:22,335 [INFO] RulesReader:64 - Compatibility file has been processed (297 Rules)
2024-10-22 15:57:22,439 [INFO] DbMcusXml:78 - Set database path to: /opt/st/stm32cubeide_1.16.1_2/plugins/com.st.stm32cube.common.mx_6.12.1.202409122256//db//mcu/
2024-10-22 15:57:22,439 [INFO] ApiDb:274 - Set plugin database path to: /opt/st/stm32cubeide_1.16.1_2/plugins/com.st.stm32cube.common.mx_6.12.1.202409122256//db//plugins/boardmanager/
2024-10-22 15:57:22,440 [INFO] ApiDb:261 - Set plugin images path to: /opt/st/stm32cubeide_1.16.1_2/plugins/com.st.stm32cube.common.mx_6.12.1.202409122256//db//plugins/mcufinder/images/
2024-10-22 15:57:22,440 [WARN] DbFile:41 - Overriding database path with different value: /home/marcos/.stmcufinder/plugins/mcufinder/ => /home/marcos/.stmcufinder/plugins/mcufinder
2024-10-22 15:57:22,440 [INFO] ApiDb:250 - Set database path to: /home/marcos/.stmcufinder/plugins/mcufinder//mcu/
2024-10-22 15:57:22,440 [WARN] DbFile:41 - Overriding database path with different value: /home/marcos/.stmcufinder/plugins/mcufinder/ => /home/marcos/.stmcufinder/plugins/mcufinder
2024-10-22 15:57:22,441 [INFO] DbMcusAds:125 - Set database path to: /home/marcos/.stmcufinder/plugins/mcufinder//mcu/
2024-10-22 15:57:22,441 [WARN] DbFile:41 - Overriding database path with different value: /home/marcos/.stmcufinder/plugins/mcufinder/ => /home/marcos/.stmcufinder/plugins/mcufinder
2024-10-22 15:57:22,441 [WARN] DbFile:41 - Overriding database path with different value: /home/marcos/.stmcufinder/plugins/mcufinder/ => /home/marcos/.stmcufinder/plugins/mcufinder
2024-10-22 15:57:22,441 [INFO] CrossReferenceDbSqlite:203 - Set database path to: /home/marcos/.stmcufinder/plugins/mcufinder//mcu/cs/
2024-10-22 15:57:22,546 [INFO] MainPanel:268 - HeapMemory: 268435456
2024-10-22 15:57:22,712 [INFO] DbMcusXml:78 - Set database path to: /opt/st/stm32cubeide_1.16.1_2/plugins/com.st.stm32cube.common.mx_6.12.1.202409122256//db//mcu/
2024-10-22 15:57:22,712 [INFO] ApiDb:274 - Set plugin database path to: /opt/st/stm32cubeide_1.16.1_2/plugins/com.st.stm32cube.common.mx_6.12.1.202409122256//db//plugins/boardmanager/
2024-10-22 15:57:22,712 [INFO] ApiDb:261 - Set plugin images path to: /opt/st/stm32cubeide_1.16.1_2/plugins/com.st.stm32cube.common.mx_6.12.1.202409122256//db//plugins/mcufinder/images/
2024-10-22 15:57:22,712 [WARN] DbFile:41 - Overriding database path with different value: /home/marcos/.stmcufinder/plugins/mcufinder/ => /home/marcos/.stmcufinder/plugins/mcufinder
2024-10-22 15:57:22,713 [INFO] ApiDb:250 - Set database path to: /home/marcos/.stmcufinder/plugins/mcufinder//mcu/
2024-10-22 15:57:22,713 [WARN] DbFile:41 - Overriding database path with different value: /home/marcos/.stmcufinder/plugins/mcufinder/ => /home/marcos/.stmcufinder/plugins/mcufinder
2024-10-22 15:57:22,713 [INFO] DbMcusAds:125 - Set database path to: /home/marcos/.stmcufinder/plugins/mcufinder//mcu/
2024-10-22 15:57:22,713 [WARN] DbFile:41 - Overriding database path with different value: /home/marcos/.stmcufinder/plugins/mcufinder/ => /home/marcos/.stmcufinder/plugins/mcufinder
2024-10-22 15:57:22,713 [WARN] DbFile:41 - Overriding database path with different value: /home/marcos/.stmcufinder/plugins/mcufinder/ => /home/marcos/.stmcufinder/plugins/mcufinder
2024-10-22 15:57:22,713 [INFO] CrossReferenceDbSqlite:203 - Set database path to: /home/marcos/.stmcufinder/plugins/mcufinder//mcu/cs/
2024-10-22 15:57:22,732 [INFO] ApplicationProperties:184 - Using Application install path: /opt/st/stm32cubeide_1.16.1_2/plugins/com.st.stm32cube.common.mx_6.12.1.202409122256
2024-10-22 15:57:22,734 [INFO] PluginManage:196 - Search for loadable plugins [exclusion list=, ]
2024-10-22 15:57:22,739 [INFO] PluginManage:310 - Check plugin analytics
2024-10-22 15:57:22,929 [INFO] AnalyticsPlugin:253 - Accepted Software Licenses: 
2024-10-22 15:57:22,929 [INFO] AnalyticsPlugin:255 - Accepted CMSIS Pack Licenses: 
2024-10-22 15:57:22,929 [INFO] AnalyticsPlugin:257 - Accepted Firmware Licenses: 
2024-10-22 15:57:22,931 [INFO] PluginManage:359 - Loaded plugin analytics (category:tool,tabindex:-1)
2024-10-22 15:57:22,931 [INFO] PluginManage:310 - Check plugin cadmodel
2024-10-22 15:57:22,937 [INFO] CADModel:105 - Init CAD model plugin
2024-10-22 15:57:22,937 [INFO] PluginManage:359 - Loaded plugin cadmodel (category:power,tabindex:5)
2024-10-22 15:57:22,937 [INFO] PluginManage:310 - Check plugin clock
2024-10-22 15:57:22,948 [INFO] PluginManage:359 - Loaded plugin clock (category:base,tabindex:2)
2024-10-22 15:57:22,948 [INFO] PluginManage:310 - Check plugin ddr
2024-10-22 15:57:22,951 [INFO] PluginManage:359 - Loaded plugin ddr (category:tool,tabindex:6)
2024-10-22 15:57:22,951 [INFO] PluginManage:310 - Check plugin filemanager
2024-10-22 15:57:23,215 [INFO] PluginManage:359 - Loaded plugin filemanager (category:base,tabindex:10)
2024-10-22 15:57:23,215 [INFO] PluginManage:310 - Check plugin ipmanager
2024-10-22 15:57:23,230 [INFO] PluginManage:359 - Loaded plugin ipmanager (category:base,tabindex:5)
2024-10-22 15:57:23,231 [INFO] PluginManage:310 - Check plugin lpbam
2024-10-22 15:57:23,329 [INFO] PluginManage:359 - Loaded plugin lpbam (category:base,tabindex:0)
2024-10-22 15:57:23,330 [INFO] PluginManage:310 - Check plugin memorymap
2024-10-22 15:57:23,407 [INFO] PluginManage:359 - Loaded plugin memorymap (category:base,tabindex:4)
2024-10-22 15:57:23,408 [INFO] PluginManage:310 - Check plugin pinoutandconfiguration
2024-10-22 15:57:23,463 [INFO] PluginManage:359 - Loaded plugin pinoutandconfiguration (category:base,tabindex:1)
2024-10-22 15:57:23,464 [INFO] PluginManage:310 - Check plugin pinoutconfig
2024-10-22 15:57:23,634 [WARN] SupportedApi:132 - Cannot load RTOS API schema: s4s-elt-must-match.1: The content of 'definitions' must match (annotation?, (simpleType | complexType)?, (unique | key | keyref)*)). A problem was found starting at: attribute.
2024-10-22 15:57:23,802 [INFO] PluginManage:359 - Loaded plugin pinoutconfig (category:base,tabindex:0)
2024-10-22 15:57:23,802 [INFO] PluginManage:310 - Check plugin power
2024-10-22 15:57:23,825 [INFO] PluginManage:359 - Loaded plugin power (category:power,tabindex:4)
2024-10-22 15:57:23,826 [INFO] PluginManage:310 - Check plugin projectmanager
2024-10-22 15:57:23,849 [INFO] PluginManage:359 - Loaded plugin projectmanager (category:projectmanager,tabindex:4)
2024-10-22 15:57:23,850 [INFO] PluginManage:310 - Check plugin rif
2024-10-22 15:57:23,857 [INFO] PluginManage:359 - Loaded plugin rif (category:base,tabindex:3)
2024-10-22 15:57:23,858 [INFO] PluginManage:310 - Check plugin thirdparty
2024-10-22 15:57:24,008 [WARN] IntegrityCheckThread:84 - waiting for thirdparty lock release [integrity check]
2024-10-22 15:57:24,011 [INFO] IntegrityCheckThread:86 - entering critical section [integrity check]
2024-10-22 15:57:24,013 [INFO] ThirdPartyUpdaterWithRetryManager:70 - Updater plugin not ready yet. [1/15]
2024-10-22 15:57:24,013 [INFO] PluginManage:359 - Loaded plugin thirdparty (category:base,tabindex:-1)
2024-10-22 15:57:24,013 [INFO] PluginManage:310 - Check plugin tools
2024-10-22 15:57:24,016 [INFO] PluginManage:359 - Loaded plugin tools (category:base,tabindex:7)
2024-10-22 15:57:24,016 [INFO] PluginManage:310 - Check plugin tutovideos
2024-10-22 15:57:24,211 [INFO] PluginManage:359 - Loaded plugin tutovideos (category:base,tabindex:-1)
2024-10-22 15:57:24,211 [INFO] PluginManage:310 - Check plugin updater
2024-10-22 15:57:24,233 [INFO] PluginManage:359 - Loaded plugin updater (category:base,tabindex:12)
2024-10-22 15:57:24,233 [INFO] PluginManage:310 - Check plugin userauth
2024-10-22 15:57:24,238 [INFO] UserAuth:113 - Init User Auth plugin
2024-10-22 15:57:24,238 [INFO] PluginManage:359 - Loaded plugin userauth (category:base,tabindex:14)
2024-10-22 15:57:24,239 [INFO] PluginManage:283 - PluginManage : Loaded plugins [18]
2024-10-22 15:57:24,380 [INFO] PinOutPanel:1561 - setPackage(No Configuration,No Configuration)
2024-10-22 15:57:24,439 [INFO] CADModel:165 - CPN selected for project level
2024-10-22 15:57:24,440 [INFO] CADModel:114 - Register for checkConnection events
2024-10-22 15:57:24,450 [INFO] IPUIPlugin:80 - create IPUIPlugin
2024-10-22 15:57:24,450 [INFO] PluginManager:220 - loadIPPluginJar : add pdm2pcm
2024-10-22 15:57:24,451 [INFO] IPUIPlugin:80 - create IPUIPlugin
2024-10-22 15:57:24,451 [INFO] PluginManager:220 - loadIPPluginJar : add ucpd
2024-10-22 15:57:24,453 [INFO] IPUIPlugin:80 - create IPUIPlugin
2024-10-22 15:57:24,453 [INFO] PluginManager:220 - loadIPPluginJar : add lorawan
2024-10-22 15:57:24,455 [INFO] IPUIPlugin:80 - create IPUIPlugin
2024-10-22 15:57:24,455 [INFO] PluginManager:220 - loadIPPluginJar : add sai
2024-10-22 15:57:24,457 [INFO] IPUIPlugin:80 - create IPUIPlugin
2024-10-22 15:57:24,457 [INFO] PluginManager:220 - loadIPPluginJar : add openamp
2024-10-22 15:57:24,459 [INFO] IPUIPlugin:80 - create IPUIPlugin
2024-10-22 15:57:24,459 [INFO] PluginManager:220 - loadIPPluginJar : add touchsensing
2024-10-22 15:57:24,460 [INFO] IPUIPlugin:80 - create IPUIPlugin
2024-10-22 15:57:24,460 [INFO] PluginManager:220 - loadIPPluginJar : add i3c
2024-10-22 15:57:24,462 [INFO] IPUIPlugin:80 - create IPUIPlugin
2024-10-22 15:57:24,462 [INFO] PluginManager:220 - loadIPPluginJar : add usbx
2024-10-22 15:57:24,463 [INFO] IPUIPlugin:80 - create IPUIPlugin
2024-10-22 15:57:24,464 [INFO] PluginManager:220 - loadIPPluginJar : add gfxmmu
2024-10-22 15:57:24,468 [INFO] IPUIPlugin:80 - create IPUIPlugin
2024-10-22 15:57:24,468 [INFO] PluginManager:220 - loadIPPluginJar : add adc
2024-10-22 15:57:24,470 [INFO] IPUIPlugin:80 - create IPUIPlugin
2024-10-22 15:57:24,470 [INFO] PluginManager:220 - loadIPPluginJar : add dfsdm
2024-10-22 15:57:24,470 [INFO] IPUIPlugin:80 - create IPUIPlugin
2024-10-22 15:57:24,471 [INFO] PluginManager:220 - loadIPPluginJar : add genericplugin
2024-10-22 15:57:24,472 [INFO] IPUIPlugin:80 - create IPUIPlugin
2024-10-22 15:57:24,472 [INFO] PluginManager:220 - loadIPPluginJar : add tim
2024-10-22 15:57:24,476 [INFO] IPUIPlugin:80 - create IPUIPlugin
2024-10-22 15:57:24,476 [INFO] PluginManager:220 - loadIPPluginJar : add dma
2024-10-22 15:57:24,478 [INFO] IPUIPlugin:80 - create IPUIPlugin
2024-10-22 15:57:24,478 [INFO] PluginManager:220 - loadIPPluginJar : add aes
2024-10-22 15:57:24,483 [INFO] IPUIPlugin:80 - create IPUIPlugin
2024-10-22 15:57:24,485 [INFO] PluginManager:220 - loadIPPluginJar : add plateformsettings
2024-10-22 15:57:24,487 [INFO] IPUIPlugin:80 - create IPUIPlugin
2024-10-22 15:57:24,487 [INFO] PluginManager:220 - loadIPPluginJar : add gtzc
2024-10-22 15:57:24,490 [INFO] IPUIPlugin:80 - create IPUIPlugin
2024-10-22 15:57:24,490 [INFO] PluginManager:220 - loadIPPluginJar : add stm32_wpan
2024-10-22 15:57:24,491 [INFO] IPUIPlugin:80 - create IPUIPlugin
2024-10-22 15:57:24,492 [INFO] PluginManager:220 - loadIPPluginJar : add hash
2024-10-22 15:57:24,497 [INFO] IPUIPlugin:80 - create IPUIPlugin
2024-10-22 15:57:24,497 [INFO] PluginManager:220 - loadIPPluginJar : add linkedlist
2024-10-22 15:57:24,500 [INFO] IPUIPlugin:80 - create IPUIPlugin
2024-10-22 15:57:24,500 [INFO] PluginManager:220 - loadIPPluginJar : add ipddr
2024-10-22 15:57:24,501 [INFO] IPUIPlugin:80 - create IPUIPlugin
2024-10-22 15:57:24,501 [INFO] PluginManager:220 - loadIPPluginJar : add spi
2024-10-22 15:57:24,506 [INFO] IPUIPlugin:80 - create IPUIPlugin
2024-10-22 15:57:24,506 [INFO] PluginManager:220 - loadIPPluginJar : add gpio
2024-10-22 15:57:24,507 [INFO] IPUIPlugin:80 - create IPUIPlugin
2024-10-22 15:57:24,507 [INFO] PluginManager:220 - loadIPPluginJar : add quadspi
2024-10-22 15:57:24,508 [INFO] IPUIPlugin:80 - create IPUIPlugin
2024-10-22 15:57:24,508 [INFO] PluginManager:220 - loadIPPluginJar : add ltdc
2024-10-22 15:57:24,510 [INFO] IPUIPlugin:80 - create IPUIPlugin
2024-10-22 15:57:24,510 [INFO] PluginManager:220 - loadIPPluginJar : add extmemmanager
2024-10-22 15:57:24,512 [INFO] IPUIPlugin:80 - create IPUIPlugin
2024-10-22 15:57:24,512 [INFO] PluginManager:220 - loadIPPluginJar : add usart
2024-10-22 15:57:24,514 [INFO] IPUIPlugin:80 - create IPUIPlugin
2024-10-22 15:57:24,515 [INFO] PluginManager:220 - loadIPPluginJar : add nvic
2024-10-22 15:57:24,516 [INFO] IPUIPlugin:80 - create IPUIPlugin
2024-10-22 15:57:24,516 [INFO] PluginManager:220 - loadIPPluginJar : add radio
2024-10-22 15:57:24,518 [INFO] IPUIPlugin:80 - create IPUIPlugin
2024-10-22 15:57:24,518 [INFO] PluginManager:220 - loadIPPluginJar : add opamp
2024-10-22 15:57:24,521 [INFO] IPUIPlugin:80 - create IPUIPlugin
2024-10-22 15:57:24,521 [INFO] PluginManager:220 - loadIPPluginJar : add cryp
2024-10-22 15:57:24,526 [INFO] IPUIPlugin:80 - create IPUIPlugin
2024-10-22 15:57:24,526 [INFO] PluginManager:220 - loadIPPluginJar : add gic
2024-10-22 15:57:24,528 [INFO] IPUIPlugin:80 - create IPUIPlugin
2024-10-22 15:57:24,528 [INFO] PluginManager:220 - loadIPPluginJar : add ddr_ctrl_phy
2024-10-22 15:57:24,530 [INFO] IPUIPlugin:80 - create IPUIPlugin
2024-10-22 15:57:24,530 [INFO] PluginManager:220 - loadIPPluginJar : add dma3
2024-10-22 15:57:24,536 [INFO] IPUIPlugin:80 - create IPUIPlugin
2024-10-22 15:57:24,536 [INFO] PluginManager:220 - loadIPPluginJar : add freertos
2024-10-22 15:57:24,537 [INFO] IPUIPlugin:80 - create IPUIPlugin
2024-10-22 15:57:24,537 [INFO] PluginManager:220 - loadIPPluginJar : add fatfs
2024-10-22 15:57:24,540 [INFO] IPUIPlugin:80 - create IPUIPlugin
2024-10-22 15:57:24,540 [INFO] PluginManager:220 - loadIPPluginJar : add resmgrutility
2024-10-22 15:57:24,542 [INFO] IPUIPlugin:80 - create IPUIPlugin
2024-10-22 15:57:24,542 [INFO] PluginManager:220 - loadIPPluginJar : add i2s
2024-10-22 15:57:24,543 [INFO] IPUIPlugin:80 - create IPUIPlugin
2024-10-22 15:57:24,543 [INFO] PluginManager:220 - loadIPPluginJar : add comp
2024-10-22 15:57:24,545 [INFO] IPUIPlugin:80 - create IPUIPlugin
2024-10-22 15:57:24,545 [INFO] PluginManager:220 - loadIPPluginJar : add ts
2024-10-22 15:57:24,546 [INFO] IPUIPlugin:80 - create IPUIPlugin
2024-10-22 15:57:24,546 [INFO] PluginManager:220 - loadIPPluginJar : add i2c
2024-10-22 15:57:24,548 [INFO] IPUIPlugin:80 - create IPUIPlugin
2024-10-22 15:57:24,548 [INFO] PluginManager:220 - loadIPPluginJar : add can
2024-10-22 15:57:24,549 [INFO] IPUIPlugin:80 - create IPUIPlugin
2024-10-22 15:57:24,549 [INFO] PluginManager:220 - loadIPPluginJar : add tsc
2024-10-22 15:57:24,552 [INFO] IPUIPlugin:80 - create IPUIPlugin
2024-10-22 15:57:24,553 [INFO] PluginManager:220 - loadIPPluginJar : add fmc
2024-10-22 15:57:24,557 [INFO] IPUIPlugin:80 - create IPUIPlugin
2024-10-22 15:57:24,557 [INFO] PluginManager:220 - loadIPPluginJar : add mdma
2024-10-22 15:57:24,559 [INFO] IPUIPlugin:80 - create IPUIPlugin
2024-10-22 15:57:24,559 [INFO] PluginManager:220 - loadIPPluginJar : add tracer_emb
2024-10-22 15:57:24,654 [INFO] CADModel:165 - CPN selected for project level
2024-10-22 15:57:24,654 [INFO] CADModel:114 - Register for checkConnection events
2024-10-22 15:57:24,654 [FATAL] Updater:334 - Updater called before beeing initialized
2024-10-22 15:57:24,654 [ERROR] CADModel:125 - Updater not yet initialized, retry later 
2024-10-22 15:57:24,794 [INFO] CADModel:165 - CPN selected for project level
2024-10-22 15:57:24,795 [INFO] CADModel:114 - Register for checkConnection events
2024-10-22 15:57:24,795 [FATAL] Updater:334 - Updater called before beeing initialized
2024-10-22 15:57:24,795 [ERROR] CADModel:125 - Updater not yet initialized, retry later 
2024-10-22 15:57:24,800 [FATAL] Updater:334 - Updater called before beeing initialized
2024-10-22 15:57:24,941 [FATAL] Updater:334 - Updater called before beeing initialized
2024-10-22 15:57:24,950 [INFO] DbMcusAds:53 - JSON generation date=Fri Sep 20 10:04:38 BRT 2024 (1726837478367)
2024-10-22 15:57:24,950 [FATAL] Updater:334 - Updater called before beeing initialized
2024-10-22 15:57:24,994 [WARN] DetailPanel:346 - Failed to get advertising image, set to default
2024-10-22 15:57:25,070 [FATAL] Updater:334 - Updater called before beeing initialized
2024-10-22 15:57:25,072 [FATAL] Updater:334 - Updater called before beeing initialized
2024-10-22 15:57:25,072 [FATAL] Updater:334 - Updater called before beeing initialized
2024-10-22 15:57:25,072 [WARN] DetailPanel:346 - Failed to get advertising image, set to default
2024-10-22 15:57:25,073 [FATAL] Updater:334 - Updater called before beeing initialized
2024-10-22 15:57:25,113 [ERROR] Updater:1164 - MainUpdater not yet initialized. External WinMGr cannot be set.
2024-10-22 15:57:25,116 [INFO] Updater:1100 - Updater Version found : 6.12.1
2024-10-22 15:57:25,157 [INFO] ApplicationProperties:184 - Using Application install path: /opt/st/stm32cubeide_1.16.1_2/plugins/com.st.stm32cube.common.mx_6.12.1.202409122256
2024-10-22 15:57:25,522 [INFO] MainUpdater:2873 - connection check result : 10
2024-10-22 15:57:25,524 [INFO] MainUpdater:290 - Updater Check For Update Now.
2024-10-22 15:57:25,524 [INFO] MicroXplorer:498 - Change Database Version : DB.6.0.121
2024-10-22 15:57:25,531 [INFO] McuFinderGlobals:63 - Set McuFinder mode to 2 (CubeIDE integrated)
2024-10-22 15:57:25,532 [INFO] UserAuth:179 - activating auth plugin
2024-10-22 15:57:25,538 [INFO] UserAuth:417 - Internet connection configuration mode: 1
2024-10-22 15:57:25,567 [INFO] JxBrowserEngine:152 - Initiate JxBrowser Engine with user profile folder
2024-10-22 15:57:25,820 [INFO] CheckServerUpdateThread:120 - End of CheckServer Thread
2024-10-22 15:57:26,824 [INFO] WebApp:167 - Instantiating new browser for Auth
2024-10-22 15:57:27,276 [WARN] PackLoader:240 - Cannot read IP mode file for STMicroelectronics.FP-SNS-MOTENVWB1.1.4.0
2024-10-22 15:57:27,310 [WARN] PackLoader:240 - Cannot read IP mode file for STMicroelectronics.X-CUBE-SMBUS.2.1.0
2024-10-22 15:57:27,370 [WARN] PackLoader:240 - Cannot read IP mode file for STMicroelectronics.X-CUBE-AZRTOS-F7.1.1.0
2024-10-22 15:57:27,380 [WARN] PackLoader:240 - Cannot read IP mode file for STMicroelectronics.FP-SNS-FLIGHT1.5.0.2
2024-10-22 15:57:27,392 [WARN] PackLoader:240 - Cannot read IP mode file for STMicroelectronics.X-CUBE-DISPLAY.3.0.0
2024-10-22 15:57:27,409 [WARN] PackLoader:240 - Cannot read IP mode file for STMicroelectronics.X-CUBE-BLE1.7.0.0
2024-10-22 15:57:27,424 [WARN] PackLoader:240 - Cannot read IP mode file for STMicroelectronics.X-CUBE-BLEMGR.3.1.0
2024-10-22 15:57:27,437 [WARN] PackLoader:240 - Cannot read IP mode file for STMicroelectronics.FP-SNS-SMARTAG2.1.2.0
2024-10-22 15:57:27,451 [INFO] LogOutputStream:77 - [STDOUT_REDIRECT] 1 : Invalid condition id : UX_CORESTACK_Condition cause : null
2024-10-22 15:57:27,451 [INFO] LogOutputStream:77 - [STDOUT_REDIRECT] 1 : Invalid condition id : UX_CORESTACK_Condition cause : null
2024-10-22 15:57:27,452 [INFO] LogOutputStream:77 - [STDOUT_REDIRECT] 1 : Invalid condition id : UX_CORESTACK_Condition cause : null
2024-10-22 15:57:27,452 [INFO] LogOutputStream:77 - [STDOUT_REDIRECT] 1 : Invalid condition id : UX_CORESTACK_Condition cause : null
2024-10-22 15:57:27,452 [INFO] LogOutputStream:77 - [STDOUT_REDIRECT] 1 : Invalid condition id : UX_CORESTACK_Condition cause : null
2024-10-22 15:57:27,456 [WARN] PackLoader:240 - Cannot read IP mode file for STMicroelectronics.X-CUBE-AZRTOS-WL.2.0.0
2024-10-22 15:57:27,462 [WARN] PackLoader:240 - Cannot read IP mode file for STMicroelectronics.FP-SNS-MOTENV1.5.0.0
2024-10-22 15:57:27,467 [WARN] PackLoader:240 - Cannot read IP mode file for wolfSSL.I-CUBE-wolfMQTT.1.19.0
2024-10-22 15:57:27,473 [WARN] PackLoader:240 - Cannot read IP mode file for STMicroelectronics.X-CUBE-BLE2.3.3.0
2024-10-22 15:57:27,478 [WARN] PackLoader:240 - Cannot read IP mode file for STMicroelectronics.X-CUBE-TCPP.4.1.0
2024-10-22 15:57:27,498 [WARN] PackLoader:240 - Cannot read IP mode file for STMicroelectronics.X-CUBE-AZRTOS-G0.1.1.0
2024-10-22 15:57:27,510 [WARN] PackLoader:240 - Cannot read IP mode file for STMicroelectronics.X-CUBE-SAFEA1.1.2.2
2024-10-22 15:57:27,516 [WARN] PackLoader:240 - Cannot read IP mode file for STMicroelectronics.X-CUBE-NFC4.3.0.0
2024-10-22 15:57:27,522 [WARN] PackLoader:240 - Cannot read IP mode file for STMicroelectronics.FP-ATR-SIGFOX1.3.2.0
2024-10-22 15:57:27,528 [WARN] PackLoader:240 - Cannot read IP mode file for STMicroelectronics.X-CUBE-EEPRMA1.5.1.0
2024-10-22 15:57:27,569 [WARN] PackLoader:240 - Cannot read IP mode file for SEGGER.I-CUBE-embOS.1.3.1
2024-10-22 15:57:27,630 [WARN] PackLoader:240 - Cannot read IP mode file for STMicroelectronics.X-CUBE-ALGOBUILD.1.4.0
2024-10-22 15:57:27,660 [WARN] PackLoader:240 - Cannot read IP mode file for STMicroelectronics.X-CUBE-AZRTOS-F4.1.1.0
2024-10-22 15:57:27,692 [WARN] PackLoader:240 - Cannot read IP mode file for STMicroelectronics.X-CUBE-FREERTOS.1.2.0
2024-10-22 15:57:27,715 [WARN] PackLoader:240 - Cannot read IP mode file for STMicroelectronics.X-CUBE-AZRTOS-L5.2.0.0
2024-10-22 15:57:27,728 [WARN] PackLoader:240 - Cannot read IP mode file for STMicroelectronics.X-CUBE-NFC6.3.1.0
2024-10-22 15:57:27,734 [WARN] PackLoader:240 - Cannot read IP mode file for STMicroelectronics.X-CUBE-NFC7.1.0.1
2024-10-22 15:57:27,753 [WARN] ConditionMgr:438 - getConditionDescription Invalid condition id : LAN8742 Phy interface Condition cause : null
2024-10-22 15:57:27,754 [WARN] PackLoader:240 - Cannot read IP mode file for STMicroelectronics.X-CUBE-AZRTOS-L4.2.0.0
2024-10-22 15:57:27,755 [WARN] ConditionMgr:1039 - genDependencies : Invalid condition id : LAN8742 Phy interface Condition cause : null
2024-10-22 15:57:27,756 [WARN] ConditionMgr:1039 - genDependencies : Invalid condition id : LAN8742 Phy interface Condition cause : null
2024-10-22 15:57:27,756 [WARN] ConditionMgr:1039 - genDependencies : Invalid condition id : LAN8742 Phy interface Condition cause : null
2024-10-22 15:57:27,762 [WARN] PackLoader:240 - Cannot read IP mode file for STMicroelectronics.X-CUBE-SFXS2LP1.4.0.0
2024-10-22 15:57:27,775 [WARN] ConditionMgr:438 - getConditionDescription Invalid condition id : UX DEVICE CLASS RTOS Condition cause : null
2024-10-22 15:57:27,776 [WARN] ConditionMgr:438 - getConditionDescription Invalid condition id : UX DEVICE CLASS RTOS Condition cause : null
2024-10-22 15:57:27,778 [WARN] PackLoader:240 - Cannot read IP mode file for STMicroelectronics.X-CUBE-AZRTOS-WB.2.0.0
2024-10-22 15:57:27,778 [WARN] ConditionMgr:1039 - genDependencies : Invalid condition id : UX DEVICE CLASS RTOS Condition cause : null
2024-10-22 15:57:27,778 [WARN] ConditionMgr:1039 - genDependencies : Invalid condition id : UX DEVICE CLASS RTOS Condition cause : null
2024-10-22 15:57:27,779 [WARN] ConditionMgr:1039 - genDependencies : Invalid condition id : UX DEVICE CLASS RTOS Condition cause : null
2024-10-22 15:57:27,779 [WARN] ConditionMgr:1039 - genDependencies : Invalid condition id : UX DEVICE CLASS RTOS Condition cause : null
2024-10-22 15:57:27,779 [WARN] ConditionMgr:1039 - genDependencies : Invalid condition id : UX DEVICE CLASS RTOS Condition cause : null
2024-10-22 15:57:27,788 [WARN] PackLoader:240 - Cannot read IP mode file for STMicroelectronics.X-CUBE-SUBG2.5.0.0
2024-10-22 15:57:27,812 [WARN] PackLoader:240 - Cannot read IP mode file for STMicroelectronics.X-CUBE-AZRTOS-G4.2.0.0
2024-10-22 15:57:27,817 [WARN] PackLoader:240 - Cannot read IP mode file for STMicroelectronics.X-CUBE-ALS.1.0.2
2024-10-22 15:57:27,824 [WARN] PackLoader:240 - Cannot read IP mode file for portGmbH.I-Cube-SoM-uGOAL.1.1.0
2024-10-22 15:57:27,838 [WARN] PackLoader:240 - Cannot read IP mode file for STMicroelectronics.X-CUBE-AZRTOS-H7RS.1.0.0
2024-10-22 15:57:27,843 [WARN] PackLoader:240 - Cannot read IP mode file for STMicroelectronics.FP-ATR-ASTRA1.2.0.0
2024-10-22 15:57:27,844 [INFO] ThirdParty:978 - Integrity check success = true
2024-10-22 15:57:27,844 [INFO] IntegrityCheckThread:100 - exiting critical section [integrity check]
2024-10-22 15:57:27,844 [INFO] IntegrityCheckThread:103 - End integrity checks thread
2024-10-22 15:57:28,107 [INFO] WebApp:448 - Apply proxy settings
2024-10-22 15:57:28,107 [INFO] WebApp:533 - Chromium requires no authentication
2024-10-22 15:57:28,126 [INFO] WebApp:476 - Direct internet connection detected
2024-10-22 15:57:28,164 [INFO] WebApp:869 - Register for checkConnection events
2024-10-22 15:57:28,165 [INFO] WebApp:448 - Apply proxy settings
2024-10-22 15:57:28,165 [INFO] WebApp:533 - Chromium requires no authentication
2024-10-22 15:57:28,165 [INFO] WebApp:476 - Direct internet connection detected
2024-10-22 15:57:28,342 [INFO] WebApp:220 - Starting web application
2024-10-22 15:57:28,342 [INFO] WebApp:578 - Web application path used /opt/st/stm32cubeide_1.16.1_2/plugins/com.st.stm32cube.common.mx_6.12.1.202409122256/db/plugins/mcufinder/reactClient1/index.html
2024-10-22 15:57:29,489 [INFO] WebApp:186 - Connection restablished
2024-10-22 18:25:54,807 [INFO] WebApp:189 - Connection lost
2024-10-22 18:26:10,319 [INFO] WebApp:186 - Connection restablished
2024-10-22 18:26:50,599 [ERROR] LogOutputStream:75 - [STDERR_REDIRECT] SWT SessionManagerDBus: Failed to UnregisterClient: GDBus.Error:org.freedesktop.DBus.Error.NoReply: Message recipient disconnected from message bus without replying
