2024-10-24 10:02:16,709 [INFO] Activator:176 - 


2024-10-24 10:02:16,714 [INFO] Activator:177 - !SESSION log4j initialized
2024-10-24 10:02:20,703 [INFO] LogOutputStream:77 - [STDOUT_REDIRECT] 
2024-10-24 10:02:26,524 [INFO] ApplicationProperties:184 - Using Application install path: /opt/st/stm32cubeide_1.16.1_2/plugins/com.st.stm32cube.common.mx_6.12.1.202409122256
2024-10-24 10:02:26,539 [INFO] DbMcusXml:78 - Set database path to: /opt/st/stm32cubeide_1.16.1_2/plugins/com.st.stm32cube.common.mx_6.12.1.202409122256//db//mcu/
2024-10-24 10:02:26,540 [INFO] ApiDb:274 - Set plugin database path to: /opt/st/stm32cubeide_1.16.1_2/plugins/com.st.stm32cube.common.mx_6.12.1.202409122256//db//plugins/boardmanager/
2024-10-24 10:02:26,540 [WARN] ApiDb:259 - Overriding images path with different value:  => /opt/st/stm32cubeide_1.16.1_2/plugins/com.st.stm32cube.common.mx_6.12.1.202409122256//db//plugins/mcufinder/images/
2024-10-24 10:02:26,546 [INFO] ApiDb:250 - Set database path to: /home/marcos/.stmcufinder/plugins/mcufinder//mcu/
2024-10-24 10:02:26,547 [INFO] DbMcusAds:125 - Set database path to: /home/marcos/.stmcufinder/plugins/mcufinder//mcu/
2024-10-24 10:02:26,550 [INFO] CrossReferenceDbSqlite:203 - Set database path to: /home/marcos/.stmcufinder/plugins/mcufinder//mcu/cs/
2024-10-24 10:02:26,648 [INFO] RulesReader:64 - Compatibility file has been processed (297 Rules)
2024-10-24 10:02:26,695 [INFO] DbMcusXml:78 - Set database path to: /opt/st/stm32cubeide_1.16.1_2/plugins/com.st.stm32cube.common.mx_6.12.1.202409122256//db//mcu/
2024-10-24 10:02:26,695 [INFO] ApiDb:274 - Set plugin database path to: /opt/st/stm32cubeide_1.16.1_2/plugins/com.st.stm32cube.common.mx_6.12.1.202409122256//db//plugins/boardmanager/
2024-10-24 10:02:26,695 [INFO] ApiDb:261 - Set plugin images path to: /opt/st/stm32cubeide_1.16.1_2/plugins/com.st.stm32cube.common.mx_6.12.1.202409122256//db//plugins/mcufinder/images/
2024-10-24 10:02:26,695 [WARN] DbFile:41 - Overriding database path with different value: /home/marcos/.stmcufinder/plugins/mcufinder/ => /home/marcos/.stmcufinder/plugins/mcufinder
2024-10-24 10:02:26,695 [INFO] ApiDb:250 - Set database path to: /home/marcos/.stmcufinder/plugins/mcufinder//mcu/
2024-10-24 10:02:26,696 [WARN] DbFile:41 - Overriding database path with different value: /home/marcos/.stmcufinder/plugins/mcufinder/ => /home/marcos/.stmcufinder/plugins/mcufinder
2024-10-24 10:02:26,696 [INFO] DbMcusAds:125 - Set database path to: /home/marcos/.stmcufinder/plugins/mcufinder//mcu/
2024-10-24 10:02:26,696 [WARN] DbFile:41 - Overriding database path with different value: /home/marcos/.stmcufinder/plugins/mcufinder/ => /home/marcos/.stmcufinder/plugins/mcufinder
2024-10-24 10:02:26,696 [WARN] DbFile:41 - Overriding database path with different value: /home/marcos/.stmcufinder/plugins/mcufinder/ => /home/marcos/.stmcufinder/plugins/mcufinder
2024-10-24 10:02:26,696 [INFO] CrossReferenceDbSqlite:203 - Set database path to: /home/marcos/.stmcufinder/plugins/mcufinder//mcu/cs/
2024-10-24 10:02:26,749 [INFO] MainPanel:268 - HeapMemory: 276824064
2024-10-24 10:02:27,010 [INFO] DbMcusXml:78 - Set database path to: /opt/st/stm32cubeide_1.16.1_2/plugins/com.st.stm32cube.common.mx_6.12.1.202409122256//db//mcu/
2024-10-24 10:02:27,011 [INFO] ApiDb:274 - Set plugin database path to: /opt/st/stm32cubeide_1.16.1_2/plugins/com.st.stm32cube.common.mx_6.12.1.202409122256//db//plugins/boardmanager/
2024-10-24 10:02:27,011 [INFO] ApiDb:261 - Set plugin images path to: /opt/st/stm32cubeide_1.16.1_2/plugins/com.st.stm32cube.common.mx_6.12.1.202409122256//db//plugins/mcufinder/images/
2024-10-24 10:02:27,011 [WARN] DbFile:41 - Overriding database path with different value: /home/marcos/.stmcufinder/plugins/mcufinder/ => /home/marcos/.stmcufinder/plugins/mcufinder
2024-10-24 10:02:27,011 [INFO] ApiDb:250 - Set database path to: /home/marcos/.stmcufinder/plugins/mcufinder//mcu/
2024-10-24 10:02:27,011 [WARN] DbFile:41 - Overriding database path with different value: /home/marcos/.stmcufinder/plugins/mcufinder/ => /home/marcos/.stmcufinder/plugins/mcufinder
2024-10-24 10:02:27,011 [INFO] DbMcusAds:125 - Set database path to: /home/marcos/.stmcufinder/plugins/mcufinder//mcu/
2024-10-24 10:02:27,011 [WARN] DbFile:41 - Overriding database path with different value: /home/marcos/.stmcufinder/plugins/mcufinder/ => /home/marcos/.stmcufinder/plugins/mcufinder
2024-10-24 10:02:27,011 [WARN] DbFile:41 - Overriding database path with different value: /home/marcos/.stmcufinder/plugins/mcufinder/ => /home/marcos/.stmcufinder/plugins/mcufinder
2024-10-24 10:02:27,012 [INFO] CrossReferenceDbSqlite:203 - Set database path to: /home/marcos/.stmcufinder/plugins/mcufinder//mcu/cs/
2024-10-24 10:02:27,024 [INFO] ApplicationProperties:184 - Using Application install path: /opt/st/stm32cubeide_1.16.1_2/plugins/com.st.stm32cube.common.mx_6.12.1.202409122256
2024-10-24 10:02:27,025 [INFO] PluginManage:196 - Search for loadable plugins [exclusion list=, ]
2024-10-24 10:02:27,026 [INFO] PluginManage:310 - Check plugin analytics
2024-10-24 10:02:27,172 [INFO] AnalyticsPlugin:253 - Accepted Software Licenses: 
2024-10-24 10:02:27,172 [INFO] AnalyticsPlugin:255 - Accepted CMSIS Pack Licenses: 
2024-10-24 10:02:27,172 [INFO] AnalyticsPlugin:257 - Accepted Firmware Licenses: 
2024-10-24 10:02:27,175 [INFO] PluginManage:359 - Loaded plugin analytics (category:tool,tabindex:-1)
2024-10-24 10:02:27,175 [INFO] PluginManage:310 - Check plugin cadmodel
2024-10-24 10:02:27,179 [INFO] CADModel:105 - Init CAD model plugin
2024-10-24 10:02:27,180 [INFO] PluginManage:359 - Loaded plugin cadmodel (category:power,tabindex:5)
2024-10-24 10:02:27,180 [INFO] PluginManage:310 - Check plugin clock
2024-10-24 10:02:27,190 [INFO] PluginManage:359 - Loaded plugin clock (category:base,tabindex:2)
2024-10-24 10:02:27,190 [INFO] PluginManage:310 - Check plugin ddr
2024-10-24 10:02:27,193 [INFO] PluginManage:359 - Loaded plugin ddr (category:tool,tabindex:6)
2024-10-24 10:02:27,193 [INFO] PluginManage:310 - Check plugin filemanager
2024-10-24 10:02:27,328 [INFO] PluginManage:359 - Loaded plugin filemanager (category:base,tabindex:10)
2024-10-24 10:02:27,328 [INFO] PluginManage:310 - Check plugin ipmanager
2024-10-24 10:02:27,332 [INFO] PluginManage:359 - Loaded plugin ipmanager (category:base,tabindex:5)
2024-10-24 10:02:27,332 [INFO] PluginManage:310 - Check plugin lpbam
2024-10-24 10:02:27,341 [INFO] PluginManage:359 - Loaded plugin lpbam (category:base,tabindex:0)
2024-10-24 10:02:27,341 [INFO] PluginManage:310 - Check plugin memorymap
2024-10-24 10:02:27,350 [INFO] PluginManage:359 - Loaded plugin memorymap (category:base,tabindex:4)
2024-10-24 10:02:27,350 [INFO] PluginManage:310 - Check plugin pinoutandconfiguration
2024-10-24 10:02:27,357 [INFO] PluginManage:359 - Loaded plugin pinoutandconfiguration (category:base,tabindex:1)
2024-10-24 10:02:27,358 [INFO] PluginManage:310 - Check plugin pinoutconfig
2024-10-24 10:02:27,419 [WARN] SupportedApi:132 - Cannot load RTOS API schema: s4s-elt-must-match.1: The content of 'definitions' must match (annotation?, (simpleType | complexType)?, (unique | key | keyref)*)). A problem was found starting at: attribute.
2024-10-24 10:02:27,516 [INFO] PluginManage:359 - Loaded plugin pinoutconfig (category:base,tabindex:0)
2024-10-24 10:02:27,516 [INFO] PluginManage:310 - Check plugin power
2024-10-24 10:02:27,524 [INFO] PluginManage:359 - Loaded plugin power (category:power,tabindex:4)
2024-10-24 10:02:27,524 [INFO] PluginManage:310 - Check plugin projectmanager
2024-10-24 10:02:27,537 [INFO] PluginManage:359 - Loaded plugin projectmanager (category:projectmanager,tabindex:4)
2024-10-24 10:02:27,537 [INFO] PluginManage:310 - Check plugin rif
2024-10-24 10:02:27,542 [INFO] PluginManage:359 - Loaded plugin rif (category:base,tabindex:3)
2024-10-24 10:02:27,542 [INFO] PluginManage:310 - Check plugin thirdparty
2024-10-24 10:02:27,647 [INFO] PluginManage:359 - Loaded plugin thirdparty (category:base,tabindex:-1)
2024-10-24 10:02:27,647 [INFO] PluginManage:310 - Check plugin tools
2024-10-24 10:02:27,649 [INFO] PluginManage:359 - Loaded plugin tools (category:base,tabindex:7)
2024-10-24 10:02:27,649 [INFO] PluginManage:310 - Check plugin tutovideos
2024-10-24 10:02:27,648 [WARN] IntegrityCheckThread:84 - waiting for thirdparty lock release [integrity check]
2024-10-24 10:02:27,650 [INFO] IntegrityCheckThread:86 - entering critical section [integrity check]
2024-10-24 10:02:27,650 [INFO] ThirdPartyUpdaterWithRetryManager:70 - Updater plugin not ready yet. [1/15]
2024-10-24 10:02:27,787 [INFO] PluginManage:359 - Loaded plugin tutovideos (category:base,tabindex:-1)
2024-10-24 10:02:27,787 [INFO] PluginManage:310 - Check plugin updater
2024-10-24 10:02:27,802 [INFO] PluginManage:359 - Loaded plugin updater (category:base,tabindex:12)
2024-10-24 10:02:27,802 [INFO] PluginManage:310 - Check plugin userauth
2024-10-24 10:02:27,807 [INFO] UserAuth:113 - Init User Auth plugin
2024-10-24 10:02:27,807 [INFO] PluginManage:359 - Loaded plugin userauth (category:base,tabindex:14)
2024-10-24 10:02:27,807 [INFO] PluginManage:283 - PluginManage : Loaded plugins [18]
2024-10-24 10:02:27,957 [INFO] PinOutPanel:1561 - setPackage(No Configuration,No Configuration)
2024-10-24 10:02:28,020 [INFO] CADModel:165 - CPN selected for project level
2024-10-24 10:02:28,020 [INFO] CADModel:114 - Register for checkConnection events
2024-10-24 10:02:28,035 [INFO] IPUIPlugin:80 - create IPUIPlugin
2024-10-24 10:02:28,035 [INFO] PluginManager:220 - loadIPPluginJar : add pdm2pcm
2024-10-24 10:02:28,037 [INFO] IPUIPlugin:80 - create IPUIPlugin
2024-10-24 10:02:28,037 [INFO] PluginManager:220 - loadIPPluginJar : add ucpd
2024-10-24 10:02:28,039 [INFO] IPUIPlugin:80 - create IPUIPlugin
2024-10-24 10:02:28,039 [INFO] PluginManager:220 - loadIPPluginJar : add lorawan
2024-10-24 10:02:28,042 [INFO] IPUIPlugin:80 - create IPUIPlugin
2024-10-24 10:02:28,042 [INFO] PluginManager:220 - loadIPPluginJar : add sai
2024-10-24 10:02:28,044 [INFO] IPUIPlugin:80 - create IPUIPlugin
2024-10-24 10:02:28,045 [INFO] PluginManager:220 - loadIPPluginJar : add openamp
2024-10-24 10:02:28,048 [INFO] IPUIPlugin:80 - create IPUIPlugin
2024-10-24 10:02:28,048 [INFO] PluginManager:220 - loadIPPluginJar : add touchsensing
2024-10-24 10:02:28,051 [INFO] IPUIPlugin:80 - create IPUIPlugin
2024-10-24 10:02:28,051 [INFO] PluginManager:220 - loadIPPluginJar : add i3c
2024-10-24 10:02:28,053 [INFO] IPUIPlugin:80 - create IPUIPlugin
2024-10-24 10:02:28,054 [INFO] PluginManager:220 - loadIPPluginJar : add usbx
2024-10-24 10:02:28,055 [INFO] IPUIPlugin:80 - create IPUIPlugin
2024-10-24 10:02:28,056 [INFO] PluginManager:220 - loadIPPluginJar : add gfxmmu
2024-10-24 10:02:28,062 [INFO] IPUIPlugin:80 - create IPUIPlugin
2024-10-24 10:02:28,062 [INFO] PluginManager:220 - loadIPPluginJar : add adc
2024-10-24 10:02:28,064 [INFO] IPUIPlugin:80 - create IPUIPlugin
2024-10-24 10:02:28,065 [INFO] PluginManager:220 - loadIPPluginJar : add dfsdm
2024-10-24 10:02:28,066 [INFO] IPUIPlugin:80 - create IPUIPlugin
2024-10-24 10:02:28,066 [INFO] PluginManager:220 - loadIPPluginJar : add genericplugin
2024-10-24 10:02:28,068 [INFO] IPUIPlugin:80 - create IPUIPlugin
2024-10-24 10:02:28,068 [INFO] PluginManager:220 - loadIPPluginJar : add tim
2024-10-24 10:02:28,074 [INFO] IPUIPlugin:80 - create IPUIPlugin
2024-10-24 10:02:28,074 [INFO] PluginManager:220 - loadIPPluginJar : add dma
2024-10-24 10:02:28,076 [INFO] IPUIPlugin:80 - create IPUIPlugin
2024-10-24 10:02:28,076 [INFO] PluginManager:220 - loadIPPluginJar : add aes
2024-10-24 10:02:28,081 [INFO] IPUIPlugin:80 - create IPUIPlugin
2024-10-24 10:02:28,083 [INFO] PluginManager:220 - loadIPPluginJar : add plateformsettings
2024-10-24 10:02:28,085 [INFO] IPUIPlugin:80 - create IPUIPlugin
2024-10-24 10:02:28,085 [INFO] PluginManager:220 - loadIPPluginJar : add gtzc
2024-10-24 10:02:28,088 [INFO] IPUIPlugin:80 - create IPUIPlugin
2024-10-24 10:02:28,088 [INFO] PluginManager:220 - loadIPPluginJar : add stm32_wpan
2024-10-24 10:02:28,089 [INFO] IPUIPlugin:80 - create IPUIPlugin
2024-10-24 10:02:28,090 [INFO] PluginManager:220 - loadIPPluginJar : add hash
2024-10-24 10:02:28,095 [INFO] IPUIPlugin:80 - create IPUIPlugin
2024-10-24 10:02:28,095 [INFO] PluginManager:220 - loadIPPluginJar : add linkedlist
2024-10-24 10:02:28,098 [INFO] IPUIPlugin:80 - create IPUIPlugin
2024-10-24 10:02:28,098 [INFO] PluginManager:220 - loadIPPluginJar : add ipddr
2024-10-24 10:02:28,099 [INFO] IPUIPlugin:80 - create IPUIPlugin
2024-10-24 10:02:28,099 [INFO] PluginManager:220 - loadIPPluginJar : add spi
2024-10-24 10:02:28,102 [INFO] IPUIPlugin:80 - create IPUIPlugin
2024-10-24 10:02:28,103 [INFO] PluginManager:220 - loadIPPluginJar : add gpio
2024-10-24 10:02:28,103 [INFO] IPUIPlugin:80 - create IPUIPlugin
2024-10-24 10:02:28,104 [INFO] PluginManager:220 - loadIPPluginJar : add quadspi
2024-10-24 10:02:28,104 [INFO] IPUIPlugin:80 - create IPUIPlugin
2024-10-24 10:02:28,105 [INFO] PluginManager:220 - loadIPPluginJar : add ltdc
2024-10-24 10:02:28,106 [INFO] IPUIPlugin:80 - create IPUIPlugin
2024-10-24 10:02:28,106 [INFO] PluginManager:220 - loadIPPluginJar : add extmemmanager
2024-10-24 10:02:28,108 [INFO] IPUIPlugin:80 - create IPUIPlugin
2024-10-24 10:02:28,108 [INFO] PluginManager:220 - loadIPPluginJar : add usart
2024-10-24 10:02:28,112 [INFO] IPUIPlugin:80 - create IPUIPlugin
2024-10-24 10:02:28,112 [INFO] PluginManager:220 - loadIPPluginJar : add nvic
2024-10-24 10:02:28,114 [INFO] IPUIPlugin:80 - create IPUIPlugin
2024-10-24 10:02:28,114 [INFO] PluginManager:220 - loadIPPluginJar : add radio
2024-10-24 10:02:28,116 [INFO] IPUIPlugin:80 - create IPUIPlugin
2024-10-24 10:02:28,116 [INFO] PluginManager:220 - loadIPPluginJar : add opamp
2024-10-24 10:02:28,118 [INFO] IPUIPlugin:80 - create IPUIPlugin
2024-10-24 10:02:28,118 [INFO] PluginManager:220 - loadIPPluginJar : add cryp
2024-10-24 10:02:28,122 [INFO] IPUIPlugin:80 - create IPUIPlugin
2024-10-24 10:02:28,122 [INFO] PluginManager:220 - loadIPPluginJar : add gic
2024-10-24 10:02:28,125 [INFO] IPUIPlugin:80 - create IPUIPlugin
2024-10-24 10:02:28,125 [INFO] PluginManager:220 - loadIPPluginJar : add ddr_ctrl_phy
2024-10-24 10:02:28,127 [INFO] IPUIPlugin:80 - create IPUIPlugin
2024-10-24 10:02:28,127 [INFO] PluginManager:220 - loadIPPluginJar : add dma3
2024-10-24 10:02:28,132 [INFO] IPUIPlugin:80 - create IPUIPlugin
2024-10-24 10:02:28,132 [INFO] PluginManager:220 - loadIPPluginJar : add freertos
2024-10-24 10:02:28,133 [INFO] IPUIPlugin:80 - create IPUIPlugin
2024-10-24 10:02:28,133 [INFO] PluginManager:220 - loadIPPluginJar : add fatfs
2024-10-24 10:02:28,137 [INFO] IPUIPlugin:80 - create IPUIPlugin
2024-10-24 10:02:28,137 [INFO] PluginManager:220 - loadIPPluginJar : add resmgrutility
2024-10-24 10:02:28,139 [INFO] IPUIPlugin:80 - create IPUIPlugin
2024-10-24 10:02:28,139 [INFO] PluginManager:220 - loadIPPluginJar : add i2s
2024-10-24 10:02:28,140 [INFO] IPUIPlugin:80 - create IPUIPlugin
2024-10-24 10:02:28,140 [INFO] PluginManager:220 - loadIPPluginJar : add comp
2024-10-24 10:02:28,142 [INFO] IPUIPlugin:80 - create IPUIPlugin
2024-10-24 10:02:28,142 [INFO] PluginManager:220 - loadIPPluginJar : add ts
2024-10-24 10:02:28,144 [INFO] IPUIPlugin:80 - create IPUIPlugin
2024-10-24 10:02:28,144 [INFO] PluginManager:220 - loadIPPluginJar : add i2c
2024-10-24 10:02:28,147 [INFO] IPUIPlugin:80 - create IPUIPlugin
2024-10-24 10:02:28,147 [INFO] PluginManager:220 - loadIPPluginJar : add can
2024-10-24 10:02:28,148 [INFO] IPUIPlugin:80 - create IPUIPlugin
2024-10-24 10:02:28,148 [INFO] PluginManager:220 - loadIPPluginJar : add tsc
2024-10-24 10:02:28,152 [INFO] IPUIPlugin:80 - create IPUIPlugin
2024-10-24 10:02:28,152 [INFO] PluginManager:220 - loadIPPluginJar : add fmc
2024-10-24 10:02:28,157 [INFO] IPUIPlugin:80 - create IPUIPlugin
2024-10-24 10:02:28,158 [INFO] PluginManager:220 - loadIPPluginJar : add mdma
2024-10-24 10:02:28,159 [INFO] IPUIPlugin:80 - create IPUIPlugin
2024-10-24 10:02:28,159 [INFO] PluginManager:220 - loadIPPluginJar : add tracer_emb
2024-10-24 10:02:28,257 [INFO] CADModel:165 - CPN selected for project level
2024-10-24 10:02:28,257 [INFO] CADModel:114 - Register for checkConnection events
2024-10-24 10:02:28,257 [FATAL] Updater:334 - Updater called before beeing initialized
2024-10-24 10:02:28,257 [ERROR] CADModel:125 - Updater not yet initialized, retry later 
2024-10-24 10:02:28,377 [INFO] CADModel:165 - CPN selected for project level
2024-10-24 10:02:28,377 [INFO] CADModel:114 - Register for checkConnection events
2024-10-24 10:02:28,377 [FATAL] Updater:334 - Updater called before beeing initialized
2024-10-24 10:02:28,377 [ERROR] CADModel:125 - Updater not yet initialized, retry later 
2024-10-24 10:02:28,381 [FATAL] Updater:334 - Updater called before beeing initialized
2024-10-24 10:02:28,448 [FATAL] Updater:334 - Updater called before beeing initialized
2024-10-24 10:02:28,453 [INFO] DbMcusAds:53 - JSON generation date=Fri Sep 20 10:04:38 BRT 2024 (1726837478367)
2024-10-24 10:02:28,453 [FATAL] Updater:334 - Updater called before beeing initialized
2024-10-24 10:02:28,490 [WARN] DetailPanel:346 - Failed to get advertising image, set to default
2024-10-24 10:02:28,582 [FATAL] Updater:334 - Updater called before beeing initialized
2024-10-24 10:02:28,584 [FATAL] Updater:334 - Updater called before beeing initialized
2024-10-24 10:02:28,584 [FATAL] Updater:334 - Updater called before beeing initialized
2024-10-24 10:02:28,585 [WARN] DetailPanel:346 - Failed to get advertising image, set to default
2024-10-24 10:02:28,585 [FATAL] Updater:334 - Updater called before beeing initialized
2024-10-24 10:02:28,654 [ERROR] Updater:1164 - MainUpdater not yet initialized. External WinMGr cannot be set.
2024-10-24 10:02:28,657 [INFO] Updater:1100 - Updater Version found : 6.12.1
2024-10-24 10:02:28,694 [INFO] ApplicationProperties:184 - Using Application install path: /opt/st/stm32cubeide_1.16.1_2/plugins/com.st.stm32cube.common.mx_6.12.1.202409122256
2024-10-24 10:02:28,905 [INFO] MainUpdater:2873 - connection check result : 10
2024-10-24 10:02:28,906 [INFO] MainUpdater:290 - Updater Check For Update Now.
2024-10-24 10:02:28,906 [INFO] MicroXplorer:498 - Change Database Version : DB.6.0.121
2024-10-24 10:02:28,910 [INFO] McuFinderGlobals:63 - Set McuFinder mode to 2 (CubeIDE integrated)
2024-10-24 10:02:28,911 [INFO] UserAuth:179 - activating auth plugin
2024-10-24 10:02:28,913 [INFO] UserAuth:417 - Internet connection configuration mode: 1
2024-10-24 10:02:28,926 [INFO] JxBrowserEngine:152 - Initiate JxBrowser Engine with user profile folder
2024-10-24 10:02:29,078 [INFO] CheckServerUpdateThread:120 - End of CheckServer Thread
2024-10-24 10:02:30,105 [INFO] WebApp:167 - Instantiating new browser for Auth
2024-10-24 10:02:31,844 [WARN] PackLoader:240 - Cannot read IP mode file for STMicroelectronics.FP-SNS-MOTENVWB1.1.4.0
2024-10-24 10:02:31,882 [WARN] PackLoader:240 - Cannot read IP mode file for STMicroelectronics.X-CUBE-SMBUS.2.1.0
2024-10-24 10:02:31,952 [WARN] PackLoader:240 - Cannot read IP mode file for STMicroelectronics.X-CUBE-AZRTOS-F7.1.1.0
2024-10-24 10:02:31,965 [WARN] PackLoader:240 - Cannot read IP mode file for STMicroelectronics.FP-SNS-FLIGHT1.5.0.2
2024-10-24 10:02:32,001 [WARN] PackLoader:240 - Cannot read IP mode file for STMicroelectronics.X-CUBE-DISPLAY.3.0.0
2024-10-24 10:02:32,023 [WARN] PackLoader:240 - Cannot read IP mode file for STMicroelectronics.X-CUBE-BLE1.7.0.0
2024-10-24 10:02:32,056 [WARN] PackLoader:240 - Cannot read IP mode file for STMicroelectronics.X-CUBE-BLEMGR.3.1.0
2024-10-24 10:02:32,070 [WARN] PackLoader:240 - Cannot read IP mode file for STMicroelectronics.FP-SNS-SMARTAG2.1.2.0
2024-10-24 10:02:32,101 [INFO] LogOutputStream:77 - [STDOUT_REDIRECT] 1 : Invalid condition id : UX_CORESTACK_Condition cause : null
2024-10-24 10:02:32,101 [INFO] LogOutputStream:77 - [STDOUT_REDIRECT] 1 : Invalid condition id : UX_CORESTACK_Condition cause : null
2024-10-24 10:02:32,102 [INFO] LogOutputStream:77 - [STDOUT_REDIRECT] 1 : Invalid condition id : UX_CORESTACK_Condition cause : null
2024-10-24 10:02:32,102 [INFO] LogOutputStream:77 - [STDOUT_REDIRECT] 1 : Invalid condition id : UX_CORESTACK_Condition cause : null
2024-10-24 10:02:32,102 [INFO] LogOutputStream:77 - [STDOUT_REDIRECT] 1 : Invalid condition id : UX_CORESTACK_Condition cause : null
2024-10-24 10:02:32,104 [WARN] PackLoader:240 - Cannot read IP mode file for STMicroelectronics.X-CUBE-AZRTOS-WL.2.0.0
2024-10-24 10:02:32,114 [WARN] PackLoader:240 - Cannot read IP mode file for STMicroelectronics.FP-SNS-MOTENV1.5.0.0
2024-10-24 10:02:32,127 [WARN] PackLoader:240 - Cannot read IP mode file for wolfSSL.I-CUBE-wolfMQTT.1.19.0
2024-10-24 10:02:32,139 [WARN] PackLoader:240 - Cannot read IP mode file for STMicroelectronics.X-CUBE-BLE2.3.3.0
2024-10-24 10:02:32,162 [WARN] PackLoader:240 - Cannot read IP mode file for STMicroelectronics.X-CUBE-TCPP.4.1.0
2024-10-24 10:02:32,203 [WARN] PackLoader:240 - Cannot read IP mode file for STMicroelectronics.X-CUBE-AZRTOS-G0.1.1.0
2024-10-24 10:02:32,227 [WARN] PackLoader:240 - Cannot read IP mode file for STMicroelectronics.X-CUBE-SAFEA1.1.2.2
2024-10-24 10:02:32,264 [WARN] PackLoader:240 - Cannot read IP mode file for STMicroelectronics.X-CUBE-NFC4.3.0.0
2024-10-24 10:02:32,272 [WARN] PackLoader:240 - Cannot read IP mode file for STMicroelectronics.FP-ATR-SIGFOX1.3.2.0
2024-10-24 10:02:32,289 [WARN] PackLoader:240 - Cannot read IP mode file for STMicroelectronics.X-CUBE-EEPRMA1.5.1.0
2024-10-24 10:02:32,359 [WARN] PackLoader:240 - Cannot read IP mode file for SEGGER.I-CUBE-embOS.1.3.1
2024-10-24 10:02:32,395 [WARN] PackLoader:240 - Cannot read IP mode file for STMicroelectronics.X-CUBE-ALGOBUILD.1.4.0
2024-10-24 10:02:32,406 [WARN] PackLoader:240 - Cannot read IP mode file for STMicroelectronics.X-CUBE-AZRTOS-F4.1.1.0
2024-10-24 10:02:32,416 [WARN] PackLoader:240 - Cannot read IP mode file for STMicroelectronics.X-CUBE-FREERTOS.1.2.0
2024-10-24 10:02:32,429 [WARN] PackLoader:240 - Cannot read IP mode file for STMicroelectronics.X-CUBE-AZRTOS-L5.2.0.0
2024-10-24 10:02:32,437 [WARN] PackLoader:240 - Cannot read IP mode file for STMicroelectronics.X-CUBE-NFC6.3.1.0
2024-10-24 10:02:32,442 [WARN] PackLoader:240 - Cannot read IP mode file for STMicroelectronics.X-CUBE-NFC7.1.0.1
2024-10-24 10:02:32,457 [WARN] ConditionMgr:438 - getConditionDescription Invalid condition id : LAN8742 Phy interface Condition cause : null
2024-10-24 10:02:32,458 [WARN] PackLoader:240 - Cannot read IP mode file for STMicroelectronics.X-CUBE-AZRTOS-L4.2.0.0
2024-10-24 10:02:32,459 [WARN] ConditionMgr:1039 - genDependencies : Invalid condition id : LAN8742 Phy interface Condition cause : null
2024-10-24 10:02:32,460 [WARN] ConditionMgr:1039 - genDependencies : Invalid condition id : LAN8742 Phy interface Condition cause : null
2024-10-24 10:02:32,460 [WARN] ConditionMgr:1039 - genDependencies : Invalid condition id : LAN8742 Phy interface Condition cause : null
2024-10-24 10:02:32,466 [WARN] PackLoader:240 - Cannot read IP mode file for STMicroelectronics.X-CUBE-SFXS2LP1.4.0.0
2024-10-24 10:02:32,477 [WARN] ConditionMgr:438 - getConditionDescription Invalid condition id : UX DEVICE CLASS RTOS Condition cause : null
2024-10-24 10:02:32,477 [WARN] ConditionMgr:438 - getConditionDescription Invalid condition id : UX DEVICE CLASS RTOS Condition cause : null
2024-10-24 10:02:32,479 [WARN] PackLoader:240 - Cannot read IP mode file for STMicroelectronics.X-CUBE-AZRTOS-WB.2.0.0
2024-10-24 10:02:32,479 [WARN] ConditionMgr:1039 - genDependencies : Invalid condition id : UX DEVICE CLASS RTOS Condition cause : null
2024-10-24 10:02:32,479 [WARN] ConditionMgr:1039 - genDependencies : Invalid condition id : UX DEVICE CLASS RTOS Condition cause : null
2024-10-24 10:02:32,480 [WARN] ConditionMgr:1039 - genDependencies : Invalid condition id : UX DEVICE CLASS RTOS Condition cause : null
2024-10-24 10:02:32,480 [WARN] ConditionMgr:1039 - genDependencies : Invalid condition id : UX DEVICE CLASS RTOS Condition cause : null
2024-10-24 10:02:32,480 [WARN] ConditionMgr:1039 - genDependencies : Invalid condition id : UX DEVICE CLASS RTOS Condition cause : null
2024-10-24 10:02:32,488 [WARN] PackLoader:240 - Cannot read IP mode file for STMicroelectronics.X-CUBE-SUBG2.5.0.0
2024-10-24 10:02:32,505 [WARN] PackLoader:240 - Cannot read IP mode file for STMicroelectronics.X-CUBE-AZRTOS-G4.2.0.0
2024-10-24 10:02:32,520 [WARN] PackLoader:240 - Cannot read IP mode file for STMicroelectronics.X-CUBE-ALS.1.0.2
2024-10-24 10:02:32,524 [WARN] PackLoader:240 - Cannot read IP mode file for portGmbH.I-Cube-SoM-uGOAL.1.1.0
2024-10-24 10:02:32,541 [WARN] PackLoader:240 - Cannot read IP mode file for STMicroelectronics.X-CUBE-AZRTOS-H7RS.1.0.0
2024-10-24 10:02:32,547 [WARN] PackLoader:240 - Cannot read IP mode file for STMicroelectronics.FP-ATR-ASTRA1.2.0.0
2024-10-24 10:02:32,548 [INFO] ThirdParty:978 - Integrity check success = true
2024-10-24 10:02:32,548 [INFO] IntegrityCheckThread:100 - exiting critical section [integrity check]
2024-10-24 10:02:32,548 [INFO] IntegrityCheckThread:103 - End integrity checks thread
2024-10-24 10:02:32,675 [INFO] WebApp:448 - Apply proxy settings
2024-10-24 10:02:32,676 [INFO] WebApp:533 - Chromium requires no authentication
2024-10-24 10:02:32,708 [INFO] WebApp:476 - Direct internet connection detected
2024-10-24 10:02:32,732 [INFO] WebApp:869 - Register for checkConnection events
2024-10-24 10:02:32,732 [INFO] WebApp:448 - Apply proxy settings
2024-10-24 10:02:32,732 [INFO] WebApp:533 - Chromium requires no authentication
2024-10-24 10:02:32,733 [INFO] WebApp:476 - Direct internet connection detected
2024-10-24 10:02:32,986 [INFO] WebApp:220 - Starting web application
2024-10-24 10:02:32,987 [INFO] WebApp:578 - Web application path used /opt/st/stm32cubeide_1.16.1_2/plugins/com.st.stm32cube.common.mx_6.12.1.202409122256/db/plugins/mcufinder/reactClient1/index.html
2024-10-24 10:02:33,372 [INFO] WebApp:186 - Connection restablished
